<?xml version="1.0" encoding="UTF-8" ?>
<testsuite errors="0" failures="0" hostname="DESKTOP-KUA0C3Q" name="Pruebas.Test3" skipped="0" tests="1" time="0.394" timestamp="2020-02-11T07:34:23">
  <properties>
    <property name="file.reference.cql-java-1.13.jar" value="C:\eXist-db\lib\cql-java-1.13.jar" />
    <property name="libs.swing-layout.javadoc" value="C:\Program Files\NetBeans 8.2\platform\docs\swing-layout-1.0.4-doc.zip" />
    <property name="os.name" value="Windows 10" />
    <property name="file.reference.stringtemplate-3.0.jar" value="C:\eXist-db\lib\stringtemplate-3.0.jar" />
    <property name="file.reference.metadata-extractor-2.11.0.jar" value="C:\eXist-db\lib\metadata-extractor-2.11.0.jar" />
    <property name="sun.os.patch.level" value="" />
    <property name="file.reference.jakarta.activation-api-1.2.1.jar" value="C:\eXist-db\lib\jakarta.activation-api-1.2.1.jar" />
    <property name="file.reference.exist-core-5.2.0.jar" value="C:\eXist-db\lib\exist-core-5.2.0.jar" />
    <property name="libs.absolutelayout.maven-pom" value="" />
    <property name="file.reference.jhighlight-1.0.3.jar" value="C:\eXist-db\lib\jhighlight-1.0.3.jar" />
    <property name="javac.processorpath" value="C:\eXist-db\lib\animal-sniffer-annotations-1.18.jar:C:\eXist-db\lib\FastInfoset-1.2.15.jar:C:\eXist-db\lib\HikariCP-java7-2.4.13.jar:C:\eXist-db\lib\Saxon-HE-9.9.1-6.jar:C:\eXist-db\lib\ant-1.10.7.jar:C:\eXist-db\lib\ant-launcher-1.10.7.jar:C:\eXist-db\lib\antlr-2.7.7.jar:C:\eXist-db\lib\antlr-3.0.jar:C:\eXist-db\lib\aopalliance-1.0.jar:C:\eXist-db\lib\apache-mime4j-core-0.8.3.jar:C:\eXist-db\lib\apache-mime4j-dom-0.8.3.jar:C:\eXist-db\lib\appassembler-booter-2.1.0.jar:C:\eXist-db\lib\appassembler-model-2.1.0.jar:C:\eXist-db\lib\asm-7.1.jar:C:\eXist-db\lib\asm-analysis-7.2.jar:C:\eXist-db\lib\asm-commons-7.2.jar:C:\eXist-db\lib\asm-tree-7.2.jar:C:\eXist-db\lib\aspectjrt-1.9.4.jar:C:\eXist-db\lib\avalon-framework-api-4.3.1.jar:C:\eXist-db\lib\avalon-framework-impl-4.3.1.jar:C:\eXist-db\lib\batik-anim-1.12.jar:C:\eXist-db\lib\batik-awt-util-1.12.jar:C:\eXist-db\lib\batik-bridge-1.12.jar:C:\eXist-db\lib\batik-constants-1.12.jar:C:\eXist-db\lib\batik-css-1.12.jar:C:\eXist-db\lib\batik-dom-1.12.jar:C:\eXist-db\lib\batik-ext-1.12.jar:C:\eXist-db\lib\batik-extension-1.12.jar:C:\eXist-db\lib\batik-gvt-1.12.jar:C:\eXist-db\lib\batik-i18n-1.12.jar:C:\eXist-db\lib\batik-parser-1.12.jar:C:\eXist-db\lib\batik-script-1.12.jar:C:\eXist-db\lib\batik-svg-dom-1.12.jar:C:\eXist-db\lib\batik-svggen-1.12.jar:C:\eXist-db\lib\batik-transcoder-1.12.jar:C:\eXist-db\lib\batik-util-1.12.jar:C:\eXist-db\lib\batik-xml-1.12.jar:C:\eXist-db\lib\bcmail-jdk15on-1.64.jar:C:\eXist-db\lib\bcpkix-jdk15on-1.64.jar:C:\eXist-db\lib\bcprov-jdk15on-1.64.jar:C:\eXist-db\lib\boilerpipe-1.1.0.jar:C:\eXist-db\lib\bzip2-0.9.1.jar:C:\eXist-db\lib\c3p0-0.9.5.4.jar:C:\eXist-db\lib\caffeine-2.8.1.jar:C:\eXist-db\lib\cdm-4.5.5.jar:C:\eXist-db\lib\cglib-3.3.0.jar:C:\eXist-db\lib\checker-qual-3.1.0.jar:C:\eXist-db\lib\clj-ds-0.0.4.jar:C:\eXist-db\lib\commons-beanutils-1.8.2.jar:C:\eXist-db\lib\commons-codec-1.14.jar:C:\eXist-db\lib\commons-collections-3.2.2.jar:C:\eXist-db\lib\commons-collections4-4.4.jar:C:\eXist-db\lib\commons-compress-1.18.jar:C:\eXist-db\lib\commons-configuration2-2.6.jar:C:\eXist-db\lib\commons-csv-1.7.jar:C:\eXist-db\lib\commons-daemon-1.2.2.jar:C:\eXist-db\lib\commons-exec-1.3.jar:C:\eXist-db\lib\commons-fileupload-1.4.jar:C:\eXist-db\lib\commons-io-2.6.jar:C:\eXist-db\lib\commons-lang3-3.9.jar:C:\eXist-db\lib\commons-logging-1.2.jar:C:\eXist-db\lib\commons-math3-3.6.1.jar:C:\eXist-db\lib\commons-pool-1.6.jar:C:\eXist-db\lib\commons-text-1.8.jar:C:\eXist-db\lib\concurrent-1.3.4.jar:C:\eXist-db\lib\cql-java-1.13.jar:C:\eXist-db\lib\curvesapi-1.06.jar:C:\eXist-db\lib\cxf-core-3.3.4.jar:C:\eXist-db\lib\cxf-rt-frontend-jaxrs-3.3.4.jar:C:\eXist-db\lib\cxf-rt-rs-client-3.3.4.jar:C:\eXist-db\lib\cxf-rt-security-3.3.4.jar:C:\eXist-db\lib\cxf-rt-transports-http-3.3.4.jar:C:\eXist-db\lib\dec-0.1.2.jar:C:\eXist-db\lib\ehcache-core-2.6.2.jar:C:\eXist-db\lib\error_prone_annotations-2.3.4.jar:C:\eXist-db\lib\exificient-0.9.3.jar:C:\eXist-db\lib\exist-ant-5.2.0.jar:C:\eXist-db\lib\exist-cache-5.2.0.jar:C:\eXist-db\lib\exist-compression-5.2.0.jar:C:\eXist-db\lib\exist-contentextraction-5.2.0.jar:C:\eXist-db\lib\exist-core-5.2.0.jar:C:\eXist-db\lib\exist-counter-5.2.0.jar:C:\eXist-db\lib\exist-cqlparser-5.2.0.jar:C:\eXist-db\lib\exist-exiftool-5.2.0.jar:C:\eXist-db\lib\exist-expath-5.2.0.jar:C:\eXist-db\lib\exist-expathrepo-5.2.0.jar:C:\eXist-db\lib\exist-exquery-request-module-5.2.0.jar:C:\eXist-db\lib\exist-file-5.2.0.jar:C:\eXist-db\lib\exist-image-5.2.0.jar:C:\eXist-db\lib\exist-index-lucene-5.2.0.jar:C:\eXist-db\lib\exist-index-ngram-5.2.0.jar:C:\eXist-db\lib\exist-index-range-5.2.0.jar:C:\eXist-db\lib\exist-index-sort-5.2.0.jar:C:\eXist-db\lib\exist-index-spatial-5.2.0.jar:C:\eXist-db\lib\exist-jndi-5.2.0.jar:C:\eXist-db\lib\exist-mail-5.2.0.jar:C:\eXist-db\lib\exist-persistentlogin-5.2.0.jar:C:\eXist-db\lib\exist-process-5.2.0.jar:C:\eXist-db\lib\exist-restxq-5.2.0.jar:C:\eXist-db\lib\exist-scheduler-5.2.0.jar:C:\eXist-db\lib\exist-security-activedirectory-5.2.0.jar:C:\eXist-db\lib\exist-security-iprange-5.2.0.jar:C:\eXist-db\lib\exist-security-ldap-5.2.0.jar:C:\eXist-db\lib\exist-service-5.2.0.jar:C:\eXist-db\lib\exist-simpleql-5.2.0.jar:C:\eXist-db\lib\exist-sql-5.2.0.jar:C:\eXist-db\lib\exist-start-5.2.0.jar:C:\eXist-db\lib\exist-webdav-5.2.0.jar:C:\eXist-db\lib\exist-xmldiff-5.2.0.jar:C:\eXist-db\lib\exist-xqdoc-5.2.0.jar:C:\eXist-db\lib\exist-xslfo-5.2.0.jar:C:\eXist-db\lib\exquery-annotations-common-0.1.35.jar:C:\eXist-db\lib\exquery-annotations-common-api-0.1.35.jar:C:\eXist-db\lib\exquery-common-0.1.35.jar:C:\eXist-db\lib\exquery-restxq-0.1.35.jar:C:\eXist-db\lib\exquery-restxq-api-0.1.35.jar:C:\eXist-db\lib\exquery-serialization-annotations-0.1.35.jar:C:\eXist-db\lib\exquery-serialization-annotations-api-0.1.35.jar:C:\eXist-db\lib\exquery-xquery-0.1.35.jar:C:\eXist-db\lib\exquery-xquery3-0.1.35.jar:C:\eXist-db\lib\failureaccess-1.0.1.jar:C:\eXist-db\lib\fastutil-8.3.0.jar:C:\eXist-db\lib\fontbox-2.0.17.jar:C:\eXist-db\lib\fop-2.4.jar:C:\eXist-db\lib\fop-core-2.4.jar:C:\eXist-db\lib\fop-events-2.4.jar:C:\eXist-db\lib\fop-util-2.4.jar:C:\eXist-db\lib\geoapi-3.0.1.jar:C:\eXist-db\lib\geoapi-nogenerics-2.1.1.jar:C:\eXist-db\lib\grib-4.5.5.jar:C:\eXist-db\lib\gson-2.8.6.jar:C:\eXist-db\lib\gt2-api-2.4.5.jar:C:\eXist-db\lib\gt2-epsg-wkt-2.4.5.jar:C:\eXist-db\lib\gt2-main-2.4.5.jar:C:\eXist-db\lib\gt2-metadata-2.4.5.jar:C:\eXist-db\lib\gt2-referencing-2.4.5.jar:C:\eXist-db\lib\guava-28.1-jre.jar:C:\eXist-db\lib\hamcrest-2.2.jar:C:\eXist-db\lib\hamcrest-core-1.3.jar:C:\eXist-db\lib\hsqldb-2.5.0.jar:C:\eXist-db\lib\http-client-java-1.2.2.jar:C:\eXist-db\lib\httpclient-4.5.11.jar:C:\eXist-db\lib\httpcore-4.4.13.jar:C:\eXist-db\lib\httpmime-4.5.11.jar:C:\eXist-db\lib\httpservices-4.5.5.jar:C:\eXist-db\lib\icu4j-59.1.jar:C:\eXist-db\lib\isoparser-1.1.22.jar:C:\eXist-db\lib\isorelax-20030108.jar:C:\eXist-db\lib\istack-commons-runtime-3.0.7.jar:C:\eXist-db\lib\izpack-uninstaller.jar:C:\eXist-db\lib\j2objc-annotations-1.3.jar:C:\eXist-db\lib\j8fu-1.23.0.jar:C:\eXist-db\lib\jackcess-3.0.1.jar:C:\eXist-db\lib\jackcess-encrypt-3.0.0.jar:C:\eXist-db\lib\jackson-annotations-2.10.1.jar:C:\eXist-db\lib\jackson-core-2.10.2.jar:C:\eXist-db\lib\jackson-databind-2.10.1.jar:C:\eXist-db\lib\jai-codec-1.1.3.jar:C:\eXist-db\lib\jai-core-1.1.3.jar:C:\eXist-db\lib\jai-imageio-core-1.4.0.jar:C:\eXist-db\lib\jai_core-1.1.3.jar:C:\eXist-db\lib\jakarta.activation-1.2.1.jar:C:\eXist-db\lib\jakarta.activation-api-1.2.1.jar:C:\eXist-db\lib\jakarta.mail-1.6.4.jar:C:\eXist-db\lib\jakarta.ws.rs-api-2.1.5.jar:C:\eXist-db\lib\jakarta.xml.bind-api-2.3.2.jar:C:\eXist-db\lib\jansi-1.18.jar:C:\eXist-db\lib\jargo-0.4.14.jar:C:\eXist-db\lib\java-cup-10k.jar:C:\eXist-db\lib\java-libpst-0.8.1.jar:C:\eXist-db\lib\java-uuid-generator-3.2.0.jar:C:\eXist-db\lib\javax-websocket-client-impl-9.4.26.v20200117.jar:C:\eXist-db\lib\javax-websocket-server-impl-9.4.26.v20200117.jar:C:\eXist-db\lib\javax.activation-api-1.2.0.jar:C:\eXist-db\lib\javax.annotation-api-1.3.jar:C:\eXist-db\lib\javax.servlet-api-3.1.0.jar:C:\eXist-db\lib\javax.websocket-api-1.0.jar:C:\eXist-db\lib\javax.websocket-client-api-1.0.jar:C:\eXist-db\lib\jaxb-api-2.3.1.jar:C:\eXist-db\lib\jaxb-runtime-2.3.1.jar:C:\eXist-db\lib\jbig2-imageio-3.0.2.jar:C:\eXist-db\lib\jcip-annotations-1.0.jar:C:\eXist-db\lib\jcl-over-slf4j-1.7.28.jar:C:\eXist-db\lib\jcommander-1.35.jar:C:\eXist-db\lib\jctools-core-3.0.0.jar:C:\eXist-db\lib\jdom-1.0.jar:C:\eXist-db\lib\jdom-1.1.jar:C:\eXist-db\lib\jdom2-2.0.6.jar:C:\eXist-db\lib\jempbox-1.8.16.jar:C:\eXist-db\lib\jetty-annotations-9.4.26.v20200117.jar:C:\eXist-db\lib\jetty-client-9.4.26.v20200117.jar:C:\eXist-db\lib\jetty-deploy-9.4.26.v20200117.jar:C:\eXist-db\lib\jetty-http-9.4.26.v20200117.jar:C:\eXist-db\lib\jetty-io-9.4.26.v20200117.jar:C:\eXist-db\lib\jetty-jaas-9.4.26.v20200117.jar:C:\eXist-db\lib\jetty-jmx-9.4.26.v20200117.jar:C:\eXist-db\lib\jetty-jndi-9.4.26.v20200117.jar:C:\eXist-db\lib\jetty-plus-9.4.26.v20200117.jar:C:\eXist-db\lib\jetty-security-9.4.26.v20200117.jar:C:\eXist-db\lib\jetty-server-9.4.26.v20200117.jar:C:\eXist-db\lib\jetty-servlet-9.4.26.v20200117.jar:C:\eXist-db\lib\jetty-util-9.4.26.v20200117.jar:C:\eXist-db\lib\jetty-webapp-9.4.26.v20200117.jar:C:\eXist-db\lib\jetty-xml-9.4.26.v20200117.jar:C:\eXist-db\lib\jhighlight-1.0.3.jar:C:\eXist-db\lib\jing-20151127.jar:C:\eXist-db\lib\jline-3.13.3.jar:C:\eXist-db\lib\jmatio-1.5.jar:C:\eXist-db\lib\jna-5.5.0.jar:C:\eXist-db\lib\joda-time-2.2.jar:C:\eXist-db\lib\json-simple-1.1.1.jar:C:\eXist-db\lib\jsoup-1.12.1.jar:C:\eXist-db\lib\jsr108-0.01.jar:C:\eXist-db\lib\jsr305-3.0.2.jar:C:\eXist-db\lib\jts-1.8.jar:C:\eXist-db\lib\jul-to-slf4j-1.7.28.jar:C:\eXist-db\lib\junit-4.13.jar:C:\eXist-db\lib\juniversalchardet-1.0.3.jar:C:\eXist-db\lib\junrar-4.0.0.jar:C:\eXist-db\lib\listenablefuture-9999.0-empty-to-avoid-conflict-with-guava.jar:C:\eXist-db\lib\log4j-api-2.13.0.jar:C:\eXist-db\lib\log4j-core-2.13.0.jar:C:\eXist-db\lib\log4j-jcl-2.13.0.jar:C:\eXist-db\lib\log4j-jul-2.13.0.jar:C:\eXist-db\lib\log4j-slf4j-impl-2.13.0.jar:C:\eXist-db\lib\lucene-analyzers-common-4.10.4.jar:C:\eXist-db\lib\lucene-analyzers-icu-4.10.4.jar:C:\eXist-db\lib\lucene-core-4.10.4.jar:C:\eXist-db\lib\lucene-facet-4.10.4.jar:C:\eXist-db\lib\lucene-queries-4.10.4.jar:C:\eXist-db\lib\lucene-queryparser-4.10.4.jar:C:\eXist-db\lib\lucene-sandbox-4.10.4.jar:C:\eXist-db\lib\lz4-java-1.7.1.jar:C:\eXist-db\lib\mchange-commons-java-0.2.15.jar:C:\eXist-db\lib\metadata-extractor-2.11.0.jar:C:\eXist-db\lib\milton-api-1.8.1.3.jar:C:\eXist-db\lib\milton-servlet-1.8.1.3.jar:C:\eXist-db\lib\mime-util-2.1.3.jar:C:\eXist-db\lib\multilock-1.0.1.jar:C:\eXist-db\lib\nekohtml-1.9.22.jar:C:\eXist-db\lib\netcdf4-4.5.5.jar:C:\eXist-db\lib\openjson-1.0.11.jar:C:\eXist-db\lib\opennlp-tools-1.9.1.jar:C:\eXist-db\lib\parso-2.0.11.jar:C:\eXist-db\lib\pdfbox-2.0.17.jar:C:\eXist-db\lib\pdfbox-tools-2.0.17.jar:C:\eXist-db\lib\pkg-java-1.4.2.jar:C:\eXist-db\lib\plexus-utils-3.2.0.jar:C:\eXist-db\lib\poi-4.1.1.jar:C:\eXist-db\lib\poi-ooxml-4.1.1.jar:C:\eXist-db\lib\poi-ooxml-schemas-4.1.1.jar:C:\eXist-db\lib\poi-scratchpad-4.1.1.jar:C:\eXist-db\lib\protobuf-java-3.11.0.jar:C:\eXist-db\lib\qdox-1.12.jar:C:\eXist-db\lib\quartz-2.3.2.jar:C:\eXist-db\lib\rome-1.12.2.jar:C:\eXist-db\lib\rome-utils-1.12.2.jar:C:\eXist-db\lib\rsyntaxtextarea-3.0.8.jar:C:\eXist-db\lib\sentiment-analysis-parser-0.1.jar:C:\eXist-db\lib\serializer-2.7.2.jar:C:\eXist-db\lib\servlet-api-2.2.jar:C:\eXist-db\lib\sis-feature-1.0.jar:C:\eXist-db\lib\sis-metadata-1.0.jar:C:\eXist-db\lib\sis-netcdf-1.0.jar:C:\eXist-db\lib\sis-referencing-1.0.jar:C:\eXist-db\lib\sis-storage-1.0.jar:C:\eXist-db\lib\sis-utility-1.0.jar:C:\eXist-db\lib\slf4j-api-1.7.30.jar:C:\eXist-db\lib\spring-2.5.6.jar:C:\eXist-db\lib\spring-beans-2.5.6.jar:C:\eXist-db\lib\spring-context-2.5.6.jar:C:\eXist-db\lib\spring-context-support-2.5.6.jar:C:\eXist-db\lib\spring-core-2.5.6.jar:C:\eXist-db\lib\spring-web-2.5.6.jar:C:\eXist-db\lib\spring-webmvc-2.5.6.jar:C:\eXist-db\lib\stax-1.1.1-dev.jar:C:\eXist-db\lib\stax-api-1.0.1.jar:C:\eXist-db\lib\stax-ex-1.8.jar:C:\eXist-db\lib\stax-utils-20060502.jar:C:\eXist-db\lib\stax2-api-3.1.4.jar:C:\eXist-db\lib\stringtemplate-3.0.jar:C:\eXist-db\lib\tagsoup-1.2.1.jar:C:\eXist-db\lib\tika-core-1.23.jar:C:\eXist-db\lib\tika-parsers-1.23.jar:C:\eXist-db\lib\tools-java-0.3.0.jar:C:\eXist-db\lib\txw2-2.3.1.jar:C:\eXist-db\lib\udunits-4.5.5.jar:C:\eXist-db\lib\unit-api-1.0.jar:C:\eXist-db\lib\vecmath-1.3.1.jar:C:\eXist-db\lib\vorbis-java-core-0.8.jar:C:\eXist-db\lib\vorbis-java-tika-0.8.jar:C:\eXist-db\lib\websocket-api-9.4.26.v20200117.jar:C:\eXist-db\lib\websocket-client-9.4.26.v20200117.jar:C:\eXist-db\lib\websocket-common-9.4.26.v20200117.jar:C:\eXist-db\lib\websocket-server-9.4.26.v20200117.jar:C:\eXist-db\lib\websocket-servlet-9.4.26.v20200117.jar:C:\eXist-db\lib\woodstox-core-5.0.3.jar:C:\eXist-db\lib\ws-commons-util-1.0.2.jar:C:\eXist-db\lib\xalan-2.7.2.jar:C:\eXist-db\lib\xercesImpl-2.12.1-xml-schema-1.1.jar:C:\eXist-db\lib\xml-apis-1.4.01.jar:C:\eXist-db\lib\xml-apis-ext-1.3.04.jar:C:\eXist-db\lib\xml-resolver-1.2.jar:C:\eXist-db\lib\xmlbeans-3.1.0.jar:C:\eXist-db\lib\xmldb-api-1.7.0.jar:C:\eXist-db\lib\xmlgraphics-commons-2.4.jar:C:\eXist-db\lib\xmlrpc-client-3.1.3.jar:C:\eXist-db\lib\xmlrpc-common-3.1.3.jar:C:\eXist-db\lib\xmlrpc-server-3.1.3.jar:C:\eXist-db\lib\xmlschema-core-2.2.4.jar:C:\eXist-db\lib\xmlunit-core-2.6.3.jar:C:\eXist-db\lib\xmpcore-5.1.3.jar:C:\eXist-db\lib\xpath2-1.2.0.jar:C:\eXist-db\lib\xqdoc-conversion-1.6.jar:C:\eXist-db\lib\xqjapi-1.0-fr.jar:C:\eXist-db\lib\xz-1.8.jar:..\..\..\Desktop\lib\exist-xqj-1.0.1.jar:..\..\..\Desktop\lib\exist-xqj-examples.jar:..\..\..\Desktop\lib\xqj2-0.0.1.jar:..\..\..\Desktop\lib\xqjapi.jar" />
    <property name="libs.jsp-compilation.src" value="" />
    <property name="file.reference.exist-exiftool-5.2.0.jar" value="C:\eXist-db\lib\exist-exiftool-5.2.0.jar" />
    <property name="libs.jsf12.javadoc" value="" />
    <property name="libs.javaee-endorsed-api-6.0.classpath" value="C:\Users\Usuario\AppData\Roaming\NetBeans\8.2\modules\ext\javaee6-endorsed\javax.annotation.jar;C:\Users\Usuario\AppData\Roaming\NetBeans\8.2\modules\ext\javaee6-endorsed\jaxb-api-osgi.jar;C:\Users\Usuario\AppData\Roaming\NetBeans\8.2\modules\ext\javaee6-endorsed\webservices-api-osgi.jar" />
    <property name="file.reference.isoparser-1.1.22.jar" value="C:\eXist-db\lib\isoparser-1.1.22.jar" />
    <property name="file.reference.woodstox-core-5.0.3.jar" value="C:\eXist-db\lib\woodstox-core-5.0.3.jar" />
    <property name="build.dir" value="build" />
    <property name="default.javac.target" value="1.8" />
    <property name="nb.show.statistics.ui" value="usageStatisticsEnabled" />
    <property name="netbeans.autoupdate.version" value="1.23" />
    <property name="libs.absolutelayout.src" value="" />
    <property name="file.reference.exist-scheduler-5.2.0.jar" value="C:\eXist-db\lib\exist-scheduler-5.2.0.jar" />
    <property name="file.reference.concurrent-1.3.4.jar" value="C:\eXist-db\lib\concurrent-1.3.4.jar" />
    <property name="file.reference.jing-20151127.jar" value="C:\eXist-db\lib\jing-20151127.jar" />
    <property name="file.reference.batik-ext-1.12.jar" value="C:\eXist-db\lib\batik-ext-1.12.jar" />
    <property name="file.reference.xz-1.8.jar" value="C:\eXist-db\lib\xz-1.8.jar" />
    <property name="javadoc.windowtitle" value="" />
    <property name="file.reference.exist-index-sort-5.2.0.jar" value="C:\eXist-db\lib\exist-index-sort-5.2.0.jar" />
    <property name="file.reference.xml-resolver-1.2.jar" value="C:\eXist-db\lib\xml-resolver-1.2.jar" />
    <property name="file.reference.cxf-rt-transports-http-3.3.4.jar" value="C:\eXist-db\lib\cxf-rt-transports-http-3.3.4.jar" />
    <property name="file.reference.exist-file-5.2.0.jar" value="C:\eXist-db\lib\exist-file-5.2.0.jar" />
    <property name="file.reference.exquery-common-0.1.35.jar" value="C:\eXist-db\lib\exquery-common-0.1.35.jar" />
    <property name="libs.spring-webmvc3.0.maven-pom" value="" />
    <property name="sun.awt.enableExtraMouseButtons" value="true" />
    <property name="libs.groovy-all.maven-pom" value="" />
    <property name="file.reference.fop-events-2.4.jar" value="C:\eXist-db\lib\fop-events-2.4.jar" />
    <property name="libs.JAVADB_DRIVER_LABEL.src" value="" />
    <property name="libs.testng.javadoc" value="C:\Program Files\NetBeans 8.2\platform\docs\testng-6.8.1-javadoc.zip" />
    <property name="jar.compress" value="false" />
    <property name="file.reference.websocket-api-9.4.26.v20200117.jar" value="C:\eXist-db\lib\websocket-api-9.4.26.v20200117.jar" />
    <property name="ant.home" value="C:\Program Files\NetBeans 8.2\extide\ant" />
    <property name="file.reference.xqjapi.jar" value="..\..\..\Desktop\lib\xqjapi.jar" />
    <property name="file.reference.jempbox-1.8.16.jar" value="C:\eXist-db\lib\jempbox-1.8.16.jar" />
    <property name="file.reference.jetty-util-9.4.26.v20200117.jar" value="C:\eXist-db\lib\jetty-util-9.4.26.v20200117.jar" />
    <property name="libs.spring-webmvc4.0.maven-pom" value="" />
    <property name="libs.PostgreSQLDriver.maven-pom" value="" />
    <property name="ap.supported.internal" value="true" />
    <property name="file.reference.tika-parsers-1.23.jar" value="C:\eXist-db\lib\tika-parsers-1.23.jar" />
    <property name="libs.jsp-compilation-syscp.javadoc" value="" />
    <property name="file.reference.jetty-xml-9.4.26.v20200117.jar" value="C:\eXist-db\lib\jetty-xml-9.4.26.v20200117.jar" />
    <property name="sun.cpu.isalist" value="amd64" />
    <property name="file.reference.quartz-2.3.2.jar" value="C:\eXist-db\lib\quartz-2.3.2.jar" />
    <property name="javadoc.use" value="true" />
    <property name="libs.junit_4.src" value="C:\Program Files\NetBeans 8.2\platform\docs\junit-4.12-sources.jar" />
    <property name="java.failonerror" value="true" />
    <property name="file.reference.j8fu-1.23.0.jar" value="C:\eXist-db\lib\j8fu-1.23.0.jar" />
    <property name="file.reference.c3p0-0.9.5.4.jar" value="C:\eXist-db\lib\c3p0-0.9.5.4.jar" />
    <property name="do.archive+main.class.available" value="true" />
    <property name="file.reference.javax.servlet-api-3.1.0.jar" value="C:\eXist-db\lib\javax.servlet-api-3.1.0.jar" />
    <property name="libs.javac-api.maven-pom" value="" />
    <property name="file.reference.exist-process-5.2.0.jar" value="C:\eXist-db\lib\exist-process-5.2.0.jar" />
    <property name="glass.win.uiScale" value="100%" />
    <property name="file.reference.commons-collections4-4.4.jar" value="C:\eXist-db\lib\commons-collections4-4.4.jar" />
    <property name="file.reference.exist-xmldiff-5.2.0.jar" value="C:\eXist-db\lib\exist-xmldiff-5.2.0.jar" />
    <property name="file.reference.xqjapi-1.0-fr.jar" value="C:\eXist-db\lib\xqjapi-1.0-fr.jar" />
    <property name="jna.boot.library.name" value="jnidispatch-422" />
    <property name="libs.jsp-compilation.classpath" value="C:\Program Files\NetBeans 8.2\extide\ant\lib\ant.jar;C:\Users\Usuario\AppData\Roaming\NetBeans\8.2\modules\ext\servlet3.1-jsp2.3-api.jar;C:\Users\Usuario\AppData\Roaming\NetBeans\8.2\modules\ext\glassfish-jspparser-4.0.jar;C:\Users\Usuario\AppData\Roaming\NetBeans\8.2\modules\ext\jsf-2_2\javax.faces.jar;C:\Users\Usuario\AppData\Roaming\NetBeans\8.2\modules\ext\jstl-api.jar;C:\Program Files\NetBeans 8.2\extide\ant\lib\ant-launcher.jar" />
    <property name="file.reference.xmlunit-core-2.6.3.jar" value="C:\eXist-db\lib\xmlunit-core-2.6.3.jar" />
    <property name="file.reference.javax-websocket-client-impl-9.4.26.v20200117.jar" value="C:\eXist-db\lib\javax-websocket-client-impl-9.4.26.v20200117.jar" />
    <property name="org.openide.awt.ActionReference.completion" value="org.netbeans.modules.apisupport.project.layers.PathCompletions" />
    <property name="debug-args-line" value="-Xdebug" />
    <property name="file.reference.jdom2-2.0.6.jar" value="C:\eXist-db\lib\jdom2-2.0.6.jar" />
    <property name="file.reference.websocket-server-9.4.26.v20200117.jar" value="C:\eXist-db\lib\websocket-server-9.4.26.v20200117.jar" />
    <property name="sun.java2d.noddraw" value="true" />
    <property name="file.reference.exist-cache-5.2.0.jar" value="C:\eXist-db\lib\exist-cache-5.2.0.jar" />
    <property name="testng.mode" value="testng" />
    <property name="libs.struts.maven-pom" value="" />
    <property name="endorsed.classpath.cmd.line.arg" value="" />
    <property name="ap.processors.internal" value="" />
    <property name="libs.spring-framework300.maven-pom" value="" />
    <property name="libs.spring-framework300.src" value="" />
    <property name="file.reference.cxf-rt-frontend-jaxrs-3.3.4.jar" value="C:\eXist-db\lib\cxf-rt-frontend-jaxrs-3.3.4.jar" />
    <property name="file.reference.commons-beanutils-1.8.2.jar" value="C:\eXist-db\lib\commons-beanutils-1.8.2.jar" />
    <property name="jdk.launcher.addexports.5" value="java.management/sun.management=ALL-UNNAMED" />
    <property name="jdk.launcher.addexports.4" value="java.desktop/com.sun.java.swing.plaf.windows=ALL-UNNAMED" />
    <property name="file.reference.vorbis-java-tika-0.8.jar" value="C:\eXist-db\lib\vorbis-java-tika-0.8.jar" />
    <property name="jdk.launcher.addexports.3" value="java.desktop/sun.awt.im=ALL-UNNAMED" />
    <property name="libs.hibernate4-persistencemodelgen.src" value="" />
    <property name="jdk.launcher.addexports.2" value="java.desktop/java.awt.peer=ALL-UNNAMED" />
    <property name="jdk.launcher.addexports.1" value="java.base/jdk.internal.jrtfs=ALL-UNNAMED" />
    <property name="jdk.launcher.addexports.0" value="java.desktop/sun.awt=ALL-UNNAMED" />
    <property name="libs.javaee-api-5.0.classpath" value="C:\Users\Usuario\AppData\Roaming\NetBeans\8.2\modules\ext\javaee5.jar" />
    <property name="file.reference.jakarta.xml.bind-api-2.3.2.jar" value="C:\eXist-db\lib\jakarta.xml.bind-api-2.3.2.jar" />
    <property name="libs.spring-webmvc3.0.javadoc" value="" />
    <property name="debug.classpath" value="C:\eXist-db\lib\animal-sniffer-annotations-1.18.jar:C:\eXist-db\lib\FastInfoset-1.2.15.jar:C:\eXist-db\lib\HikariCP-java7-2.4.13.jar:C:\eXist-db\lib\Saxon-HE-9.9.1-6.jar:C:\eXist-db\lib\ant-1.10.7.jar:C:\eXist-db\lib\ant-launcher-1.10.7.jar:C:\eXist-db\lib\antlr-2.7.7.jar:C:\eXist-db\lib\antlr-3.0.jar:C:\eXist-db\lib\aopalliance-1.0.jar:C:\eXist-db\lib\apache-mime4j-core-0.8.3.jar:C:\eXist-db\lib\apache-mime4j-dom-0.8.3.jar:C:\eXist-db\lib\appassembler-booter-2.1.0.jar:C:\eXist-db\lib\appassembler-model-2.1.0.jar:C:\eXist-db\lib\asm-7.1.jar:C:\eXist-db\lib\asm-analysis-7.2.jar:C:\eXist-db\lib\asm-commons-7.2.jar:C:\eXist-db\lib\asm-tree-7.2.jar:C:\eXist-db\lib\aspectjrt-1.9.4.jar:C:\eXist-db\lib\avalon-framework-api-4.3.1.jar:C:\eXist-db\lib\avalon-framework-impl-4.3.1.jar:C:\eXist-db\lib\batik-anim-1.12.jar:C:\eXist-db\lib\batik-awt-util-1.12.jar:C:\eXist-db\lib\batik-bridge-1.12.jar:C:\eXist-db\lib\batik-constants-1.12.jar:C:\eXist-db\lib\batik-css-1.12.jar:C:\eXist-db\lib\batik-dom-1.12.jar:C:\eXist-db\lib\batik-ext-1.12.jar:C:\eXist-db\lib\batik-extension-1.12.jar:C:\eXist-db\lib\batik-gvt-1.12.jar:C:\eXist-db\lib\batik-i18n-1.12.jar:C:\eXist-db\lib\batik-parser-1.12.jar:C:\eXist-db\lib\batik-script-1.12.jar:C:\eXist-db\lib\batik-svg-dom-1.12.jar:C:\eXist-db\lib\batik-svggen-1.12.jar:C:\eXist-db\lib\batik-transcoder-1.12.jar:C:\eXist-db\lib\batik-util-1.12.jar:C:\eXist-db\lib\batik-xml-1.12.jar:C:\eXist-db\lib\bcmail-jdk15on-1.64.jar:C:\eXist-db\lib\bcpkix-jdk15on-1.64.jar:C:\eXist-db\lib\bcprov-jdk15on-1.64.jar:C:\eXist-db\lib\boilerpipe-1.1.0.jar:C:\eXist-db\lib\bzip2-0.9.1.jar:C:\eXist-db\lib\c3p0-0.9.5.4.jar:C:\eXist-db\lib\caffeine-2.8.1.jar:C:\eXist-db\lib\cdm-4.5.5.jar:C:\eXist-db\lib\cglib-3.3.0.jar:C:\eXist-db\lib\checker-qual-3.1.0.jar:C:\eXist-db\lib\clj-ds-0.0.4.jar:C:\eXist-db\lib\commons-beanutils-1.8.2.jar:C:\eXist-db\lib\commons-codec-1.14.jar:C:\eXist-db\lib\commons-collections-3.2.2.jar:C:\eXist-db\lib\commons-collections4-4.4.jar:C:\eXist-db\lib\commons-compress-1.18.jar:C:\eXist-db\lib\commons-configuration2-2.6.jar:C:\eXist-db\lib\commons-csv-1.7.jar:C:\eXist-db\lib\commons-daemon-1.2.2.jar:C:\eXist-db\lib\commons-exec-1.3.jar:C:\eXist-db\lib\commons-fileupload-1.4.jar:C:\eXist-db\lib\commons-io-2.6.jar:C:\eXist-db\lib\commons-lang3-3.9.jar:C:\eXist-db\lib\commons-logging-1.2.jar:C:\eXist-db\lib\commons-math3-3.6.1.jar:C:\eXist-db\lib\commons-pool-1.6.jar:C:\eXist-db\lib\commons-text-1.8.jar:C:\eXist-db\lib\concurrent-1.3.4.jar:C:\eXist-db\lib\cql-java-1.13.jar:C:\eXist-db\lib\curvesapi-1.06.jar:C:\eXist-db\lib\cxf-core-3.3.4.jar:C:\eXist-db\lib\cxf-rt-frontend-jaxrs-3.3.4.jar:C:\eXist-db\lib\cxf-rt-rs-client-3.3.4.jar:C:\eXist-db\lib\cxf-rt-security-3.3.4.jar:C:\eXist-db\lib\cxf-rt-transports-http-3.3.4.jar:C:\eXist-db\lib\dec-0.1.2.jar:C:\eXist-db\lib\ehcache-core-2.6.2.jar:C:\eXist-db\lib\error_prone_annotations-2.3.4.jar:C:\eXist-db\lib\exificient-0.9.3.jar:C:\eXist-db\lib\exist-ant-5.2.0.jar:C:\eXist-db\lib\exist-cache-5.2.0.jar:C:\eXist-db\lib\exist-compression-5.2.0.jar:C:\eXist-db\lib\exist-contentextraction-5.2.0.jar:C:\eXist-db\lib\exist-core-5.2.0.jar:C:\eXist-db\lib\exist-counter-5.2.0.jar:C:\eXist-db\lib\exist-cqlparser-5.2.0.jar:C:\eXist-db\lib\exist-exiftool-5.2.0.jar:C:\eXist-db\lib\exist-expath-5.2.0.jar:C:\eXist-db\lib\exist-expathrepo-5.2.0.jar:C:\eXist-db\lib\exist-exquery-request-module-5.2.0.jar:C:\eXist-db\lib\exist-file-5.2.0.jar:C:\eXist-db\lib\exist-image-5.2.0.jar:C:\eXist-db\lib\exist-index-lucene-5.2.0.jar:C:\eXist-db\lib\exist-index-ngram-5.2.0.jar:C:\eXist-db\lib\exist-index-range-5.2.0.jar:C:\eXist-db\lib\exist-index-sort-5.2.0.jar:C:\eXist-db\lib\exist-index-spatial-5.2.0.jar:C:\eXist-db\lib\exist-jndi-5.2.0.jar:C:\eXist-db\lib\exist-mail-5.2.0.jar:C:\eXist-db\lib\exist-persistentlogin-5.2.0.jar:C:\eXist-db\lib\exist-process-5.2.0.jar:C:\eXist-db\lib\exist-restxq-5.2.0.jar:C:\eXist-db\lib\exist-scheduler-5.2.0.jar:C:\eXist-db\lib\exist-security-activedirectory-5.2.0.jar:C:\eXist-db\lib\exist-security-iprange-5.2.0.jar:C:\eXist-db\lib\exist-security-ldap-5.2.0.jar:C:\eXist-db\lib\exist-service-5.2.0.jar:C:\eXist-db\lib\exist-simpleql-5.2.0.jar:C:\eXist-db\lib\exist-sql-5.2.0.jar:C:\eXist-db\lib\exist-start-5.2.0.jar:C:\eXist-db\lib\exist-webdav-5.2.0.jar:C:\eXist-db\lib\exist-xmldiff-5.2.0.jar:C:\eXist-db\lib\exist-xqdoc-5.2.0.jar:C:\eXist-db\lib\exist-xslfo-5.2.0.jar:C:\eXist-db\lib\exquery-annotations-common-0.1.35.jar:C:\eXist-db\lib\exquery-annotations-common-api-0.1.35.jar:C:\eXist-db\lib\exquery-common-0.1.35.jar:C:\eXist-db\lib\exquery-restxq-0.1.35.jar:C:\eXist-db\lib\exquery-restxq-api-0.1.35.jar:C:\eXist-db\lib\exquery-serialization-annotations-0.1.35.jar:C:\eXist-db\lib\exquery-serialization-annotations-api-0.1.35.jar:C:\eXist-db\lib\exquery-xquery-0.1.35.jar:C:\eXist-db\lib\exquery-xquery3-0.1.35.jar:C:\eXist-db\lib\failureaccess-1.0.1.jar:C:\eXist-db\lib\fastutil-8.3.0.jar:C:\eXist-db\lib\fontbox-2.0.17.jar:C:\eXist-db\lib\fop-2.4.jar:C:\eXist-db\lib\fop-core-2.4.jar:C:\eXist-db\lib\fop-events-2.4.jar:C:\eXist-db\lib\fop-util-2.4.jar:C:\eXist-db\lib\geoapi-3.0.1.jar:C:\eXist-db\lib\geoapi-nogenerics-2.1.1.jar:C:\eXist-db\lib\grib-4.5.5.jar:C:\eXist-db\lib\gson-2.8.6.jar:C:\eXist-db\lib\gt2-api-2.4.5.jar:C:\eXist-db\lib\gt2-epsg-wkt-2.4.5.jar:C:\eXist-db\lib\gt2-main-2.4.5.jar:C:\eXist-db\lib\gt2-metadata-2.4.5.jar:C:\eXist-db\lib\gt2-referencing-2.4.5.jar:C:\eXist-db\lib\guava-28.1-jre.jar:C:\eXist-db\lib\hamcrest-2.2.jar:C:\eXist-db\lib\hamcrest-core-1.3.jar:C:\eXist-db\lib\hsqldb-2.5.0.jar:C:\eXist-db\lib\http-client-java-1.2.2.jar:C:\eXist-db\lib\httpclient-4.5.11.jar:C:\eXist-db\lib\httpcore-4.4.13.jar:C:\eXist-db\lib\httpmime-4.5.11.jar:C:\eXist-db\lib\httpservices-4.5.5.jar:C:\eXist-db\lib\icu4j-59.1.jar:C:\eXist-db\lib\isoparser-1.1.22.jar:C:\eXist-db\lib\isorelax-20030108.jar:C:\eXist-db\lib\istack-commons-runtime-3.0.7.jar:C:\eXist-db\lib\izpack-uninstaller.jar:C:\eXist-db\lib\j2objc-annotations-1.3.jar:C:\eXist-db\lib\j8fu-1.23.0.jar:C:\eXist-db\lib\jackcess-3.0.1.jar:C:\eXist-db\lib\jackcess-encrypt-3.0.0.jar:C:\eXist-db\lib\jackson-annotations-2.10.1.jar:C:\eXist-db\lib\jackson-core-2.10.2.jar:C:\eXist-db\lib\jackson-databind-2.10.1.jar:C:\eXist-db\lib\jai-codec-1.1.3.jar:C:\eXist-db\lib\jai-core-1.1.3.jar:C:\eXist-db\lib\jai-imageio-core-1.4.0.jar:C:\eXist-db\lib\jai_core-1.1.3.jar:C:\eXist-db\lib\jakarta.activation-1.2.1.jar:C:\eXist-db\lib\jakarta.activation-api-1.2.1.jar:C:\eXist-db\lib\jakarta.mail-1.6.4.jar:C:\eXist-db\lib\jakarta.ws.rs-api-2.1.5.jar:C:\eXist-db\lib\jakarta.xml.bind-api-2.3.2.jar:C:\eXist-db\lib\jansi-1.18.jar:C:\eXist-db\lib\jargo-0.4.14.jar:C:\eXist-db\lib\java-cup-10k.jar:C:\eXist-db\lib\java-libpst-0.8.1.jar:C:\eXist-db\lib\java-uuid-generator-3.2.0.jar:C:\eXist-db\lib\javax-websocket-client-impl-9.4.26.v20200117.jar:C:\eXist-db\lib\javax-websocket-server-impl-9.4.26.v20200117.jar:C:\eXist-db\lib\javax.activation-api-1.2.0.jar:C:\eXist-db\lib\javax.annotation-api-1.3.jar:C:\eXist-db\lib\javax.servlet-api-3.1.0.jar:C:\eXist-db\lib\javax.websocket-api-1.0.jar:C:\eXist-db\lib\javax.websocket-client-api-1.0.jar:C:\eXist-db\lib\jaxb-api-2.3.1.jar:C:\eXist-db\lib\jaxb-runtime-2.3.1.jar:C:\eXist-db\lib\jbig2-imageio-3.0.2.jar:C:\eXist-db\lib\jcip-annotations-1.0.jar:C:\eXist-db\lib\jcl-over-slf4j-1.7.28.jar:C:\eXist-db\lib\jcommander-1.35.jar:C:\eXist-db\lib\jctools-core-3.0.0.jar:C:\eXist-db\lib\jdom-1.0.jar:C:\eXist-db\lib\jdom-1.1.jar:C:\eXist-db\lib\jdom2-2.0.6.jar:C:\eXist-db\lib\jempbox-1.8.16.jar:C:\eXist-db\lib\jetty-annotations-9.4.26.v20200117.jar:C:\eXist-db\lib\jetty-client-9.4.26.v20200117.jar:C:\eXist-db\lib\jetty-deploy-9.4.26.v20200117.jar:C:\eXist-db\lib\jetty-http-9.4.26.v20200117.jar:C:\eXist-db\lib\jetty-io-9.4.26.v20200117.jar:C:\eXist-db\lib\jetty-jaas-9.4.26.v20200117.jar:C:\eXist-db\lib\jetty-jmx-9.4.26.v20200117.jar:C:\eXist-db\lib\jetty-jndi-9.4.26.v20200117.jar:C:\eXist-db\lib\jetty-plus-9.4.26.v20200117.jar:C:\eXist-db\lib\jetty-security-9.4.26.v20200117.jar:C:\eXist-db\lib\jetty-server-9.4.26.v20200117.jar:C:\eXist-db\lib\jetty-servlet-9.4.26.v20200117.jar:C:\eXist-db\lib\jetty-util-9.4.26.v20200117.jar:C:\eXist-db\lib\jetty-webapp-9.4.26.v20200117.jar:C:\eXist-db\lib\jetty-xml-9.4.26.v20200117.jar:C:\eXist-db\lib\jhighlight-1.0.3.jar:C:\eXist-db\lib\jing-20151127.jar:C:\eXist-db\lib\jline-3.13.3.jar:C:\eXist-db\lib\jmatio-1.5.jar:C:\eXist-db\lib\jna-5.5.0.jar:C:\eXist-db\lib\joda-time-2.2.jar:C:\eXist-db\lib\json-simple-1.1.1.jar:C:\eXist-db\lib\jsoup-1.12.1.jar:C:\eXist-db\lib\jsr108-0.01.jar:C:\eXist-db\lib\jsr305-3.0.2.jar:C:\eXist-db\lib\jts-1.8.jar:C:\eXist-db\lib\jul-to-slf4j-1.7.28.jar:C:\eXist-db\lib\junit-4.13.jar:C:\eXist-db\lib\juniversalchardet-1.0.3.jar:C:\eXist-db\lib\junrar-4.0.0.jar:C:\eXist-db\lib\listenablefuture-9999.0-empty-to-avoid-conflict-with-guava.jar:C:\eXist-db\lib\log4j-api-2.13.0.jar:C:\eXist-db\lib\log4j-core-2.13.0.jar:C:\eXist-db\lib\log4j-jcl-2.13.0.jar:C:\eXist-db\lib\log4j-jul-2.13.0.jar:C:\eXist-db\lib\log4j-slf4j-impl-2.13.0.jar:C:\eXist-db\lib\lucene-analyzers-common-4.10.4.jar:C:\eXist-db\lib\lucene-analyzers-icu-4.10.4.jar:C:\eXist-db\lib\lucene-core-4.10.4.jar:C:\eXist-db\lib\lucene-facet-4.10.4.jar:C:\eXist-db\lib\lucene-queries-4.10.4.jar:C:\eXist-db\lib\lucene-queryparser-4.10.4.jar:C:\eXist-db\lib\lucene-sandbox-4.10.4.jar:C:\eXist-db\lib\lz4-java-1.7.1.jar:C:\eXist-db\lib\mchange-commons-java-0.2.15.jar:C:\eXist-db\lib\metadata-extractor-2.11.0.jar:C:\eXist-db\lib\milton-api-1.8.1.3.jar:C:\eXist-db\lib\milton-servlet-1.8.1.3.jar:C:\eXist-db\lib\mime-util-2.1.3.jar:C:\eXist-db\lib\multilock-1.0.1.jar:C:\eXist-db\lib\nekohtml-1.9.22.jar:C:\eXist-db\lib\netcdf4-4.5.5.jar:C:\eXist-db\lib\openjson-1.0.11.jar:C:\eXist-db\lib\opennlp-tools-1.9.1.jar:C:\eXist-db\lib\parso-2.0.11.jar:C:\eXist-db\lib\pdfbox-2.0.17.jar:C:\eXist-db\lib\pdfbox-tools-2.0.17.jar:C:\eXist-db\lib\pkg-java-1.4.2.jar:C:\eXist-db\lib\plexus-utils-3.2.0.jar:C:\eXist-db\lib\poi-4.1.1.jar:C:\eXist-db\lib\poi-ooxml-4.1.1.jar:C:\eXist-db\lib\poi-ooxml-schemas-4.1.1.jar:C:\eXist-db\lib\poi-scratchpad-4.1.1.jar:C:\eXist-db\lib\protobuf-java-3.11.0.jar:C:\eXist-db\lib\qdox-1.12.jar:C:\eXist-db\lib\quartz-2.3.2.jar:C:\eXist-db\lib\rome-1.12.2.jar:C:\eXist-db\lib\rome-utils-1.12.2.jar:C:\eXist-db\lib\rsyntaxtextarea-3.0.8.jar:C:\eXist-db\lib\sentiment-analysis-parser-0.1.jar:C:\eXist-db\lib\serializer-2.7.2.jar:C:\eXist-db\lib\servlet-api-2.2.jar:C:\eXist-db\lib\sis-feature-1.0.jar:C:\eXist-db\lib\sis-metadata-1.0.jar:C:\eXist-db\lib\sis-netcdf-1.0.jar:C:\eXist-db\lib\sis-referencing-1.0.jar:C:\eXist-db\lib\sis-storage-1.0.jar:C:\eXist-db\lib\sis-utility-1.0.jar:C:\eXist-db\lib\slf4j-api-1.7.30.jar:C:\eXist-db\lib\spring-2.5.6.jar:C:\eXist-db\lib\spring-beans-2.5.6.jar:C:\eXist-db\lib\spring-context-2.5.6.jar:C:\eXist-db\lib\spring-context-support-2.5.6.jar:C:\eXist-db\lib\spring-core-2.5.6.jar:C:\eXist-db\lib\spring-web-2.5.6.jar:C:\eXist-db\lib\spring-webmvc-2.5.6.jar:C:\eXist-db\lib\stax-1.1.1-dev.jar:C:\eXist-db\lib\stax-api-1.0.1.jar:C:\eXist-db\lib\stax-ex-1.8.jar:C:\eXist-db\lib\stax-utils-20060502.jar:C:\eXist-db\lib\stax2-api-3.1.4.jar:C:\eXist-db\lib\stringtemplate-3.0.jar:C:\eXist-db\lib\tagsoup-1.2.1.jar:C:\eXist-db\lib\tika-core-1.23.jar:C:\eXist-db\lib\tika-parsers-1.23.jar:C:\eXist-db\lib\tools-java-0.3.0.jar:C:\eXist-db\lib\txw2-2.3.1.jar:C:\eXist-db\lib\udunits-4.5.5.jar:C:\eXist-db\lib\unit-api-1.0.jar:C:\eXist-db\lib\vecmath-1.3.1.jar:C:\eXist-db\lib\vorbis-java-core-0.8.jar:C:\eXist-db\lib\vorbis-java-tika-0.8.jar:C:\eXist-db\lib\websocket-api-9.4.26.v20200117.jar:C:\eXist-db\lib\websocket-client-9.4.26.v20200117.jar:C:\eXist-db\lib\websocket-common-9.4.26.v20200117.jar:C:\eXist-db\lib\websocket-server-9.4.26.v20200117.jar:C:\eXist-db\lib\websocket-servlet-9.4.26.v20200117.jar:C:\eXist-db\lib\woodstox-core-5.0.3.jar:C:\eXist-db\lib\ws-commons-util-1.0.2.jar:C:\eXist-db\lib\xalan-2.7.2.jar:C:\eXist-db\lib\xercesImpl-2.12.1-xml-schema-1.1.jar:C:\eXist-db\lib\xml-apis-1.4.01.jar:C:\eXist-db\lib\xml-apis-ext-1.3.04.jar:C:\eXist-db\lib\xml-resolver-1.2.jar:C:\eXist-db\lib\xmlbeans-3.1.0.jar:C:\eXist-db\lib\xmldb-api-1.7.0.jar:C:\eXist-db\lib\xmlgraphics-commons-2.4.jar:C:\eXist-db\lib\xmlrpc-client-3.1.3.jar:C:\eXist-db\lib\xmlrpc-common-3.1.3.jar:C:\eXist-db\lib\xmlrpc-server-3.1.3.jar:C:\eXist-db\lib\xmlschema-core-2.2.4.jar:C:\eXist-db\lib\xmlunit-core-2.6.3.jar:C:\eXist-db\lib\xmpcore-5.1.3.jar:C:\eXist-db\lib\xpath2-1.2.0.jar:C:\eXist-db\lib\xqdoc-conversion-1.6.jar:C:\eXist-db\lib\xqjapi-1.0-fr.jar:C:\eXist-db\lib\xz-1.8.jar:..\..\..\Desktop\lib\exist-xqj-1.0.1.jar:..\..\..\Desktop\lib\exist-xqj-examples.jar:..\..\..\Desktop\lib\xqj2-0.0.1.jar:..\..\..\Desktop\lib\xqjapi.jar:build/classes" />
    <property name="user.home" value="C:\Users\Usuario" />
    <property name="test.src.dir" value="test" />
    <property name="libs.junit_4.javadoc" value="C:\Program Files\NetBeans 8.2\platform\docs\junit-4.12-javadoc.jar" />
    <property name="apple.awt.graphics.UseQuartz" value="true" />
    <property name="file.reference.stax-ex-1.8.jar" value="C:\eXist-db\lib\stax-ex-1.8.jar" />
    <property name="libs.jsf20.maven-pom" value="" />
    <property name="file.reference.spring-web-2.5.6.jar" value="C:\eXist-db\lib\spring-web-2.5.6.jar" />
    <property name="file.reference.batik-svg-dom-1.12.jar" value="C:\eXist-db\lib\batik-svg-dom-1.12.jar" />
    <property name="libs.MySQLDriver.maven-pom" value="" />
    <property name="libs.junit_4.classpath" value="C:\Program Files\NetBeans 8.2\platform\modules\ext\junit-4.12.jar" />
    <property name="file.reference.apache-mime4j-core-0.8.3.jar" value="C:\eXist-db\lib\apache-mime4j-core-0.8.3.jar" />
    <property name="file.reference.cdm-4.5.5.jar" value="C:\eXist-db\lib\cdm-4.5.5.jar" />
    <property name="libs.spring-framework400.maven-pom" value="" />
    <property name="libs.primefaces.classpath" value="C:\Users\Usuario\AppData\Roaming\NetBeans\8.2\modules\ext\primefaces\primefaces-5.0.jar" />
    <property name="file.reference.exist-ant-5.2.0.jar" value="C:\eXist-db\lib\exist-ant-5.2.0.jar" />
    <property name="file.reference.jackson-core-2.10.2.jar" value="C:\eXist-db\lib\jackson-core-2.10.2.jar" />
    <property name="libs.javaee-api-6.0.classpath" value="C:\Users\Usuario\AppData\Roaming\NetBeans\8.2\modules\ext\javaee-api-6.0.jar" />
    <property name="file.reference.batik-svggen-1.12.jar" value="C:\eXist-db\lib\batik-svggen-1.12.jar" />
    <property name="javac.source" value="1.8" />
    <property name="libs.jstl.classpath" value="C:\Users\Usuario\AppData\Roaming\NetBeans\8.2\modules\ext\jstl-impl.jar;C:\Users\Usuario\AppData\Roaming\NetBeans\8.2\modules\ext\jstl-api.jar" />
    <property name="file.reference.j2objc-annotations-1.3.jar" value="C:\eXist-db\lib\j2objc-annotations-1.3.jar" />
    <property name="file.reference.checker-qual-3.1.0.jar" value="C:\eXist-db\lib\checker-qual-3.1.0.jar" />
    <property name="file.reference.exist-index-lucene-5.2.0.jar" value="C:\eXist-db\lib\exist-index-lucene-5.2.0.jar" />
    <property name="file.reference.jsoup-1.12.1.jar" value="C:\eXist-db\lib\jsoup-1.12.1.jar" />
    <property name="libs.javaee-api-6.0.javadoc" value="" />
    <property name="file.reference.xmlgraphics-commons-2.4.jar" value="C:\eXist-db\lib\xmlgraphics-commons-2.4.jar" />
    <property name="file.reference.jdom-1.1.jar" value="C:\eXist-db\lib\jdom-1.1.jar" />
    <property name="libs.hibernate4-support.src" value="" />
    <property name="empty.dir" value="C:\Users\Usuario\Documents\NetBeansProjects\FutbolXMLNATIVA\build\empty" />
    <property name="libs.javaee-web-api-6.0.maven-pom" value="" />
    <property name="org.xml.sax.driver" value="com.sun.org.apache.xerces.internal.jaxp.SAXParserImpl$JAXPSAXParser" />
    <property name="libs.hibernate4-persistence.classpath" value="C:\Program Files\NetBeans 8.2\java\modules\ext\hibernate4\antlr-2.7.7.jar;C:\Program Files\NetBeans 8.2\java\modules\ext\hibernate4\c3p0-0.9.2.1.jar;C:\Program Files\NetBeans 8.2\java\modules\ext\hibernate4\hibernate-c3p0-4.3.1.Final.jar;C:\Program Files\NetBeans 8.2\java\modules\ext\hibernate4\mchange-commons-java-0.2.3.4.jar;C:\Program Files\NetBeans 8.2\java\modules\ext\hibernate4\dom4j-1.6.1.jar;C:\Program Files\NetBeans 8.2\java\modules\ext\hibernate4\ehcache-core-2.4.3.jar;C:\Program Files\NetBeans 8.2\java\modules\ext\hibernate4\hibernate-ehcache-4.3.1.Final.jar;C:\Program Files\NetBeans 8.2\java\modules\ext\hibernate4\hibernate-core-4.3.1.Final.jar;C:\Program Files\NetBeans 8.2\java\modules\ext\hibernate4\jboss-logging-3.1.3.GA.jar;C:\Program Files\NetBeans 8.2\java\modules\ext\hibernate4\hibernate-commons-annotations-4.0.4.Final.jar;C:\Program Files\NetBeans 8.2\java\modules\ext\hibernate4\hibernate-entitymanager-4.3.1.Final.jar;C:\Program Files\NetBeans 8.2\java\modules\ext\hibernate4\javassist-3.18.1-GA.jar;C:\Program Files\NetBeans 8.2\java\modules\ext\hibernate4\jboss-transaction-api_1.2_spec-1.0.0.Final.jar;C:\Program Files\NetBeans 8.2\java\modules\ext\hibernate4\slf4j-api-1.6.1.jar;C:\Program Files\NetBeans 8.2\java\modules\ext\hibernate4\slf4j-simple-1.6.1.jar;C:\Program Files\NetBeans 8.2\java\modules\ext\hibernate4\hibernate-jpa-2.1-api-1.0.0.Final.jar" />
    <property name="file.reference.unit-api-1.0.jar" value="C:\eXist-db\lib\unit-api-1.0.jar" />
    <property name="file.reference.xalan-2.7.2.jar" value="C:\eXist-db\lib\xalan-2.7.2.jar" />
    <property name="file.reference.exist-index-ngram-5.2.0.jar" value="C:\eXist-db\lib\exist-index-ngram-5.2.0.jar" />
    <property name="file.encoding" value="Cp1252" />
    <property name="javac.fork" value="true" />
    <property name="libs.primefaces.javadoc" value="" />
    <property name="libs.testng.classpath" value="C:\Program Files\NetBeans 8.2\platform\modules\ext\testng-6.8.1-dist.jar" />
    <property name="netbeans.home+have.tests" value="true" />
    <property name="file.reference.gson-2.8.6.jar" value="C:\eXist-db\lib\gson-2.8.6.jar" />
    <property name="file.reference.ant-1.10.7.jar" value="C:\eXist-db\lib\ant-1.10.7.jar" />
    <property name="file.reference.jetty-security-9.4.26.v20200117.jar" value="C:\eXist-db\lib\jetty-security-9.4.26.v20200117.jar" />
    <property name="file.reference.vorbis-java-core-0.8.jar" value="C:\eXist-db\lib\vorbis-java-core-0.8.jar" />
    <property name="java.vm.version" value="25.111-b14" />
    <property name="file.reference.pdfbox-2.0.17.jar" value="C:\eXist-db\lib\pdfbox-2.0.17.jar" />
    <property name="sun.io.unicode.encoding" value="UnicodeLittle" />
    <property name="libs.javac-api.classpath" value="C:\Program Files\NetBeans 8.2\java\modules\ext\nb-javac-api.jar" />
    <property name="netbeans.buildnumber" value="201609300101" />
    <property name="libs.jaxb.javadoc" value="C:\Program Files\NetBeans 8.2\ide\docs\jaxb-api-doc.zip" />
    <property name="file.reference.mime-util-2.1.3.jar" value="C:\eXist-db\lib\mime-util-2.1.3.jar" />
    <property name="file.reference.exquery-xquery-0.1.35.jar" value="C:\eXist-db\lib\exquery-xquery-0.1.35.jar" />
    <property name="file.reference.asm-7.1.jar" value="C:\eXist-db\lib\asm-7.1.jar" />
    <property name="nb.native.filechooser" value="false" />
    <property name="file.reference.poi-4.1.1.jar" value="C:\eXist-db\lib\poi-4.1.1.jar" />
    <property name="file.reference.fastutil-8.3.0.jar" value="C:\eXist-db\lib\fastutil-8.3.0.jar" />
    <property name="java.runtime.version" value="1.8.0_111-b14" />
    <property name="file.reference.dec-0.1.2.jar" value="C:\eXist-db\lib\dec-0.1.2.jar" />
    <property name="javac.classpath" value="C:\eXist-db\lib\animal-sniffer-annotations-1.18.jar:C:\eXist-db\lib\FastInfoset-1.2.15.jar:C:\eXist-db\lib\HikariCP-java7-2.4.13.jar:C:\eXist-db\lib\Saxon-HE-9.9.1-6.jar:C:\eXist-db\lib\ant-1.10.7.jar:C:\eXist-db\lib\ant-launcher-1.10.7.jar:C:\eXist-db\lib\antlr-2.7.7.jar:C:\eXist-db\lib\antlr-3.0.jar:C:\eXist-db\lib\aopalliance-1.0.jar:C:\eXist-db\lib\apache-mime4j-core-0.8.3.jar:C:\eXist-db\lib\apache-mime4j-dom-0.8.3.jar:C:\eXist-db\lib\appassembler-booter-2.1.0.jar:C:\eXist-db\lib\appassembler-model-2.1.0.jar:C:\eXist-db\lib\asm-7.1.jar:C:\eXist-db\lib\asm-analysis-7.2.jar:C:\eXist-db\lib\asm-commons-7.2.jar:C:\eXist-db\lib\asm-tree-7.2.jar:C:\eXist-db\lib\aspectjrt-1.9.4.jar:C:\eXist-db\lib\avalon-framework-api-4.3.1.jar:C:\eXist-db\lib\avalon-framework-impl-4.3.1.jar:C:\eXist-db\lib\batik-anim-1.12.jar:C:\eXist-db\lib\batik-awt-util-1.12.jar:C:\eXist-db\lib\batik-bridge-1.12.jar:C:\eXist-db\lib\batik-constants-1.12.jar:C:\eXist-db\lib\batik-css-1.12.jar:C:\eXist-db\lib\batik-dom-1.12.jar:C:\eXist-db\lib\batik-ext-1.12.jar:C:\eXist-db\lib\batik-extension-1.12.jar:C:\eXist-db\lib\batik-gvt-1.12.jar:C:\eXist-db\lib\batik-i18n-1.12.jar:C:\eXist-db\lib\batik-parser-1.12.jar:C:\eXist-db\lib\batik-script-1.12.jar:C:\eXist-db\lib\batik-svg-dom-1.12.jar:C:\eXist-db\lib\batik-svggen-1.12.jar:C:\eXist-db\lib\batik-transcoder-1.12.jar:C:\eXist-db\lib\batik-util-1.12.jar:C:\eXist-db\lib\batik-xml-1.12.jar:C:\eXist-db\lib\bcmail-jdk15on-1.64.jar:C:\eXist-db\lib\bcpkix-jdk15on-1.64.jar:C:\eXist-db\lib\bcprov-jdk15on-1.64.jar:C:\eXist-db\lib\boilerpipe-1.1.0.jar:C:\eXist-db\lib\bzip2-0.9.1.jar:C:\eXist-db\lib\c3p0-0.9.5.4.jar:C:\eXist-db\lib\caffeine-2.8.1.jar:C:\eXist-db\lib\cdm-4.5.5.jar:C:\eXist-db\lib\cglib-3.3.0.jar:C:\eXist-db\lib\checker-qual-3.1.0.jar:C:\eXist-db\lib\clj-ds-0.0.4.jar:C:\eXist-db\lib\commons-beanutils-1.8.2.jar:C:\eXist-db\lib\commons-codec-1.14.jar:C:\eXist-db\lib\commons-collections-3.2.2.jar:C:\eXist-db\lib\commons-collections4-4.4.jar:C:\eXist-db\lib\commons-compress-1.18.jar:C:\eXist-db\lib\commons-configuration2-2.6.jar:C:\eXist-db\lib\commons-csv-1.7.jar:C:\eXist-db\lib\commons-daemon-1.2.2.jar:C:\eXist-db\lib\commons-exec-1.3.jar:C:\eXist-db\lib\commons-fileupload-1.4.jar:C:\eXist-db\lib\commons-io-2.6.jar:C:\eXist-db\lib\commons-lang3-3.9.jar:C:\eXist-db\lib\commons-logging-1.2.jar:C:\eXist-db\lib\commons-math3-3.6.1.jar:C:\eXist-db\lib\commons-pool-1.6.jar:C:\eXist-db\lib\commons-text-1.8.jar:C:\eXist-db\lib\concurrent-1.3.4.jar:C:\eXist-db\lib\cql-java-1.13.jar:C:\eXist-db\lib\curvesapi-1.06.jar:C:\eXist-db\lib\cxf-core-3.3.4.jar:C:\eXist-db\lib\cxf-rt-frontend-jaxrs-3.3.4.jar:C:\eXist-db\lib\cxf-rt-rs-client-3.3.4.jar:C:\eXist-db\lib\cxf-rt-security-3.3.4.jar:C:\eXist-db\lib\cxf-rt-transports-http-3.3.4.jar:C:\eXist-db\lib\dec-0.1.2.jar:C:\eXist-db\lib\ehcache-core-2.6.2.jar:C:\eXist-db\lib\error_prone_annotations-2.3.4.jar:C:\eXist-db\lib\exificient-0.9.3.jar:C:\eXist-db\lib\exist-ant-5.2.0.jar:C:\eXist-db\lib\exist-cache-5.2.0.jar:C:\eXist-db\lib\exist-compression-5.2.0.jar:C:\eXist-db\lib\exist-contentextraction-5.2.0.jar:C:\eXist-db\lib\exist-core-5.2.0.jar:C:\eXist-db\lib\exist-counter-5.2.0.jar:C:\eXist-db\lib\exist-cqlparser-5.2.0.jar:C:\eXist-db\lib\exist-exiftool-5.2.0.jar:C:\eXist-db\lib\exist-expath-5.2.0.jar:C:\eXist-db\lib\exist-expathrepo-5.2.0.jar:C:\eXist-db\lib\exist-exquery-request-module-5.2.0.jar:C:\eXist-db\lib\exist-file-5.2.0.jar:C:\eXist-db\lib\exist-image-5.2.0.jar:C:\eXist-db\lib\exist-index-lucene-5.2.0.jar:C:\eXist-db\lib\exist-index-ngram-5.2.0.jar:C:\eXist-db\lib\exist-index-range-5.2.0.jar:C:\eXist-db\lib\exist-index-sort-5.2.0.jar:C:\eXist-db\lib\exist-index-spatial-5.2.0.jar:C:\eXist-db\lib\exist-jndi-5.2.0.jar:C:\eXist-db\lib\exist-mail-5.2.0.jar:C:\eXist-db\lib\exist-persistentlogin-5.2.0.jar:C:\eXist-db\lib\exist-process-5.2.0.jar:C:\eXist-db\lib\exist-restxq-5.2.0.jar:C:\eXist-db\lib\exist-scheduler-5.2.0.jar:C:\eXist-db\lib\exist-security-activedirectory-5.2.0.jar:C:\eXist-db\lib\exist-security-iprange-5.2.0.jar:C:\eXist-db\lib\exist-security-ldap-5.2.0.jar:C:\eXist-db\lib\exist-service-5.2.0.jar:C:\eXist-db\lib\exist-simpleql-5.2.0.jar:C:\eXist-db\lib\exist-sql-5.2.0.jar:C:\eXist-db\lib\exist-start-5.2.0.jar:C:\eXist-db\lib\exist-webdav-5.2.0.jar:C:\eXist-db\lib\exist-xmldiff-5.2.0.jar:C:\eXist-db\lib\exist-xqdoc-5.2.0.jar:C:\eXist-db\lib\exist-xslfo-5.2.0.jar:C:\eXist-db\lib\exquery-annotations-common-0.1.35.jar:C:\eXist-db\lib\exquery-annotations-common-api-0.1.35.jar:C:\eXist-db\lib\exquery-common-0.1.35.jar:C:\eXist-db\lib\exquery-restxq-0.1.35.jar:C:\eXist-db\lib\exquery-restxq-api-0.1.35.jar:C:\eXist-db\lib\exquery-serialization-annotations-0.1.35.jar:C:\eXist-db\lib\exquery-serialization-annotations-api-0.1.35.jar:C:\eXist-db\lib\exquery-xquery-0.1.35.jar:C:\eXist-db\lib\exquery-xquery3-0.1.35.jar:C:\eXist-db\lib\failureaccess-1.0.1.jar:C:\eXist-db\lib\fastutil-8.3.0.jar:C:\eXist-db\lib\fontbox-2.0.17.jar:C:\eXist-db\lib\fop-2.4.jar:C:\eXist-db\lib\fop-core-2.4.jar:C:\eXist-db\lib\fop-events-2.4.jar:C:\eXist-db\lib\fop-util-2.4.jar:C:\eXist-db\lib\geoapi-3.0.1.jar:C:\eXist-db\lib\geoapi-nogenerics-2.1.1.jar:C:\eXist-db\lib\grib-4.5.5.jar:C:\eXist-db\lib\gson-2.8.6.jar:C:\eXist-db\lib\gt2-api-2.4.5.jar:C:\eXist-db\lib\gt2-epsg-wkt-2.4.5.jar:C:\eXist-db\lib\gt2-main-2.4.5.jar:C:\eXist-db\lib\gt2-metadata-2.4.5.jar:C:\eXist-db\lib\gt2-referencing-2.4.5.jar:C:\eXist-db\lib\guava-28.1-jre.jar:C:\eXist-db\lib\hamcrest-2.2.jar:C:\eXist-db\lib\hamcrest-core-1.3.jar:C:\eXist-db\lib\hsqldb-2.5.0.jar:C:\eXist-db\lib\http-client-java-1.2.2.jar:C:\eXist-db\lib\httpclient-4.5.11.jar:C:\eXist-db\lib\httpcore-4.4.13.jar:C:\eXist-db\lib\httpmime-4.5.11.jar:C:\eXist-db\lib\httpservices-4.5.5.jar:C:\eXist-db\lib\icu4j-59.1.jar:C:\eXist-db\lib\isoparser-1.1.22.jar:C:\eXist-db\lib\isorelax-20030108.jar:C:\eXist-db\lib\istack-commons-runtime-3.0.7.jar:C:\eXist-db\lib\izpack-uninstaller.jar:C:\eXist-db\lib\j2objc-annotations-1.3.jar:C:\eXist-db\lib\j8fu-1.23.0.jar:C:\eXist-db\lib\jackcess-3.0.1.jar:C:\eXist-db\lib\jackcess-encrypt-3.0.0.jar:C:\eXist-db\lib\jackson-annotations-2.10.1.jar:C:\eXist-db\lib\jackson-core-2.10.2.jar:C:\eXist-db\lib\jackson-databind-2.10.1.jar:C:\eXist-db\lib\jai-codec-1.1.3.jar:C:\eXist-db\lib\jai-core-1.1.3.jar:C:\eXist-db\lib\jai-imageio-core-1.4.0.jar:C:\eXist-db\lib\jai_core-1.1.3.jar:C:\eXist-db\lib\jakarta.activation-1.2.1.jar:C:\eXist-db\lib\jakarta.activation-api-1.2.1.jar:C:\eXist-db\lib\jakarta.mail-1.6.4.jar:C:\eXist-db\lib\jakarta.ws.rs-api-2.1.5.jar:C:\eXist-db\lib\jakarta.xml.bind-api-2.3.2.jar:C:\eXist-db\lib\jansi-1.18.jar:C:\eXist-db\lib\jargo-0.4.14.jar:C:\eXist-db\lib\java-cup-10k.jar:C:\eXist-db\lib\java-libpst-0.8.1.jar:C:\eXist-db\lib\java-uuid-generator-3.2.0.jar:C:\eXist-db\lib\javax-websocket-client-impl-9.4.26.v20200117.jar:C:\eXist-db\lib\javax-websocket-server-impl-9.4.26.v20200117.jar:C:\eXist-db\lib\javax.activation-api-1.2.0.jar:C:\eXist-db\lib\javax.annotation-api-1.3.jar:C:\eXist-db\lib\javax.servlet-api-3.1.0.jar:C:\eXist-db\lib\javax.websocket-api-1.0.jar:C:\eXist-db\lib\javax.websocket-client-api-1.0.jar:C:\eXist-db\lib\jaxb-api-2.3.1.jar:C:\eXist-db\lib\jaxb-runtime-2.3.1.jar:C:\eXist-db\lib\jbig2-imageio-3.0.2.jar:C:\eXist-db\lib\jcip-annotations-1.0.jar:C:\eXist-db\lib\jcl-over-slf4j-1.7.28.jar:C:\eXist-db\lib\jcommander-1.35.jar:C:\eXist-db\lib\jctools-core-3.0.0.jar:C:\eXist-db\lib\jdom-1.0.jar:C:\eXist-db\lib\jdom-1.1.jar:C:\eXist-db\lib\jdom2-2.0.6.jar:C:\eXist-db\lib\jempbox-1.8.16.jar:C:\eXist-db\lib\jetty-annotations-9.4.26.v20200117.jar:C:\eXist-db\lib\jetty-client-9.4.26.v20200117.jar:C:\eXist-db\lib\jetty-deploy-9.4.26.v20200117.jar:C:\eXist-db\lib\jetty-http-9.4.26.v20200117.jar:C:\eXist-db\lib\jetty-io-9.4.26.v20200117.jar:C:\eXist-db\lib\jetty-jaas-9.4.26.v20200117.jar:C:\eXist-db\lib\jetty-jmx-9.4.26.v20200117.jar:C:\eXist-db\lib\jetty-jndi-9.4.26.v20200117.jar:C:\eXist-db\lib\jetty-plus-9.4.26.v20200117.jar:C:\eXist-db\lib\jetty-security-9.4.26.v20200117.jar:C:\eXist-db\lib\jetty-server-9.4.26.v20200117.jar:C:\eXist-db\lib\jetty-servlet-9.4.26.v20200117.jar:C:\eXist-db\lib\jetty-util-9.4.26.v20200117.jar:C:\eXist-db\lib\jetty-webapp-9.4.26.v20200117.jar:C:\eXist-db\lib\jetty-xml-9.4.26.v20200117.jar:C:\eXist-db\lib\jhighlight-1.0.3.jar:C:\eXist-db\lib\jing-20151127.jar:C:\eXist-db\lib\jline-3.13.3.jar:C:\eXist-db\lib\jmatio-1.5.jar:C:\eXist-db\lib\jna-5.5.0.jar:C:\eXist-db\lib\joda-time-2.2.jar:C:\eXist-db\lib\json-simple-1.1.1.jar:C:\eXist-db\lib\jsoup-1.12.1.jar:C:\eXist-db\lib\jsr108-0.01.jar:C:\eXist-db\lib\jsr305-3.0.2.jar:C:\eXist-db\lib\jts-1.8.jar:C:\eXist-db\lib\jul-to-slf4j-1.7.28.jar:C:\eXist-db\lib\junit-4.13.jar:C:\eXist-db\lib\juniversalchardet-1.0.3.jar:C:\eXist-db\lib\junrar-4.0.0.jar:C:\eXist-db\lib\listenablefuture-9999.0-empty-to-avoid-conflict-with-guava.jar:C:\eXist-db\lib\log4j-api-2.13.0.jar:C:\eXist-db\lib\log4j-core-2.13.0.jar:C:\eXist-db\lib\log4j-jcl-2.13.0.jar:C:\eXist-db\lib\log4j-jul-2.13.0.jar:C:\eXist-db\lib\log4j-slf4j-impl-2.13.0.jar:C:\eXist-db\lib\lucene-analyzers-common-4.10.4.jar:C:\eXist-db\lib\lucene-analyzers-icu-4.10.4.jar:C:\eXist-db\lib\lucene-core-4.10.4.jar:C:\eXist-db\lib\lucene-facet-4.10.4.jar:C:\eXist-db\lib\lucene-queries-4.10.4.jar:C:\eXist-db\lib\lucene-queryparser-4.10.4.jar:C:\eXist-db\lib\lucene-sandbox-4.10.4.jar:C:\eXist-db\lib\lz4-java-1.7.1.jar:C:\eXist-db\lib\mchange-commons-java-0.2.15.jar:C:\eXist-db\lib\metadata-extractor-2.11.0.jar:C:\eXist-db\lib\milton-api-1.8.1.3.jar:C:\eXist-db\lib\milton-servlet-1.8.1.3.jar:C:\eXist-db\lib\mime-util-2.1.3.jar:C:\eXist-db\lib\multilock-1.0.1.jar:C:\eXist-db\lib\nekohtml-1.9.22.jar:C:\eXist-db\lib\netcdf4-4.5.5.jar:C:\eXist-db\lib\openjson-1.0.11.jar:C:\eXist-db\lib\opennlp-tools-1.9.1.jar:C:\eXist-db\lib\parso-2.0.11.jar:C:\eXist-db\lib\pdfbox-2.0.17.jar:C:\eXist-db\lib\pdfbox-tools-2.0.17.jar:C:\eXist-db\lib\pkg-java-1.4.2.jar:C:\eXist-db\lib\plexus-utils-3.2.0.jar:C:\eXist-db\lib\poi-4.1.1.jar:C:\eXist-db\lib\poi-ooxml-4.1.1.jar:C:\eXist-db\lib\poi-ooxml-schemas-4.1.1.jar:C:\eXist-db\lib\poi-scratchpad-4.1.1.jar:C:\eXist-db\lib\protobuf-java-3.11.0.jar:C:\eXist-db\lib\qdox-1.12.jar:C:\eXist-db\lib\quartz-2.3.2.jar:C:\eXist-db\lib\rome-1.12.2.jar:C:\eXist-db\lib\rome-utils-1.12.2.jar:C:\eXist-db\lib\rsyntaxtextarea-3.0.8.jar:C:\eXist-db\lib\sentiment-analysis-parser-0.1.jar:C:\eXist-db\lib\serializer-2.7.2.jar:C:\eXist-db\lib\servlet-api-2.2.jar:C:\eXist-db\lib\sis-feature-1.0.jar:C:\eXist-db\lib\sis-metadata-1.0.jar:C:\eXist-db\lib\sis-netcdf-1.0.jar:C:\eXist-db\lib\sis-referencing-1.0.jar:C:\eXist-db\lib\sis-storage-1.0.jar:C:\eXist-db\lib\sis-utility-1.0.jar:C:\eXist-db\lib\slf4j-api-1.7.30.jar:C:\eXist-db\lib\spring-2.5.6.jar:C:\eXist-db\lib\spring-beans-2.5.6.jar:C:\eXist-db\lib\spring-context-2.5.6.jar:C:\eXist-db\lib\spring-context-support-2.5.6.jar:C:\eXist-db\lib\spring-core-2.5.6.jar:C:\eXist-db\lib\spring-web-2.5.6.jar:C:\eXist-db\lib\spring-webmvc-2.5.6.jar:C:\eXist-db\lib\stax-1.1.1-dev.jar:C:\eXist-db\lib\stax-api-1.0.1.jar:C:\eXist-db\lib\stax-ex-1.8.jar:C:\eXist-db\lib\stax-utils-20060502.jar:C:\eXist-db\lib\stax2-api-3.1.4.jar:C:\eXist-db\lib\stringtemplate-3.0.jar:C:\eXist-db\lib\tagsoup-1.2.1.jar:C:\eXist-db\lib\tika-core-1.23.jar:C:\eXist-db\lib\tika-parsers-1.23.jar:C:\eXist-db\lib\tools-java-0.3.0.jar:C:\eXist-db\lib\txw2-2.3.1.jar:C:\eXist-db\lib\udunits-4.5.5.jar:C:\eXist-db\lib\unit-api-1.0.jar:C:\eXist-db\lib\vecmath-1.3.1.jar:C:\eXist-db\lib\vorbis-java-core-0.8.jar:C:\eXist-db\lib\vorbis-java-tika-0.8.jar:C:\eXist-db\lib\websocket-api-9.4.26.v20200117.jar:C:\eXist-db\lib\websocket-client-9.4.26.v20200117.jar:C:\eXist-db\lib\websocket-common-9.4.26.v20200117.jar:C:\eXist-db\lib\websocket-server-9.4.26.v20200117.jar:C:\eXist-db\lib\websocket-servlet-9.4.26.v20200117.jar:C:\eXist-db\lib\woodstox-core-5.0.3.jar:C:\eXist-db\lib\ws-commons-util-1.0.2.jar:C:\eXist-db\lib\xalan-2.7.2.jar:C:\eXist-db\lib\xercesImpl-2.12.1-xml-schema-1.1.jar:C:\eXist-db\lib\xml-apis-1.4.01.jar:C:\eXist-db\lib\xml-apis-ext-1.3.04.jar:C:\eXist-db\lib\xml-resolver-1.2.jar:C:\eXist-db\lib\xmlbeans-3.1.0.jar:C:\eXist-db\lib\xmldb-api-1.7.0.jar:C:\eXist-db\lib\xmlgraphics-commons-2.4.jar:C:\eXist-db\lib\xmlrpc-client-3.1.3.jar:C:\eXist-db\lib\xmlrpc-common-3.1.3.jar:C:\eXist-db\lib\xmlrpc-server-3.1.3.jar:C:\eXist-db\lib\xmlschema-core-2.2.4.jar:C:\eXist-db\lib\xmlunit-core-2.6.3.jar:C:\eXist-db\lib\xmpcore-5.1.3.jar:C:\eXist-db\lib\xpath2-1.2.0.jar:C:\eXist-db\lib\xqdoc-conversion-1.6.jar:C:\eXist-db\lib\xqjapi-1.0-fr.jar:C:\eXist-db\lib\xz-1.8.jar:..\..\..\Desktop\lib\exist-xqj-1.0.1.jar:..\..\..\Desktop\lib\exist-xqj-examples.jar:..\..\..\Desktop\lib\xqj2-0.0.1.jar:..\..\..\Desktop\lib\xqjapi.jar" />
    <property name="libs.eclipselink.classpath" value="C:\Program Files\NetBeans 8.2\java\modules\ext\eclipselink\eclipselink.jar;C:\Program Files\NetBeans 8.2\java\modules\ext\eclipselink\javax.persistence_2.1.0.v201304241213.jar;C:\Program Files\NetBeans 8.2\java\modules\ext\eclipselink\org.eclipse.persistence.jpa.jpql_2.5.2.v20140319-9ad6abd.jar" />
    <property name="build.classes.excludes" value="**/*.java,**/*.form" />
    <property name="file.reference.stax-api-1.0.1.jar" value="C:\eXist-db\lib\stax-api-1.0.1.jar" />
    <property name="run.jvmargs.ide" value="" />
    <property name="file.reference.batik-dom-1.12.jar" value="C:\eXist-db\lib\batik-dom-1.12.jar" />
    <property name="file.reference.exist-jndi-5.2.0.jar" value="C:\eXist-db\lib\exist-jndi-5.2.0.jar" />
    <property name="java.awt.graphicsenv" value="sun.awt.Win32GraphicsEnvironment" />
    <property name="sun.management.compiler" value="HotSpot 64-Bit Tiered Compilers" />
    <property name="file.reference.servlet-api-2.2.jar" value="C:\eXist-db\lib\servlet-api-2.2.jar" />
    <property name="file.reference.serializer-2.7.2.jar" value="C:\eXist-db\lib\serializer-2.7.2.jar" />
    <property name="dist.dir" value="dist" />
    <property name="file.reference.slf4j-api-1.7.30.jar" value="C:\eXist-db\lib\slf4j-api-1.7.30.jar" />
    <property name="file.reference.asm-analysis-7.2.jar" value="C:\eXist-db\lib\asm-analysis-7.2.jar" />
    <property name="netbeans.autoupdate.language" value="es" />
    <property name="file.reference.exist-service-5.2.0.jar" value="C:\eXist-db\lib\exist-service-5.2.0.jar" />
    <property name="https.nonProxyHosts" value="localhost|127.0.0.1|DESKTOP-KUA0C3Q" />
    <property name="runtime.encoding" value="UTF-8" />
    <property name="do.depend" value="false" />
    <property name="file.reference.xmlschema-core-2.2.4.jar" value="C:\eXist-db\lib\xmlschema-core-2.2.4.jar" />
    <property name="file.reference.jetty-io-9.4.26.v20200117.jar" value="C:\eXist-db\lib\jetty-io-9.4.26.v20200117.jar" />
    <property name="file.reference.commons-exec-1.3.jar" value="C:\eXist-db\lib\commons-exec-1.3.jar" />
    <property name="file.reference.avalon-framework-api-4.3.1.jar" value="C:\eXist-db\lib\avalon-framework-api-4.3.1.jar" />
    <property name="javafx.version" value="8.0.111" />
    <property name="libs.PostgreSQLDriver.src" value="" />
    <property name="do.archive" value="true" />
    <property name="ap.proc.none.internal" value="" />
    <property name="java.class.version" value="52.0" />
    <property name="java.home" value="C:\Program Files\Java\jdk1.8.0_111\jre" />
    <property name="libs.absolutelayout.classpath" value="C:\Program Files\NetBeans 8.2\java\modules\ext\AbsoluteLayout.jar" />
    <property name="libs.eclipselink.javadoc" value="C:\Program Files\NetBeans 8.2\java\modules\ext\docs\javax.persistence-2.1.0-doc.zip" />
    <property name="netbeans.home" value="C:\Program Files\NetBeans 8.2\platform" />
    <property name="libs.hibernate4-persistence.src" value="" />
    <property name="sun.cpu.endian" value="little" />
    <property name="test.binarytestincludes" value="" />
    <property name="file.reference.tools-java-0.3.0.jar" value="C:\eXist-db\lib\tools-java-0.3.0.jar" />
    <property name="excludes" value="" />
    <property name="file.reference.gt2-main-2.4.5.jar" value="C:\eXist-db\lib\gt2-main-2.4.5.jar" />
    <property name="dist.archive.excludes" value="" />
    <property name="ant.project.default-target" value="default" />
    <property name="netbeans.dynamic.classpath" value="C:\Program Files\NetBeans 8.2\platform\core\asm-all-5.0.1.jar;C:\Program Files\NetBeans 8.2\platform\core\core-base.jar;C:\Program Files\NetBeans 8.2\platform\core\core.jar;C:\Program Files\NetBeans 8.2\platform\core\org-netbeans-libs-asm.jar;C:\Program Files\NetBeans 8.2\platform\core\org-openide-filesystems-compat8.jar;C:\Program Files\NetBeans 8.2\platform\core\org-openide-filesystems.jar;C:\Program Files\NetBeans 8.2\platform\core\locale\core-base_ja.jar;C:\Program Files\NetBeans 8.2\platform\core\locale\core-base_pt_BR.jar;C:\Program Files\NetBeans 8.2\platform\core\locale\core-base_ru.jar;C:\Program Files\NetBeans 8.2\platform\core\locale\core-base_zh_CN.jar;C:\Program Files\NetBeans 8.2\platform\core\locale\core_ja.jar;C:\Program Files\NetBeans 8.2\platform\core\locale\core_pt_BR.jar;C:\Program Files\NetBeans 8.2\platform\core\locale\core_ru.jar;C:\Program Files\NetBeans 8.2\platform\core\locale\core_zh_CN.jar;C:\Program Files\NetBeans 8.2\platform\core\locale\org-netbeans-libs-asm_ja.jar;C:\Program Files\NetBeans 8.2\platform\core\locale\org-netbeans-libs-asm_pt_BR.jar;C:\Program Files\NetBeans 8.2\platform\core\locale\org-netbeans-libs-asm_ru.jar;C:\Program Files\NetBeans 8.2\platform\core\locale\org-netbeans-libs-asm_zh_CN.jar;C:\Program Files\NetBeans 8.2\platform\core\locale\org-openide-filesystems-compat8_ja.jar;C:\Program Files\NetBeans 8.2\platform\core\locale\org-openide-filesystems-compat8_pt_BR.jar;C:\Program Files\NetBeans 8.2\platform\core\locale\org-openide-filesystems-compat8_ru.jar;C:\Program Files\NetBeans 8.2\platform\core\locale\org-openide-filesystems-compat8_zh_CN.jar;C:\Program Files\NetBeans 8.2\platform\core\locale\org-openide-filesystems_ja.jar;C:\Program Files\NetBeans 8.2\platform\core\locale\org-openide-filesystems_pt_BR.jar;C:\Program Files\NetBeans 8.2\platform\core\locale\org-openide-filesystems_ru.jar;C:\Program Files\NetBeans 8.2\platform\core\locale\org-openide-filesystems_zh_CN.jar;C:\Program Files\NetBeans 8.2\nb\core\org-netbeans-upgrader.jar;C:\Program Files\NetBeans 8.2\nb\core\locale\core_nb.jar;C:\Program Files\NetBeans 8.2\nb\core\locale\core_nb_ja.jar;C:\Program Files\NetBeans 8.2\nb\core\locale\core_nb_pt_BR.jar;C:\Program Files\NetBeans 8.2\nb\core\locale\core_nb_ru.jar;C:\Program Files\NetBeans 8.2\nb\core\locale\core_nb_zh_CN.jar;C:\Program Files\NetBeans 8.2\nb\core\locale\org-netbeans-upgrader_ja.jar;C:\Program Files\NetBeans 8.2\nb\core\locale\org-netbeans-upgrader_pt_BR.jar;C:\Program Files\NetBeans 8.2\nb\core\locale\org-netbeans-upgrader_ru.jar;C:\Program Files\NetBeans 8.2\nb\core\locale\org-netbeans-upgrader_zh_CN.jar" />
    <property name="src.dir" value="src" />
    <property name="file.reference.bcmail-jdk15on-1.64.jar" value="C:\eXist-db\lib\bcmail-jdk15on-1.64.jar" />
    <property name="file.reference.jaxb-api-2.3.1.jar" value="C:\eXist-db\lib\jaxb-api-2.3.1.jar" />
    <property name="file.reference.commons-math3-3.6.1.jar" value="C:\eXist-db\lib\commons-math3-3.6.1.jar" />
    <property name="file.reference.xqj2-0.0.1.jar" value="..\..\..\Desktop\lib\xqj2-0.0.1.jar" />
    <property name="file.reference.asm-tree-7.2.jar" value="C:\eXist-db\lib\asm-tree-7.2.jar" />
    <property name="file.reference.FastInfoset-1.2.15.jar" value="C:\eXist-db\lib\FastInfoset-1.2.15.jar" />
    <property name="file.reference.jsr305-3.0.2.jar" value="C:\eXist-db\lib\jsr305-3.0.2.jar" />
    <property name="file.reference.spring-2.5.6.jar" value="C:\eXist-db\lib\spring-2.5.6.jar" />
    <property name="libs.jsp-compiler.maven-pom" value="" />
    <property name="version-output" value="java version &quot;1.8" />
    <property name="file.reference.curvesapi-1.06.jar" value="C:\eXist-db\lib\curvesapi-1.06.jar" />
    <property name="file.reference.jakarta.ws.rs-api-2.1.5.jar" value="C:\eXist-db\lib\jakarta.ws.rs-api-2.1.5.jar" />
    <property name="libs.spring-webmvc3.0.classpath" value="C:\Program Files\NetBeans 8.2\java\modules\ext\spring-3.0\spring-webmvc-3.2.7.RELEASE.jar" />
    <property name="libs.groovy-all.classpath" value="C:\Users\Usuario\AppData\Roaming\NetBeans\8.2\modules\ext\groovy-all.jar" />
    <property name="file.reference.commons-csv-1.7.jar" value="C:\eXist-db\lib\commons-csv-1.7.jar" />
    <property name="file.reference.jargo-0.4.14.jar" value="C:\eXist-db\lib\jargo-0.4.14.jar" />
    <property name="javac.target" value="1.8" />
    <property name="file.reference.fop-2.4.jar" value="C:\eXist-db\lib\fop-2.4.jar" />
    <property name="test.binaryincludes" value="&lt;nothing&gt;" />
    <property name="file.reference.jetty-jndi-9.4.26.v20200117.jar" value="C:\eXist-db\lib\jetty-jndi-9.4.26.v20200117.jar" />
    <property name="libs.testng.src" value="" />
    <property name="javadoc.preview" value="true" />
    <property name="file.reference.javax.activation-api-1.2.0.jar" value="C:\eXist-db\lib\javax.activation-api-1.2.0.jar" />
    <property name="javadoc.noindex" value="false" />
    <property name="file.reference.pkg-java-1.4.2.jar" value="C:\eXist-db\lib\pkg-java-1.4.2.jar" />
    <property name="file.reference.commons-logging-1.2.jar" value="C:\eXist-db\lib\commons-logging-1.2.jar" />
    <property name="user.country" value="ES" />
    <property name="libs.spring-webmvc4.0.classpath" value="C:\Program Files\NetBeans 8.2\java\modules\ext\spring-4\spring-webmvc-4.0.1.RELEASE.jar" />
    <property name="libs.PostgreSQLDriver.classpath" value="C:\Program Files\NetBeans 8.2\ide\modules\ext\postgresql-9.4.1209.jar" />
    <property name="user.timezone" value="" />
    <property name="file.reference.junit-4.13.jar" value="C:\eXist-db\lib\junit-4.13.jar" />
    <property name="file.reference.jetty-client-9.4.26.v20200117.jar" value="C:\eXist-db\lib\jetty-client-9.4.26.v20200117.jar" />
    <property name="file.reference.poi-ooxml-schemas-4.1.1.jar" value="C:\eXist-db\lib\poi-ooxml-schemas-4.1.1.jar" />
    <property name="libs.eclipselinkmodelgen.maven-pom" value="" />
    <property name="javac.debug" value="true" />
    <property name="file.reference.gt2-epsg-wkt-2.4.5.jar" value="C:\eXist-db\lib\gt2-epsg-wkt-2.4.5.jar" />
    <property name="javac.test.processorpath" value="C:\eXist-db\lib\animal-sniffer-annotations-1.18.jar:C:\eXist-db\lib\FastInfoset-1.2.15.jar:C:\eXist-db\lib\HikariCP-java7-2.4.13.jar:C:\eXist-db\lib\Saxon-HE-9.9.1-6.jar:C:\eXist-db\lib\ant-1.10.7.jar:C:\eXist-db\lib\ant-launcher-1.10.7.jar:C:\eXist-db\lib\antlr-2.7.7.jar:C:\eXist-db\lib\antlr-3.0.jar:C:\eXist-db\lib\aopalliance-1.0.jar:C:\eXist-db\lib\apache-mime4j-core-0.8.3.jar:C:\eXist-db\lib\apache-mime4j-dom-0.8.3.jar:C:\eXist-db\lib\appassembler-booter-2.1.0.jar:C:\eXist-db\lib\appassembler-model-2.1.0.jar:C:\eXist-db\lib\asm-7.1.jar:C:\eXist-db\lib\asm-analysis-7.2.jar:C:\eXist-db\lib\asm-commons-7.2.jar:C:\eXist-db\lib\asm-tree-7.2.jar:C:\eXist-db\lib\aspectjrt-1.9.4.jar:C:\eXist-db\lib\avalon-framework-api-4.3.1.jar:C:\eXist-db\lib\avalon-framework-impl-4.3.1.jar:C:\eXist-db\lib\batik-anim-1.12.jar:C:\eXist-db\lib\batik-awt-util-1.12.jar:C:\eXist-db\lib\batik-bridge-1.12.jar:C:\eXist-db\lib\batik-constants-1.12.jar:C:\eXist-db\lib\batik-css-1.12.jar:C:\eXist-db\lib\batik-dom-1.12.jar:C:\eXist-db\lib\batik-ext-1.12.jar:C:\eXist-db\lib\batik-extension-1.12.jar:C:\eXist-db\lib\batik-gvt-1.12.jar:C:\eXist-db\lib\batik-i18n-1.12.jar:C:\eXist-db\lib\batik-parser-1.12.jar:C:\eXist-db\lib\batik-script-1.12.jar:C:\eXist-db\lib\batik-svg-dom-1.12.jar:C:\eXist-db\lib\batik-svggen-1.12.jar:C:\eXist-db\lib\batik-transcoder-1.12.jar:C:\eXist-db\lib\batik-util-1.12.jar:C:\eXist-db\lib\batik-xml-1.12.jar:C:\eXist-db\lib\bcmail-jdk15on-1.64.jar:C:\eXist-db\lib\bcpkix-jdk15on-1.64.jar:C:\eXist-db\lib\bcprov-jdk15on-1.64.jar:C:\eXist-db\lib\boilerpipe-1.1.0.jar:C:\eXist-db\lib\bzip2-0.9.1.jar:C:\eXist-db\lib\c3p0-0.9.5.4.jar:C:\eXist-db\lib\caffeine-2.8.1.jar:C:\eXist-db\lib\cdm-4.5.5.jar:C:\eXist-db\lib\cglib-3.3.0.jar:C:\eXist-db\lib\checker-qual-3.1.0.jar:C:\eXist-db\lib\clj-ds-0.0.4.jar:C:\eXist-db\lib\commons-beanutils-1.8.2.jar:C:\eXist-db\lib\commons-codec-1.14.jar:C:\eXist-db\lib\commons-collections-3.2.2.jar:C:\eXist-db\lib\commons-collections4-4.4.jar:C:\eXist-db\lib\commons-compress-1.18.jar:C:\eXist-db\lib\commons-configuration2-2.6.jar:C:\eXist-db\lib\commons-csv-1.7.jar:C:\eXist-db\lib\commons-daemon-1.2.2.jar:C:\eXist-db\lib\commons-exec-1.3.jar:C:\eXist-db\lib\commons-fileupload-1.4.jar:C:\eXist-db\lib\commons-io-2.6.jar:C:\eXist-db\lib\commons-lang3-3.9.jar:C:\eXist-db\lib\commons-logging-1.2.jar:C:\eXist-db\lib\commons-math3-3.6.1.jar:C:\eXist-db\lib\commons-pool-1.6.jar:C:\eXist-db\lib\commons-text-1.8.jar:C:\eXist-db\lib\concurrent-1.3.4.jar:C:\eXist-db\lib\cql-java-1.13.jar:C:\eXist-db\lib\curvesapi-1.06.jar:C:\eXist-db\lib\cxf-core-3.3.4.jar:C:\eXist-db\lib\cxf-rt-frontend-jaxrs-3.3.4.jar:C:\eXist-db\lib\cxf-rt-rs-client-3.3.4.jar:C:\eXist-db\lib\cxf-rt-security-3.3.4.jar:C:\eXist-db\lib\cxf-rt-transports-http-3.3.4.jar:C:\eXist-db\lib\dec-0.1.2.jar:C:\eXist-db\lib\ehcache-core-2.6.2.jar:C:\eXist-db\lib\error_prone_annotations-2.3.4.jar:C:\eXist-db\lib\exificient-0.9.3.jar:C:\eXist-db\lib\exist-ant-5.2.0.jar:C:\eXist-db\lib\exist-cache-5.2.0.jar:C:\eXist-db\lib\exist-compression-5.2.0.jar:C:\eXist-db\lib\exist-contentextraction-5.2.0.jar:C:\eXist-db\lib\exist-core-5.2.0.jar:C:\eXist-db\lib\exist-counter-5.2.0.jar:C:\eXist-db\lib\exist-cqlparser-5.2.0.jar:C:\eXist-db\lib\exist-exiftool-5.2.0.jar:C:\eXist-db\lib\exist-expath-5.2.0.jar:C:\eXist-db\lib\exist-expathrepo-5.2.0.jar:C:\eXist-db\lib\exist-exquery-request-module-5.2.0.jar:C:\eXist-db\lib\exist-file-5.2.0.jar:C:\eXist-db\lib\exist-image-5.2.0.jar:C:\eXist-db\lib\exist-index-lucene-5.2.0.jar:C:\eXist-db\lib\exist-index-ngram-5.2.0.jar:C:\eXist-db\lib\exist-index-range-5.2.0.jar:C:\eXist-db\lib\exist-index-sort-5.2.0.jar:C:\eXist-db\lib\exist-index-spatial-5.2.0.jar:C:\eXist-db\lib\exist-jndi-5.2.0.jar:C:\eXist-db\lib\exist-mail-5.2.0.jar:C:\eXist-db\lib\exist-persistentlogin-5.2.0.jar:C:\eXist-db\lib\exist-process-5.2.0.jar:C:\eXist-db\lib\exist-restxq-5.2.0.jar:C:\eXist-db\lib\exist-scheduler-5.2.0.jar:C:\eXist-db\lib\exist-security-activedirectory-5.2.0.jar:C:\eXist-db\lib\exist-security-iprange-5.2.0.jar:C:\eXist-db\lib\exist-security-ldap-5.2.0.jar:C:\eXist-db\lib\exist-service-5.2.0.jar:C:\eXist-db\lib\exist-simpleql-5.2.0.jar:C:\eXist-db\lib\exist-sql-5.2.0.jar:C:\eXist-db\lib\exist-start-5.2.0.jar:C:\eXist-db\lib\exist-webdav-5.2.0.jar:C:\eXist-db\lib\exist-xmldiff-5.2.0.jar:C:\eXist-db\lib\exist-xqdoc-5.2.0.jar:C:\eXist-db\lib\exist-xslfo-5.2.0.jar:C:\eXist-db\lib\exquery-annotations-common-0.1.35.jar:C:\eXist-db\lib\exquery-annotations-common-api-0.1.35.jar:C:\eXist-db\lib\exquery-common-0.1.35.jar:C:\eXist-db\lib\exquery-restxq-0.1.35.jar:C:\eXist-db\lib\exquery-restxq-api-0.1.35.jar:C:\eXist-db\lib\exquery-serialization-annotations-0.1.35.jar:C:\eXist-db\lib\exquery-serialization-annotations-api-0.1.35.jar:C:\eXist-db\lib\exquery-xquery-0.1.35.jar:C:\eXist-db\lib\exquery-xquery3-0.1.35.jar:C:\eXist-db\lib\failureaccess-1.0.1.jar:C:\eXist-db\lib\fastutil-8.3.0.jar:C:\eXist-db\lib\fontbox-2.0.17.jar:C:\eXist-db\lib\fop-2.4.jar:C:\eXist-db\lib\fop-core-2.4.jar:C:\eXist-db\lib\fop-events-2.4.jar:C:\eXist-db\lib\fop-util-2.4.jar:C:\eXist-db\lib\geoapi-3.0.1.jar:C:\eXist-db\lib\geoapi-nogenerics-2.1.1.jar:C:\eXist-db\lib\grib-4.5.5.jar:C:\eXist-db\lib\gson-2.8.6.jar:C:\eXist-db\lib\gt2-api-2.4.5.jar:C:\eXist-db\lib\gt2-epsg-wkt-2.4.5.jar:C:\eXist-db\lib\gt2-main-2.4.5.jar:C:\eXist-db\lib\gt2-metadata-2.4.5.jar:C:\eXist-db\lib\gt2-referencing-2.4.5.jar:C:\eXist-db\lib\guava-28.1-jre.jar:C:\eXist-db\lib\hamcrest-2.2.jar:C:\eXist-db\lib\hamcrest-core-1.3.jar:C:\eXist-db\lib\hsqldb-2.5.0.jar:C:\eXist-db\lib\http-client-java-1.2.2.jar:C:\eXist-db\lib\httpclient-4.5.11.jar:C:\eXist-db\lib\httpcore-4.4.13.jar:C:\eXist-db\lib\httpmime-4.5.11.jar:C:\eXist-db\lib\httpservices-4.5.5.jar:C:\eXist-db\lib\icu4j-59.1.jar:C:\eXist-db\lib\isoparser-1.1.22.jar:C:\eXist-db\lib\isorelax-20030108.jar:C:\eXist-db\lib\istack-commons-runtime-3.0.7.jar:C:\eXist-db\lib\izpack-uninstaller.jar:C:\eXist-db\lib\j2objc-annotations-1.3.jar:C:\eXist-db\lib\j8fu-1.23.0.jar:C:\eXist-db\lib\jackcess-3.0.1.jar:C:\eXist-db\lib\jackcess-encrypt-3.0.0.jar:C:\eXist-db\lib\jackson-annotations-2.10.1.jar:C:\eXist-db\lib\jackson-core-2.10.2.jar:C:\eXist-db\lib\jackson-databind-2.10.1.jar:C:\eXist-db\lib\jai-codec-1.1.3.jar:C:\eXist-db\lib\jai-core-1.1.3.jar:C:\eXist-db\lib\jai-imageio-core-1.4.0.jar:C:\eXist-db\lib\jai_core-1.1.3.jar:C:\eXist-db\lib\jakarta.activation-1.2.1.jar:C:\eXist-db\lib\jakarta.activation-api-1.2.1.jar:C:\eXist-db\lib\jakarta.mail-1.6.4.jar:C:\eXist-db\lib\jakarta.ws.rs-api-2.1.5.jar:C:\eXist-db\lib\jakarta.xml.bind-api-2.3.2.jar:C:\eXist-db\lib\jansi-1.18.jar:C:\eXist-db\lib\jargo-0.4.14.jar:C:\eXist-db\lib\java-cup-10k.jar:C:\eXist-db\lib\java-libpst-0.8.1.jar:C:\eXist-db\lib\java-uuid-generator-3.2.0.jar:C:\eXist-db\lib\javax-websocket-client-impl-9.4.26.v20200117.jar:C:\eXist-db\lib\javax-websocket-server-impl-9.4.26.v20200117.jar:C:\eXist-db\lib\javax.activation-api-1.2.0.jar:C:\eXist-db\lib\javax.annotation-api-1.3.jar:C:\eXist-db\lib\javax.servlet-api-3.1.0.jar:C:\eXist-db\lib\javax.websocket-api-1.0.jar:C:\eXist-db\lib\javax.websocket-client-api-1.0.jar:C:\eXist-db\lib\jaxb-api-2.3.1.jar:C:\eXist-db\lib\jaxb-runtime-2.3.1.jar:C:\eXist-db\lib\jbig2-imageio-3.0.2.jar:C:\eXist-db\lib\jcip-annotations-1.0.jar:C:\eXist-db\lib\jcl-over-slf4j-1.7.28.jar:C:\eXist-db\lib\jcommander-1.35.jar:C:\eXist-db\lib\jctools-core-3.0.0.jar:C:\eXist-db\lib\jdom-1.0.jar:C:\eXist-db\lib\jdom-1.1.jar:C:\eXist-db\lib\jdom2-2.0.6.jar:C:\eXist-db\lib\jempbox-1.8.16.jar:C:\eXist-db\lib\jetty-annotations-9.4.26.v20200117.jar:C:\eXist-db\lib\jetty-client-9.4.26.v20200117.jar:C:\eXist-db\lib\jetty-deploy-9.4.26.v20200117.jar:C:\eXist-db\lib\jetty-http-9.4.26.v20200117.jar:C:\eXist-db\lib\jetty-io-9.4.26.v20200117.jar:C:\eXist-db\lib\jetty-jaas-9.4.26.v20200117.jar:C:\eXist-db\lib\jetty-jmx-9.4.26.v20200117.jar:C:\eXist-db\lib\jetty-jndi-9.4.26.v20200117.jar:C:\eXist-db\lib\jetty-plus-9.4.26.v20200117.jar:C:\eXist-db\lib\jetty-security-9.4.26.v20200117.jar:C:\eXist-db\lib\jetty-server-9.4.26.v20200117.jar:C:\eXist-db\lib\jetty-servlet-9.4.26.v20200117.jar:C:\eXist-db\lib\jetty-util-9.4.26.v20200117.jar:C:\eXist-db\lib\jetty-webapp-9.4.26.v20200117.jar:C:\eXist-db\lib\jetty-xml-9.4.26.v20200117.jar:C:\eXist-db\lib\jhighlight-1.0.3.jar:C:\eXist-db\lib\jing-20151127.jar:C:\eXist-db\lib\jline-3.13.3.jar:C:\eXist-db\lib\jmatio-1.5.jar:C:\eXist-db\lib\jna-5.5.0.jar:C:\eXist-db\lib\joda-time-2.2.jar:C:\eXist-db\lib\json-simple-1.1.1.jar:C:\eXist-db\lib\jsoup-1.12.1.jar:C:\eXist-db\lib\jsr108-0.01.jar:C:\eXist-db\lib\jsr305-3.0.2.jar:C:\eXist-db\lib\jts-1.8.jar:C:\eXist-db\lib\jul-to-slf4j-1.7.28.jar:C:\eXist-db\lib\junit-4.13.jar:C:\eXist-db\lib\juniversalchardet-1.0.3.jar:C:\eXist-db\lib\junrar-4.0.0.jar:C:\eXist-db\lib\listenablefuture-9999.0-empty-to-avoid-conflict-with-guava.jar:C:\eXist-db\lib\log4j-api-2.13.0.jar:C:\eXist-db\lib\log4j-core-2.13.0.jar:C:\eXist-db\lib\log4j-jcl-2.13.0.jar:C:\eXist-db\lib\log4j-jul-2.13.0.jar:C:\eXist-db\lib\log4j-slf4j-impl-2.13.0.jar:C:\eXist-db\lib\lucene-analyzers-common-4.10.4.jar:C:\eXist-db\lib\lucene-analyzers-icu-4.10.4.jar:C:\eXist-db\lib\lucene-core-4.10.4.jar:C:\eXist-db\lib\lucene-facet-4.10.4.jar:C:\eXist-db\lib\lucene-queries-4.10.4.jar:C:\eXist-db\lib\lucene-queryparser-4.10.4.jar:C:\eXist-db\lib\lucene-sandbox-4.10.4.jar:C:\eXist-db\lib\lz4-java-1.7.1.jar:C:\eXist-db\lib\mchange-commons-java-0.2.15.jar:C:\eXist-db\lib\metadata-extractor-2.11.0.jar:C:\eXist-db\lib\milton-api-1.8.1.3.jar:C:\eXist-db\lib\milton-servlet-1.8.1.3.jar:C:\eXist-db\lib\mime-util-2.1.3.jar:C:\eXist-db\lib\multilock-1.0.1.jar:C:\eXist-db\lib\nekohtml-1.9.22.jar:C:\eXist-db\lib\netcdf4-4.5.5.jar:C:\eXist-db\lib\openjson-1.0.11.jar:C:\eXist-db\lib\opennlp-tools-1.9.1.jar:C:\eXist-db\lib\parso-2.0.11.jar:C:\eXist-db\lib\pdfbox-2.0.17.jar:C:\eXist-db\lib\pdfbox-tools-2.0.17.jar:C:\eXist-db\lib\pkg-java-1.4.2.jar:C:\eXist-db\lib\plexus-utils-3.2.0.jar:C:\eXist-db\lib\poi-4.1.1.jar:C:\eXist-db\lib\poi-ooxml-4.1.1.jar:C:\eXist-db\lib\poi-ooxml-schemas-4.1.1.jar:C:\eXist-db\lib\poi-scratchpad-4.1.1.jar:C:\eXist-db\lib\protobuf-java-3.11.0.jar:C:\eXist-db\lib\qdox-1.12.jar:C:\eXist-db\lib\quartz-2.3.2.jar:C:\eXist-db\lib\rome-1.12.2.jar:C:\eXist-db\lib\rome-utils-1.12.2.jar:C:\eXist-db\lib\rsyntaxtextarea-3.0.8.jar:C:\eXist-db\lib\sentiment-analysis-parser-0.1.jar:C:\eXist-db\lib\serializer-2.7.2.jar:C:\eXist-db\lib\servlet-api-2.2.jar:C:\eXist-db\lib\sis-feature-1.0.jar:C:\eXist-db\lib\sis-metadata-1.0.jar:C:\eXist-db\lib\sis-netcdf-1.0.jar:C:\eXist-db\lib\sis-referencing-1.0.jar:C:\eXist-db\lib\sis-storage-1.0.jar:C:\eXist-db\lib\sis-utility-1.0.jar:C:\eXist-db\lib\slf4j-api-1.7.30.jar:C:\eXist-db\lib\spring-2.5.6.jar:C:\eXist-db\lib\spring-beans-2.5.6.jar:C:\eXist-db\lib\spring-context-2.5.6.jar:C:\eXist-db\lib\spring-context-support-2.5.6.jar:C:\eXist-db\lib\spring-core-2.5.6.jar:C:\eXist-db\lib\spring-web-2.5.6.jar:C:\eXist-db\lib\spring-webmvc-2.5.6.jar:C:\eXist-db\lib\stax-1.1.1-dev.jar:C:\eXist-db\lib\stax-api-1.0.1.jar:C:\eXist-db\lib\stax-ex-1.8.jar:C:\eXist-db\lib\stax-utils-20060502.jar:C:\eXist-db\lib\stax2-api-3.1.4.jar:C:\eXist-db\lib\stringtemplate-3.0.jar:C:\eXist-db\lib\tagsoup-1.2.1.jar:C:\eXist-db\lib\tika-core-1.23.jar:C:\eXist-db\lib\tika-parsers-1.23.jar:C:\eXist-db\lib\tools-java-0.3.0.jar:C:\eXist-db\lib\txw2-2.3.1.jar:C:\eXist-db\lib\udunits-4.5.5.jar:C:\eXist-db\lib\unit-api-1.0.jar:C:\eXist-db\lib\vecmath-1.3.1.jar:C:\eXist-db\lib\vorbis-java-core-0.8.jar:C:\eXist-db\lib\vorbis-java-tika-0.8.jar:C:\eXist-db\lib\websocket-api-9.4.26.v20200117.jar:C:\eXist-db\lib\websocket-client-9.4.26.v20200117.jar:C:\eXist-db\lib\websocket-common-9.4.26.v20200117.jar:C:\eXist-db\lib\websocket-server-9.4.26.v20200117.jar:C:\eXist-db\lib\websocket-servlet-9.4.26.v20200117.jar:C:\eXist-db\lib\woodstox-core-5.0.3.jar:C:\eXist-db\lib\ws-commons-util-1.0.2.jar:C:\eXist-db\lib\xalan-2.7.2.jar:C:\eXist-db\lib\xercesImpl-2.12.1-xml-schema-1.1.jar:C:\eXist-db\lib\xml-apis-1.4.01.jar:C:\eXist-db\lib\xml-apis-ext-1.3.04.jar:C:\eXist-db\lib\xml-resolver-1.2.jar:C:\eXist-db\lib\xmlbeans-3.1.0.jar:C:\eXist-db\lib\xmldb-api-1.7.0.jar:C:\eXist-db\lib\xmlgraphics-commons-2.4.jar:C:\eXist-db\lib\xmlrpc-client-3.1.3.jar:C:\eXist-db\lib\xmlrpc-common-3.1.3.jar:C:\eXist-db\lib\xmlrpc-server-3.1.3.jar:C:\eXist-db\lib\xmlschema-core-2.2.4.jar:C:\eXist-db\lib\xmlunit-core-2.6.3.jar:C:\eXist-db\lib\xmpcore-5.1.3.jar:C:\eXist-db\lib\xpath2-1.2.0.jar:C:\eXist-db\lib\xqdoc-conversion-1.6.jar:C:\eXist-db\lib\xqjapi-1.0-fr.jar:C:\eXist-db\lib\xz-1.8.jar:..\..\..\Desktop\lib\exist-xqj-1.0.1.jar:..\..\..\Desktop\lib\exist-xqj-examples.jar:..\..\..\Desktop\lib\xqj2-0.0.1.jar:..\..\..\Desktop\lib\xqjapi.jar:build/classes:C:\Program Files\NetBeans 8.2\platform\modules\ext\junit-4.12.jar:C:\Program Files\NetBeans 8.2\platform\modules\ext\hamcrest-core-1.3.jar" />
    <property name="libs.JWSAntTasks.javadoc" value="" />
    <property name="file.reference.hamcrest-2.2.jar" value="C:\eXist-db\lib\hamcrest-2.2.jar" />
    <property name="file.reference.udunits-4.5.5.jar" value="C:\eXist-db\lib\udunits-4.5.5.jar" />
    <property name="file.reference.poi-scratchpad-4.1.1.jar" value="C:\eXist-db\lib\poi-scratchpad-4.1.1.jar" />
    <property name="libs.jsf12.src" value="" />
    <property name="file.reference.rsyntaxtextarea-3.0.8.jar" value="C:\eXist-db\lib\rsyntaxtextarea-3.0.8.jar" />
    <property name="javac.external.vm" value="true" />
    <property name="sun.arch.data.model" value="64" />
    <property name="libs.jstl.src" value="" />
    <property name="nb.internal.action.name" value="run.single" />
    <property name="libs.spring-webmvc4.0.javadoc" value="" />
    <property name="file.reference.exist-xqj-examples.jar" value="..\..\..\Desktop\lib\exist-xqj-examples.jar" />
    <property name="annotation.processing.processors.list" value="" />
    <property name="java.vm.vendor" value="Oracle Corporation" />
    <property name="file.reference.batik-util-1.12.jar" value="C:\eXist-db\lib\batik-util-1.12.jar" />
    <property name="libs.MySQLDriver.javadoc" value="" />
    <property name="libs.absolutelayout.javadoc" value="" />
    <property name="libs.javaee-web-api-6.0.src" value="" />
    <property name="manifest.available" value="true" />
    <property name="file.reference.exist-xqj-1.0.1.jar" value="..\..\..\Desktop\lib\exist-xqj-1.0.1.jar" />
    <property name="java.vm.specification.version" value="1.8" />
    <property name="file.reference.icu4j-59.1.jar" value="C:\eXist-db\lib\icu4j-59.1.jar" />
    <property name="ant.junit.enabletestlistenerevents" value="true" />
    <property name="file.reference.batik-script-1.12.jar" value="C:\eXist-db\lib\batik-script-1.12.jar" />
    <property name="file.reference.xmpcore-5.1.3.jar" value="C:\eXist-db\lib\xmpcore-5.1.3.jar" />
    <property name="build.generated.sources.dir" value="build/generated-sources" />
    <property name="libs.jaxb.src" value="" />
    <property name="libs.groovy-all.src" value="" />
    <property name="user.dir" value="C:\Users\Usuario\Documents\NetBeansProjects\FutbolXMLNATIVA" />
    <property name="libs.CopyLibs.javadoc" value="" />
    <property name="libs.hamcrest.src" value="" />
    <property name="file.reference.netcdf4-4.5.5.jar" value="C:\eXist-db\lib\netcdf4-4.5.5.jar" />
    <property name="file.reference.commons-compress-1.18.jar" value="C:\eXist-db\lib\commons-compress-1.18.jar" />
    <property name="build.test.results.dir" value="build/test/results" />
    <property name="file.reference.lucene-sandbox-4.10.4.jar" value="C:\eXist-db\lib\lucene-sandbox-4.10.4.jar" />
    <property name="file.reference.tika-core-1.23.jar" value="C:\eXist-db\lib\tika-core-1.23.jar" />
    <property name="copylibs.rebase" value="true" />
    <property name="libs.struts.classpath" value="C:\Users\Usuario\AppData\Roaming\NetBeans\8.2\modules\ext\struts\antlr-2.7.2.jar;C:\Users\Usuario\AppData\Roaming\NetBeans\8.2\modules\ext\struts\bsf-2.3.0.jar;C:\Users\Usuario\AppData\Roaming\NetBeans\8.2\modules\ext\struts\commons-beanutils-1.8.0.jar;C:\Users\Usuario\AppData\Roaming\NetBeans\8.2\modules\ext\struts\commons-chain-1.2.jar;C:\Users\Usuario\AppData\Roaming\NetBeans\8.2\modules\ext\struts\commons-digester-1.8.jar;C:\Users\Usuario\AppData\Roaming\NetBeans\8.2\modules\ext\struts\commons-fileupload-1.1.1.jar;C:\Users\Usuario\AppData\Roaming\NetBeans\8.2\modules\ext\struts\commons-io-1.1.jar;C:\Users\Usuario\AppData\Roaming\NetBeans\8.2\modules\ext\struts\commons-logging-1.0.4.jar;C:\Users\Usuario\AppData\Roaming\NetBeans\8.2\modules\ext\struts\commons-validator-1.3.1.jar;C:\Users\Usuario\AppData\Roaming\NetBeans\8.2\modules\ext\struts\jstl-1.0.2.jar;C:\Users\Usuario\AppData\Roaming\NetBeans\8.2\modules\ext\struts\oro-2.0.8.jar;C:\Users\Usuario\AppData\Roaming\NetBeans\8.2\modules\ext\struts\standard-1.0.6.jar;C:\Users\Usuario\AppData\Roaming\NetBeans\8.2\modules\ext\struts\struts-core-1.3.10.jar;C:\Users\Usuario\AppData\Roaming\NetBeans\8.2\modules\ext\struts\struts-el-1.3.10.jar;C:\Users\Usuario\AppData\Roaming\NetBeans\8.2\modules\ext\struts\struts-extras-1.3.10.jar;C:\Users\Usuario\AppData\Roaming\NetBeans\8.2\modules\ext\struts\struts-faces-1.3.10.jar;C:\Users\Usuario\AppData\Roaming\NetBeans\8.2\modules\ext\struts\struts-mailreader-dao-1.3.10.jar;C:\Users\Usuario\AppData\Roaming\NetBeans\8.2\modules\ext\struts\struts-scripting-1.3.10.jar;C:\Users\Usuario\AppData\Roaming\NetBeans\8.2\modules\ext\struts\struts-taglib-1.3.10.jar;C:\Users\Usuario\AppData\Roaming\NetBeans\8.2\modules\ext\struts\struts-tiles-1.3.10.jar" />
    <property name="jar.index" value="false" />
    <property name="libs.jsp-compilation.javadoc" value="" />
    <property name="file.reference.exist-index-spatial-5.2.0.jar" value="C:\eXist-db\lib\exist-index-spatial-5.2.0.jar" />
    <property name="javadoc.version" value="false" />
    <property name="libs.hibernate4-persistencemodelgen.maven-pom" value="" />
    <property name="libs.JAXB-ENDORSED.javadoc" value="" />
    <property name="file.reference.bzip2-0.9.1.jar" value="C:\eXist-db\lib\bzip2-0.9.1.jar" />
    <property name="libs.spring-framework300.classpath" value="C:\Program Files\NetBeans 8.2\ide\modules\org-apache-commons-logging.jar;C:\Program Files\NetBeans 8.2\java\modules\ext\cglib-2.2.jar;C:\Program Files\NetBeans 8.2\java\modules\ext\spring-3.0\spring-aop-3.2.7.RELEASE.jar;C:\Program Files\NetBeans 8.2\java\modules\ext\spring-3.0\spring-aspects-3.2.7.RELEASE.jar;C:\Program Files\NetBeans 8.2\java\modules\ext\spring-3.0\spring-beans-3.2.7.RELEASE.jar;C:\Program Files\NetBeans 8.2\java\modules\ext\spring-3.0\spring-build-src-3.2.7.RELEASE.jar;C:\Program Files\NetBeans 8.2\java\modules\ext\spring-3.0\spring-context-3.2.7.RELEASE.jar;C:\Program Files\NetBeans 8.2\java\modules\ext\spring-3.0\spring-context-support-3.2.7.RELEASE.jar;C:\Program Files\NetBeans 8.2\java\modules\ext\spring-3.0\spring-core-3.2.7.RELEASE.jar;C:\Program Files\NetBeans 8.2\java\modules\ext\spring-3.0\spring-expression-3.2.7.RELEASE.jar;C:\Program Files\NetBeans 8.2\java\modules\ext\spring-3.0\spring-framework-bom-3.2.7.RELEASE.jar;C:\Program Files\NetBeans 8.2\java\modules\ext\spring-3.0\spring-instrument-3.2.7.RELEASE.jar;C:\Program Files\NetBeans 8.2\java\modules\ext\spring-3.0\spring-instrument-tomcat-3.2.7.RELEASE.jar;C:\Program Files\NetBeans 8.2\java\modules\ext\spring-3.0\spring-jdbc-3.2.7.RELEASE.jar;C:\Program Files\NetBeans 8.2\java\modules\ext\spring-3.0\spring-jms-3.2.7.RELEASE.jar;C:\Program Files\NetBeans 8.2\java\modules\ext\spring-3.0\spring-orm-3.2.7.RELEASE.jar;C:\Program Files\NetBeans 8.2\java\modules\ext\spring-3.0\spring-oxm-3.2.7.RELEASE.jar;C:\Program Files\NetBeans 8.2\java\modules\ext\spring-3.0\spring-struts-3.2.7.RELEASE.jar;C:\Program Files\NetBeans 8.2\java\modules\ext\spring-3.0\spring-test-3.2.7.RELEASE.jar;C:\Program Files\NetBeans 8.2\java\modules\ext\spring-3.0\spring-tx-3.2.7.RELEASE.jar;C:\Program Files\NetBeans 8.2\java\modules\ext\spring-3.0\spring-web-3.2.7.RELEASE.jar;C:\Program Files\NetBeans 8.2\java\modules\ext\spring-3.0\spring-webmvc-3.2.7.RELEASE.jar;C:\Program Files\NetBeans 8.2\java\modules\ext\spring-3.0\spring-webmvc-portlet-3.2.7.RELEASE.jar" />
    <property name="javafx.runtime.version" value="8.0.111-b14" />
    <property name="java.version" value="1.8.0_111" />
    <property name="debug.test.classpath" value="C:\eXist-db\lib\animal-sniffer-annotations-1.18.jar:C:\eXist-db\lib\FastInfoset-1.2.15.jar:C:\eXist-db\lib\HikariCP-java7-2.4.13.jar:C:\eXist-db\lib\Saxon-HE-9.9.1-6.jar:C:\eXist-db\lib\ant-1.10.7.jar:C:\eXist-db\lib\ant-launcher-1.10.7.jar:C:\eXist-db\lib\antlr-2.7.7.jar:C:\eXist-db\lib\antlr-3.0.jar:C:\eXist-db\lib\aopalliance-1.0.jar:C:\eXist-db\lib\apache-mime4j-core-0.8.3.jar:C:\eXist-db\lib\apache-mime4j-dom-0.8.3.jar:C:\eXist-db\lib\appassembler-booter-2.1.0.jar:C:\eXist-db\lib\appassembler-model-2.1.0.jar:C:\eXist-db\lib\asm-7.1.jar:C:\eXist-db\lib\asm-analysis-7.2.jar:C:\eXist-db\lib\asm-commons-7.2.jar:C:\eXist-db\lib\asm-tree-7.2.jar:C:\eXist-db\lib\aspectjrt-1.9.4.jar:C:\eXist-db\lib\avalon-framework-api-4.3.1.jar:C:\eXist-db\lib\avalon-framework-impl-4.3.1.jar:C:\eXist-db\lib\batik-anim-1.12.jar:C:\eXist-db\lib\batik-awt-util-1.12.jar:C:\eXist-db\lib\batik-bridge-1.12.jar:C:\eXist-db\lib\batik-constants-1.12.jar:C:\eXist-db\lib\batik-css-1.12.jar:C:\eXist-db\lib\batik-dom-1.12.jar:C:\eXist-db\lib\batik-ext-1.12.jar:C:\eXist-db\lib\batik-extension-1.12.jar:C:\eXist-db\lib\batik-gvt-1.12.jar:C:\eXist-db\lib\batik-i18n-1.12.jar:C:\eXist-db\lib\batik-parser-1.12.jar:C:\eXist-db\lib\batik-script-1.12.jar:C:\eXist-db\lib\batik-svg-dom-1.12.jar:C:\eXist-db\lib\batik-svggen-1.12.jar:C:\eXist-db\lib\batik-transcoder-1.12.jar:C:\eXist-db\lib\batik-util-1.12.jar:C:\eXist-db\lib\batik-xml-1.12.jar:C:\eXist-db\lib\bcmail-jdk15on-1.64.jar:C:\eXist-db\lib\bcpkix-jdk15on-1.64.jar:C:\eXist-db\lib\bcprov-jdk15on-1.64.jar:C:\eXist-db\lib\boilerpipe-1.1.0.jar:C:\eXist-db\lib\bzip2-0.9.1.jar:C:\eXist-db\lib\c3p0-0.9.5.4.jar:C:\eXist-db\lib\caffeine-2.8.1.jar:C:\eXist-db\lib\cdm-4.5.5.jar:C:\eXist-db\lib\cglib-3.3.0.jar:C:\eXist-db\lib\checker-qual-3.1.0.jar:C:\eXist-db\lib\clj-ds-0.0.4.jar:C:\eXist-db\lib\commons-beanutils-1.8.2.jar:C:\eXist-db\lib\commons-codec-1.14.jar:C:\eXist-db\lib\commons-collections-3.2.2.jar:C:\eXist-db\lib\commons-collections4-4.4.jar:C:\eXist-db\lib\commons-compress-1.18.jar:C:\eXist-db\lib\commons-configuration2-2.6.jar:C:\eXist-db\lib\commons-csv-1.7.jar:C:\eXist-db\lib\commons-daemon-1.2.2.jar:C:\eXist-db\lib\commons-exec-1.3.jar:C:\eXist-db\lib\commons-fileupload-1.4.jar:C:\eXist-db\lib\commons-io-2.6.jar:C:\eXist-db\lib\commons-lang3-3.9.jar:C:\eXist-db\lib\commons-logging-1.2.jar:C:\eXist-db\lib\commons-math3-3.6.1.jar:C:\eXist-db\lib\commons-pool-1.6.jar:C:\eXist-db\lib\commons-text-1.8.jar:C:\eXist-db\lib\concurrent-1.3.4.jar:C:\eXist-db\lib\cql-java-1.13.jar:C:\eXist-db\lib\curvesapi-1.06.jar:C:\eXist-db\lib\cxf-core-3.3.4.jar:C:\eXist-db\lib\cxf-rt-frontend-jaxrs-3.3.4.jar:C:\eXist-db\lib\cxf-rt-rs-client-3.3.4.jar:C:\eXist-db\lib\cxf-rt-security-3.3.4.jar:C:\eXist-db\lib\cxf-rt-transports-http-3.3.4.jar:C:\eXist-db\lib\dec-0.1.2.jar:C:\eXist-db\lib\ehcache-core-2.6.2.jar:C:\eXist-db\lib\error_prone_annotations-2.3.4.jar:C:\eXist-db\lib\exificient-0.9.3.jar:C:\eXist-db\lib\exist-ant-5.2.0.jar:C:\eXist-db\lib\exist-cache-5.2.0.jar:C:\eXist-db\lib\exist-compression-5.2.0.jar:C:\eXist-db\lib\exist-contentextraction-5.2.0.jar:C:\eXist-db\lib\exist-core-5.2.0.jar:C:\eXist-db\lib\exist-counter-5.2.0.jar:C:\eXist-db\lib\exist-cqlparser-5.2.0.jar:C:\eXist-db\lib\exist-exiftool-5.2.0.jar:C:\eXist-db\lib\exist-expath-5.2.0.jar:C:\eXist-db\lib\exist-expathrepo-5.2.0.jar:C:\eXist-db\lib\exist-exquery-request-module-5.2.0.jar:C:\eXist-db\lib\exist-file-5.2.0.jar:C:\eXist-db\lib\exist-image-5.2.0.jar:C:\eXist-db\lib\exist-index-lucene-5.2.0.jar:C:\eXist-db\lib\exist-index-ngram-5.2.0.jar:C:\eXist-db\lib\exist-index-range-5.2.0.jar:C:\eXist-db\lib\exist-index-sort-5.2.0.jar:C:\eXist-db\lib\exist-index-spatial-5.2.0.jar:C:\eXist-db\lib\exist-jndi-5.2.0.jar:C:\eXist-db\lib\exist-mail-5.2.0.jar:C:\eXist-db\lib\exist-persistentlogin-5.2.0.jar:C:\eXist-db\lib\exist-process-5.2.0.jar:C:\eXist-db\lib\exist-restxq-5.2.0.jar:C:\eXist-db\lib\exist-scheduler-5.2.0.jar:C:\eXist-db\lib\exist-security-activedirectory-5.2.0.jar:C:\eXist-db\lib\exist-security-iprange-5.2.0.jar:C:\eXist-db\lib\exist-security-ldap-5.2.0.jar:C:\eXist-db\lib\exist-service-5.2.0.jar:C:\eXist-db\lib\exist-simpleql-5.2.0.jar:C:\eXist-db\lib\exist-sql-5.2.0.jar:C:\eXist-db\lib\exist-start-5.2.0.jar:C:\eXist-db\lib\exist-webdav-5.2.0.jar:C:\eXist-db\lib\exist-xmldiff-5.2.0.jar:C:\eXist-db\lib\exist-xqdoc-5.2.0.jar:C:\eXist-db\lib\exist-xslfo-5.2.0.jar:C:\eXist-db\lib\exquery-annotations-common-0.1.35.jar:C:\eXist-db\lib\exquery-annotations-common-api-0.1.35.jar:C:\eXist-db\lib\exquery-common-0.1.35.jar:C:\eXist-db\lib\exquery-restxq-0.1.35.jar:C:\eXist-db\lib\exquery-restxq-api-0.1.35.jar:C:\eXist-db\lib\exquery-serialization-annotations-0.1.35.jar:C:\eXist-db\lib\exquery-serialization-annotations-api-0.1.35.jar:C:\eXist-db\lib\exquery-xquery-0.1.35.jar:C:\eXist-db\lib\exquery-xquery3-0.1.35.jar:C:\eXist-db\lib\failureaccess-1.0.1.jar:C:\eXist-db\lib\fastutil-8.3.0.jar:C:\eXist-db\lib\fontbox-2.0.17.jar:C:\eXist-db\lib\fop-2.4.jar:C:\eXist-db\lib\fop-core-2.4.jar:C:\eXist-db\lib\fop-events-2.4.jar:C:\eXist-db\lib\fop-util-2.4.jar:C:\eXist-db\lib\geoapi-3.0.1.jar:C:\eXist-db\lib\geoapi-nogenerics-2.1.1.jar:C:\eXist-db\lib\grib-4.5.5.jar:C:\eXist-db\lib\gson-2.8.6.jar:C:\eXist-db\lib\gt2-api-2.4.5.jar:C:\eXist-db\lib\gt2-epsg-wkt-2.4.5.jar:C:\eXist-db\lib\gt2-main-2.4.5.jar:C:\eXist-db\lib\gt2-metadata-2.4.5.jar:C:\eXist-db\lib\gt2-referencing-2.4.5.jar:C:\eXist-db\lib\guava-28.1-jre.jar:C:\eXist-db\lib\hamcrest-2.2.jar:C:\eXist-db\lib\hamcrest-core-1.3.jar:C:\eXist-db\lib\hsqldb-2.5.0.jar:C:\eXist-db\lib\http-client-java-1.2.2.jar:C:\eXist-db\lib\httpclient-4.5.11.jar:C:\eXist-db\lib\httpcore-4.4.13.jar:C:\eXist-db\lib\httpmime-4.5.11.jar:C:\eXist-db\lib\httpservices-4.5.5.jar:C:\eXist-db\lib\icu4j-59.1.jar:C:\eXist-db\lib\isoparser-1.1.22.jar:C:\eXist-db\lib\isorelax-20030108.jar:C:\eXist-db\lib\istack-commons-runtime-3.0.7.jar:C:\eXist-db\lib\izpack-uninstaller.jar:C:\eXist-db\lib\j2objc-annotations-1.3.jar:C:\eXist-db\lib\j8fu-1.23.0.jar:C:\eXist-db\lib\jackcess-3.0.1.jar:C:\eXist-db\lib\jackcess-encrypt-3.0.0.jar:C:\eXist-db\lib\jackson-annotations-2.10.1.jar:C:\eXist-db\lib\jackson-core-2.10.2.jar:C:\eXist-db\lib\jackson-databind-2.10.1.jar:C:\eXist-db\lib\jai-codec-1.1.3.jar:C:\eXist-db\lib\jai-core-1.1.3.jar:C:\eXist-db\lib\jai-imageio-core-1.4.0.jar:C:\eXist-db\lib\jai_core-1.1.3.jar:C:\eXist-db\lib\jakarta.activation-1.2.1.jar:C:\eXist-db\lib\jakarta.activation-api-1.2.1.jar:C:\eXist-db\lib\jakarta.mail-1.6.4.jar:C:\eXist-db\lib\jakarta.ws.rs-api-2.1.5.jar:C:\eXist-db\lib\jakarta.xml.bind-api-2.3.2.jar:C:\eXist-db\lib\jansi-1.18.jar:C:\eXist-db\lib\jargo-0.4.14.jar:C:\eXist-db\lib\java-cup-10k.jar:C:\eXist-db\lib\java-libpst-0.8.1.jar:C:\eXist-db\lib\java-uuid-generator-3.2.0.jar:C:\eXist-db\lib\javax-websocket-client-impl-9.4.26.v20200117.jar:C:\eXist-db\lib\javax-websocket-server-impl-9.4.26.v20200117.jar:C:\eXist-db\lib\javax.activation-api-1.2.0.jar:C:\eXist-db\lib\javax.annotation-api-1.3.jar:C:\eXist-db\lib\javax.servlet-api-3.1.0.jar:C:\eXist-db\lib\javax.websocket-api-1.0.jar:C:\eXist-db\lib\javax.websocket-client-api-1.0.jar:C:\eXist-db\lib\jaxb-api-2.3.1.jar:C:\eXist-db\lib\jaxb-runtime-2.3.1.jar:C:\eXist-db\lib\jbig2-imageio-3.0.2.jar:C:\eXist-db\lib\jcip-annotations-1.0.jar:C:\eXist-db\lib\jcl-over-slf4j-1.7.28.jar:C:\eXist-db\lib\jcommander-1.35.jar:C:\eXist-db\lib\jctools-core-3.0.0.jar:C:\eXist-db\lib\jdom-1.0.jar:C:\eXist-db\lib\jdom-1.1.jar:C:\eXist-db\lib\jdom2-2.0.6.jar:C:\eXist-db\lib\jempbox-1.8.16.jar:C:\eXist-db\lib\jetty-annotations-9.4.26.v20200117.jar:C:\eXist-db\lib\jetty-client-9.4.26.v20200117.jar:C:\eXist-db\lib\jetty-deploy-9.4.26.v20200117.jar:C:\eXist-db\lib\jetty-http-9.4.26.v20200117.jar:C:\eXist-db\lib\jetty-io-9.4.26.v20200117.jar:C:\eXist-db\lib\jetty-jaas-9.4.26.v20200117.jar:C:\eXist-db\lib\jetty-jmx-9.4.26.v20200117.jar:C:\eXist-db\lib\jetty-jndi-9.4.26.v20200117.jar:C:\eXist-db\lib\jetty-plus-9.4.26.v20200117.jar:C:\eXist-db\lib\jetty-security-9.4.26.v20200117.jar:C:\eXist-db\lib\jetty-server-9.4.26.v20200117.jar:C:\eXist-db\lib\jetty-servlet-9.4.26.v20200117.jar:C:\eXist-db\lib\jetty-util-9.4.26.v20200117.jar:C:\eXist-db\lib\jetty-webapp-9.4.26.v20200117.jar:C:\eXist-db\lib\jetty-xml-9.4.26.v20200117.jar:C:\eXist-db\lib\jhighlight-1.0.3.jar:C:\eXist-db\lib\jing-20151127.jar:C:\eXist-db\lib\jline-3.13.3.jar:C:\eXist-db\lib\jmatio-1.5.jar:C:\eXist-db\lib\jna-5.5.0.jar:C:\eXist-db\lib\joda-time-2.2.jar:C:\eXist-db\lib\json-simple-1.1.1.jar:C:\eXist-db\lib\jsoup-1.12.1.jar:C:\eXist-db\lib\jsr108-0.01.jar:C:\eXist-db\lib\jsr305-3.0.2.jar:C:\eXist-db\lib\jts-1.8.jar:C:\eXist-db\lib\jul-to-slf4j-1.7.28.jar:C:\eXist-db\lib\junit-4.13.jar:C:\eXist-db\lib\juniversalchardet-1.0.3.jar:C:\eXist-db\lib\junrar-4.0.0.jar:C:\eXist-db\lib\listenablefuture-9999.0-empty-to-avoid-conflict-with-guava.jar:C:\eXist-db\lib\log4j-api-2.13.0.jar:C:\eXist-db\lib\log4j-core-2.13.0.jar:C:\eXist-db\lib\log4j-jcl-2.13.0.jar:C:\eXist-db\lib\log4j-jul-2.13.0.jar:C:\eXist-db\lib\log4j-slf4j-impl-2.13.0.jar:C:\eXist-db\lib\lucene-analyzers-common-4.10.4.jar:C:\eXist-db\lib\lucene-analyzers-icu-4.10.4.jar:C:\eXist-db\lib\lucene-core-4.10.4.jar:C:\eXist-db\lib\lucene-facet-4.10.4.jar:C:\eXist-db\lib\lucene-queries-4.10.4.jar:C:\eXist-db\lib\lucene-queryparser-4.10.4.jar:C:\eXist-db\lib\lucene-sandbox-4.10.4.jar:C:\eXist-db\lib\lz4-java-1.7.1.jar:C:\eXist-db\lib\mchange-commons-java-0.2.15.jar:C:\eXist-db\lib\metadata-extractor-2.11.0.jar:C:\eXist-db\lib\milton-api-1.8.1.3.jar:C:\eXist-db\lib\milton-servlet-1.8.1.3.jar:C:\eXist-db\lib\mime-util-2.1.3.jar:C:\eXist-db\lib\multilock-1.0.1.jar:C:\eXist-db\lib\nekohtml-1.9.22.jar:C:\eXist-db\lib\netcdf4-4.5.5.jar:C:\eXist-db\lib\openjson-1.0.11.jar:C:\eXist-db\lib\opennlp-tools-1.9.1.jar:C:\eXist-db\lib\parso-2.0.11.jar:C:\eXist-db\lib\pdfbox-2.0.17.jar:C:\eXist-db\lib\pdfbox-tools-2.0.17.jar:C:\eXist-db\lib\pkg-java-1.4.2.jar:C:\eXist-db\lib\plexus-utils-3.2.0.jar:C:\eXist-db\lib\poi-4.1.1.jar:C:\eXist-db\lib\poi-ooxml-4.1.1.jar:C:\eXist-db\lib\poi-ooxml-schemas-4.1.1.jar:C:\eXist-db\lib\poi-scratchpad-4.1.1.jar:C:\eXist-db\lib\protobuf-java-3.11.0.jar:C:\eXist-db\lib\qdox-1.12.jar:C:\eXist-db\lib\quartz-2.3.2.jar:C:\eXist-db\lib\rome-1.12.2.jar:C:\eXist-db\lib\rome-utils-1.12.2.jar:C:\eXist-db\lib\rsyntaxtextarea-3.0.8.jar:C:\eXist-db\lib\sentiment-analysis-parser-0.1.jar:C:\eXist-db\lib\serializer-2.7.2.jar:C:\eXist-db\lib\servlet-api-2.2.jar:C:\eXist-db\lib\sis-feature-1.0.jar:C:\eXist-db\lib\sis-metadata-1.0.jar:C:\eXist-db\lib\sis-netcdf-1.0.jar:C:\eXist-db\lib\sis-referencing-1.0.jar:C:\eXist-db\lib\sis-storage-1.0.jar:C:\eXist-db\lib\sis-utility-1.0.jar:C:\eXist-db\lib\slf4j-api-1.7.30.jar:C:\eXist-db\lib\spring-2.5.6.jar:C:\eXist-db\lib\spring-beans-2.5.6.jar:C:\eXist-db\lib\spring-context-2.5.6.jar:C:\eXist-db\lib\spring-context-support-2.5.6.jar:C:\eXist-db\lib\spring-core-2.5.6.jar:C:\eXist-db\lib\spring-web-2.5.6.jar:C:\eXist-db\lib\spring-webmvc-2.5.6.jar:C:\eXist-db\lib\stax-1.1.1-dev.jar:C:\eXist-db\lib\stax-api-1.0.1.jar:C:\eXist-db\lib\stax-ex-1.8.jar:C:\eXist-db\lib\stax-utils-20060502.jar:C:\eXist-db\lib\stax2-api-3.1.4.jar:C:\eXist-db\lib\stringtemplate-3.0.jar:C:\eXist-db\lib\tagsoup-1.2.1.jar:C:\eXist-db\lib\tika-core-1.23.jar:C:\eXist-db\lib\tika-parsers-1.23.jar:C:\eXist-db\lib\tools-java-0.3.0.jar:C:\eXist-db\lib\txw2-2.3.1.jar:C:\eXist-db\lib\udunits-4.5.5.jar:C:\eXist-db\lib\unit-api-1.0.jar:C:\eXist-db\lib\vecmath-1.3.1.jar:C:\eXist-db\lib\vorbis-java-core-0.8.jar:C:\eXist-db\lib\vorbis-java-tika-0.8.jar:C:\eXist-db\lib\websocket-api-9.4.26.v20200117.jar:C:\eXist-db\lib\websocket-client-9.4.26.v20200117.jar:C:\eXist-db\lib\websocket-common-9.4.26.v20200117.jar:C:\eXist-db\lib\websocket-server-9.4.26.v20200117.jar:C:\eXist-db\lib\websocket-servlet-9.4.26.v20200117.jar:C:\eXist-db\lib\woodstox-core-5.0.3.jar:C:\eXist-db\lib\ws-commons-util-1.0.2.jar:C:\eXist-db\lib\xalan-2.7.2.jar:C:\eXist-db\lib\xercesImpl-2.12.1-xml-schema-1.1.jar:C:\eXist-db\lib\xml-apis-1.4.01.jar:C:\eXist-db\lib\xml-apis-ext-1.3.04.jar:C:\eXist-db\lib\xml-resolver-1.2.jar:C:\eXist-db\lib\xmlbeans-3.1.0.jar:C:\eXist-db\lib\xmldb-api-1.7.0.jar:C:\eXist-db\lib\xmlgraphics-commons-2.4.jar:C:\eXist-db\lib\xmlrpc-client-3.1.3.jar:C:\eXist-db\lib\xmlrpc-common-3.1.3.jar:C:\eXist-db\lib\xmlrpc-server-3.1.3.jar:C:\eXist-db\lib\xmlschema-core-2.2.4.jar:C:\eXist-db\lib\xmlunit-core-2.6.3.jar:C:\eXist-db\lib\xmpcore-5.1.3.jar:C:\eXist-db\lib\xpath2-1.2.0.jar:C:\eXist-db\lib\xqdoc-conversion-1.6.jar:C:\eXist-db\lib\xqjapi-1.0-fr.jar:C:\eXist-db\lib\xz-1.8.jar:..\..\..\Desktop\lib\exist-xqj-1.0.1.jar:..\..\..\Desktop\lib\exist-xqj-examples.jar:..\..\..\Desktop\lib\xqj2-0.0.1.jar:..\..\..\Desktop\lib\xqjapi.jar:build/classes:C:\Program Files\NetBeans 8.2\platform\modules\ext\junit-4.12.jar:C:\Program Files\NetBeans 8.2\platform\modules\ext\hamcrest-core-1.3.jar:build/test/classes" />
    <property name="libs.JAXB-ENDORSED.maven-pom" value="" />
    <property name="libs.JAVADB_DRIVER_LABEL.maven-pom" value="" />
    <property name="build.generated.dir" value="build/generated" />
    <property name="libs.beans-binding.maven-pom" value="" />
    <property name="javac.test.classpath" value="C:\eXist-db\lib\animal-sniffer-annotations-1.18.jar:C:\eXist-db\lib\FastInfoset-1.2.15.jar:C:\eXist-db\lib\HikariCP-java7-2.4.13.jar:C:\eXist-db\lib\Saxon-HE-9.9.1-6.jar:C:\eXist-db\lib\ant-1.10.7.jar:C:\eXist-db\lib\ant-launcher-1.10.7.jar:C:\eXist-db\lib\antlr-2.7.7.jar:C:\eXist-db\lib\antlr-3.0.jar:C:\eXist-db\lib\aopalliance-1.0.jar:C:\eXist-db\lib\apache-mime4j-core-0.8.3.jar:C:\eXist-db\lib\apache-mime4j-dom-0.8.3.jar:C:\eXist-db\lib\appassembler-booter-2.1.0.jar:C:\eXist-db\lib\appassembler-model-2.1.0.jar:C:\eXist-db\lib\asm-7.1.jar:C:\eXist-db\lib\asm-analysis-7.2.jar:C:\eXist-db\lib\asm-commons-7.2.jar:C:\eXist-db\lib\asm-tree-7.2.jar:C:\eXist-db\lib\aspectjrt-1.9.4.jar:C:\eXist-db\lib\avalon-framework-api-4.3.1.jar:C:\eXist-db\lib\avalon-framework-impl-4.3.1.jar:C:\eXist-db\lib\batik-anim-1.12.jar:C:\eXist-db\lib\batik-awt-util-1.12.jar:C:\eXist-db\lib\batik-bridge-1.12.jar:C:\eXist-db\lib\batik-constants-1.12.jar:C:\eXist-db\lib\batik-css-1.12.jar:C:\eXist-db\lib\batik-dom-1.12.jar:C:\eXist-db\lib\batik-ext-1.12.jar:C:\eXist-db\lib\batik-extension-1.12.jar:C:\eXist-db\lib\batik-gvt-1.12.jar:C:\eXist-db\lib\batik-i18n-1.12.jar:C:\eXist-db\lib\batik-parser-1.12.jar:C:\eXist-db\lib\batik-script-1.12.jar:C:\eXist-db\lib\batik-svg-dom-1.12.jar:C:\eXist-db\lib\batik-svggen-1.12.jar:C:\eXist-db\lib\batik-transcoder-1.12.jar:C:\eXist-db\lib\batik-util-1.12.jar:C:\eXist-db\lib\batik-xml-1.12.jar:C:\eXist-db\lib\bcmail-jdk15on-1.64.jar:C:\eXist-db\lib\bcpkix-jdk15on-1.64.jar:C:\eXist-db\lib\bcprov-jdk15on-1.64.jar:C:\eXist-db\lib\boilerpipe-1.1.0.jar:C:\eXist-db\lib\bzip2-0.9.1.jar:C:\eXist-db\lib\c3p0-0.9.5.4.jar:C:\eXist-db\lib\caffeine-2.8.1.jar:C:\eXist-db\lib\cdm-4.5.5.jar:C:\eXist-db\lib\cglib-3.3.0.jar:C:\eXist-db\lib\checker-qual-3.1.0.jar:C:\eXist-db\lib\clj-ds-0.0.4.jar:C:\eXist-db\lib\commons-beanutils-1.8.2.jar:C:\eXist-db\lib\commons-codec-1.14.jar:C:\eXist-db\lib\commons-collections-3.2.2.jar:C:\eXist-db\lib\commons-collections4-4.4.jar:C:\eXist-db\lib\commons-compress-1.18.jar:C:\eXist-db\lib\commons-configuration2-2.6.jar:C:\eXist-db\lib\commons-csv-1.7.jar:C:\eXist-db\lib\commons-daemon-1.2.2.jar:C:\eXist-db\lib\commons-exec-1.3.jar:C:\eXist-db\lib\commons-fileupload-1.4.jar:C:\eXist-db\lib\commons-io-2.6.jar:C:\eXist-db\lib\commons-lang3-3.9.jar:C:\eXist-db\lib\commons-logging-1.2.jar:C:\eXist-db\lib\commons-math3-3.6.1.jar:C:\eXist-db\lib\commons-pool-1.6.jar:C:\eXist-db\lib\commons-text-1.8.jar:C:\eXist-db\lib\concurrent-1.3.4.jar:C:\eXist-db\lib\cql-java-1.13.jar:C:\eXist-db\lib\curvesapi-1.06.jar:C:\eXist-db\lib\cxf-core-3.3.4.jar:C:\eXist-db\lib\cxf-rt-frontend-jaxrs-3.3.4.jar:C:\eXist-db\lib\cxf-rt-rs-client-3.3.4.jar:C:\eXist-db\lib\cxf-rt-security-3.3.4.jar:C:\eXist-db\lib\cxf-rt-transports-http-3.3.4.jar:C:\eXist-db\lib\dec-0.1.2.jar:C:\eXist-db\lib\ehcache-core-2.6.2.jar:C:\eXist-db\lib\error_prone_annotations-2.3.4.jar:C:\eXist-db\lib\exificient-0.9.3.jar:C:\eXist-db\lib\exist-ant-5.2.0.jar:C:\eXist-db\lib\exist-cache-5.2.0.jar:C:\eXist-db\lib\exist-compression-5.2.0.jar:C:\eXist-db\lib\exist-contentextraction-5.2.0.jar:C:\eXist-db\lib\exist-core-5.2.0.jar:C:\eXist-db\lib\exist-counter-5.2.0.jar:C:\eXist-db\lib\exist-cqlparser-5.2.0.jar:C:\eXist-db\lib\exist-exiftool-5.2.0.jar:C:\eXist-db\lib\exist-expath-5.2.0.jar:C:\eXist-db\lib\exist-expathrepo-5.2.0.jar:C:\eXist-db\lib\exist-exquery-request-module-5.2.0.jar:C:\eXist-db\lib\exist-file-5.2.0.jar:C:\eXist-db\lib\exist-image-5.2.0.jar:C:\eXist-db\lib\exist-index-lucene-5.2.0.jar:C:\eXist-db\lib\exist-index-ngram-5.2.0.jar:C:\eXist-db\lib\exist-index-range-5.2.0.jar:C:\eXist-db\lib\exist-index-sort-5.2.0.jar:C:\eXist-db\lib\exist-index-spatial-5.2.0.jar:C:\eXist-db\lib\exist-jndi-5.2.0.jar:C:\eXist-db\lib\exist-mail-5.2.0.jar:C:\eXist-db\lib\exist-persistentlogin-5.2.0.jar:C:\eXist-db\lib\exist-process-5.2.0.jar:C:\eXist-db\lib\exist-restxq-5.2.0.jar:C:\eXist-db\lib\exist-scheduler-5.2.0.jar:C:\eXist-db\lib\exist-security-activedirectory-5.2.0.jar:C:\eXist-db\lib\exist-security-iprange-5.2.0.jar:C:\eXist-db\lib\exist-security-ldap-5.2.0.jar:C:\eXist-db\lib\exist-service-5.2.0.jar:C:\eXist-db\lib\exist-simpleql-5.2.0.jar:C:\eXist-db\lib\exist-sql-5.2.0.jar:C:\eXist-db\lib\exist-start-5.2.0.jar:C:\eXist-db\lib\exist-webdav-5.2.0.jar:C:\eXist-db\lib\exist-xmldiff-5.2.0.jar:C:\eXist-db\lib\exist-xqdoc-5.2.0.jar:C:\eXist-db\lib\exist-xslfo-5.2.0.jar:C:\eXist-db\lib\exquery-annotations-common-0.1.35.jar:C:\eXist-db\lib\exquery-annotations-common-api-0.1.35.jar:C:\eXist-db\lib\exquery-common-0.1.35.jar:C:\eXist-db\lib\exquery-restxq-0.1.35.jar:C:\eXist-db\lib\exquery-restxq-api-0.1.35.jar:C:\eXist-db\lib\exquery-serialization-annotations-0.1.35.jar:C:\eXist-db\lib\exquery-serialization-annotations-api-0.1.35.jar:C:\eXist-db\lib\exquery-xquery-0.1.35.jar:C:\eXist-db\lib\exquery-xquery3-0.1.35.jar:C:\eXist-db\lib\failureaccess-1.0.1.jar:C:\eXist-db\lib\fastutil-8.3.0.jar:C:\eXist-db\lib\fontbox-2.0.17.jar:C:\eXist-db\lib\fop-2.4.jar:C:\eXist-db\lib\fop-core-2.4.jar:C:\eXist-db\lib\fop-events-2.4.jar:C:\eXist-db\lib\fop-util-2.4.jar:C:\eXist-db\lib\geoapi-3.0.1.jar:C:\eXist-db\lib\geoapi-nogenerics-2.1.1.jar:C:\eXist-db\lib\grib-4.5.5.jar:C:\eXist-db\lib\gson-2.8.6.jar:C:\eXist-db\lib\gt2-api-2.4.5.jar:C:\eXist-db\lib\gt2-epsg-wkt-2.4.5.jar:C:\eXist-db\lib\gt2-main-2.4.5.jar:C:\eXist-db\lib\gt2-metadata-2.4.5.jar:C:\eXist-db\lib\gt2-referencing-2.4.5.jar:C:\eXist-db\lib\guava-28.1-jre.jar:C:\eXist-db\lib\hamcrest-2.2.jar:C:\eXist-db\lib\hamcrest-core-1.3.jar:C:\eXist-db\lib\hsqldb-2.5.0.jar:C:\eXist-db\lib\http-client-java-1.2.2.jar:C:\eXist-db\lib\httpclient-4.5.11.jar:C:\eXist-db\lib\httpcore-4.4.13.jar:C:\eXist-db\lib\httpmime-4.5.11.jar:C:\eXist-db\lib\httpservices-4.5.5.jar:C:\eXist-db\lib\icu4j-59.1.jar:C:\eXist-db\lib\isoparser-1.1.22.jar:C:\eXist-db\lib\isorelax-20030108.jar:C:\eXist-db\lib\istack-commons-runtime-3.0.7.jar:C:\eXist-db\lib\izpack-uninstaller.jar:C:\eXist-db\lib\j2objc-annotations-1.3.jar:C:\eXist-db\lib\j8fu-1.23.0.jar:C:\eXist-db\lib\jackcess-3.0.1.jar:C:\eXist-db\lib\jackcess-encrypt-3.0.0.jar:C:\eXist-db\lib\jackson-annotations-2.10.1.jar:C:\eXist-db\lib\jackson-core-2.10.2.jar:C:\eXist-db\lib\jackson-databind-2.10.1.jar:C:\eXist-db\lib\jai-codec-1.1.3.jar:C:\eXist-db\lib\jai-core-1.1.3.jar:C:\eXist-db\lib\jai-imageio-core-1.4.0.jar:C:\eXist-db\lib\jai_core-1.1.3.jar:C:\eXist-db\lib\jakarta.activation-1.2.1.jar:C:\eXist-db\lib\jakarta.activation-api-1.2.1.jar:C:\eXist-db\lib\jakarta.mail-1.6.4.jar:C:\eXist-db\lib\jakarta.ws.rs-api-2.1.5.jar:C:\eXist-db\lib\jakarta.xml.bind-api-2.3.2.jar:C:\eXist-db\lib\jansi-1.18.jar:C:\eXist-db\lib\jargo-0.4.14.jar:C:\eXist-db\lib\java-cup-10k.jar:C:\eXist-db\lib\java-libpst-0.8.1.jar:C:\eXist-db\lib\java-uuid-generator-3.2.0.jar:C:\eXist-db\lib\javax-websocket-client-impl-9.4.26.v20200117.jar:C:\eXist-db\lib\javax-websocket-server-impl-9.4.26.v20200117.jar:C:\eXist-db\lib\javax.activation-api-1.2.0.jar:C:\eXist-db\lib\javax.annotation-api-1.3.jar:C:\eXist-db\lib\javax.servlet-api-3.1.0.jar:C:\eXist-db\lib\javax.websocket-api-1.0.jar:C:\eXist-db\lib\javax.websocket-client-api-1.0.jar:C:\eXist-db\lib\jaxb-api-2.3.1.jar:C:\eXist-db\lib\jaxb-runtime-2.3.1.jar:C:\eXist-db\lib\jbig2-imageio-3.0.2.jar:C:\eXist-db\lib\jcip-annotations-1.0.jar:C:\eXist-db\lib\jcl-over-slf4j-1.7.28.jar:C:\eXist-db\lib\jcommander-1.35.jar:C:\eXist-db\lib\jctools-core-3.0.0.jar:C:\eXist-db\lib\jdom-1.0.jar:C:\eXist-db\lib\jdom-1.1.jar:C:\eXist-db\lib\jdom2-2.0.6.jar:C:\eXist-db\lib\jempbox-1.8.16.jar:C:\eXist-db\lib\jetty-annotations-9.4.26.v20200117.jar:C:\eXist-db\lib\jetty-client-9.4.26.v20200117.jar:C:\eXist-db\lib\jetty-deploy-9.4.26.v20200117.jar:C:\eXist-db\lib\jetty-http-9.4.26.v20200117.jar:C:\eXist-db\lib\jetty-io-9.4.26.v20200117.jar:C:\eXist-db\lib\jetty-jaas-9.4.26.v20200117.jar:C:\eXist-db\lib\jetty-jmx-9.4.26.v20200117.jar:C:\eXist-db\lib\jetty-jndi-9.4.26.v20200117.jar:C:\eXist-db\lib\jetty-plus-9.4.26.v20200117.jar:C:\eXist-db\lib\jetty-security-9.4.26.v20200117.jar:C:\eXist-db\lib\jetty-server-9.4.26.v20200117.jar:C:\eXist-db\lib\jetty-servlet-9.4.26.v20200117.jar:C:\eXist-db\lib\jetty-util-9.4.26.v20200117.jar:C:\eXist-db\lib\jetty-webapp-9.4.26.v20200117.jar:C:\eXist-db\lib\jetty-xml-9.4.26.v20200117.jar:C:\eXist-db\lib\jhighlight-1.0.3.jar:C:\eXist-db\lib\jing-20151127.jar:C:\eXist-db\lib\jline-3.13.3.jar:C:\eXist-db\lib\jmatio-1.5.jar:C:\eXist-db\lib\jna-5.5.0.jar:C:\eXist-db\lib\joda-time-2.2.jar:C:\eXist-db\lib\json-simple-1.1.1.jar:C:\eXist-db\lib\jsoup-1.12.1.jar:C:\eXist-db\lib\jsr108-0.01.jar:C:\eXist-db\lib\jsr305-3.0.2.jar:C:\eXist-db\lib\jts-1.8.jar:C:\eXist-db\lib\jul-to-slf4j-1.7.28.jar:C:\eXist-db\lib\junit-4.13.jar:C:\eXist-db\lib\juniversalchardet-1.0.3.jar:C:\eXist-db\lib\junrar-4.0.0.jar:C:\eXist-db\lib\listenablefuture-9999.0-empty-to-avoid-conflict-with-guava.jar:C:\eXist-db\lib\log4j-api-2.13.0.jar:C:\eXist-db\lib\log4j-core-2.13.0.jar:C:\eXist-db\lib\log4j-jcl-2.13.0.jar:C:\eXist-db\lib\log4j-jul-2.13.0.jar:C:\eXist-db\lib\log4j-slf4j-impl-2.13.0.jar:C:\eXist-db\lib\lucene-analyzers-common-4.10.4.jar:C:\eXist-db\lib\lucene-analyzers-icu-4.10.4.jar:C:\eXist-db\lib\lucene-core-4.10.4.jar:C:\eXist-db\lib\lucene-facet-4.10.4.jar:C:\eXist-db\lib\lucene-queries-4.10.4.jar:C:\eXist-db\lib\lucene-queryparser-4.10.4.jar:C:\eXist-db\lib\lucene-sandbox-4.10.4.jar:C:\eXist-db\lib\lz4-java-1.7.1.jar:C:\eXist-db\lib\mchange-commons-java-0.2.15.jar:C:\eXist-db\lib\metadata-extractor-2.11.0.jar:C:\eXist-db\lib\milton-api-1.8.1.3.jar:C:\eXist-db\lib\milton-servlet-1.8.1.3.jar:C:\eXist-db\lib\mime-util-2.1.3.jar:C:\eXist-db\lib\multilock-1.0.1.jar:C:\eXist-db\lib\nekohtml-1.9.22.jar:C:\eXist-db\lib\netcdf4-4.5.5.jar:C:\eXist-db\lib\openjson-1.0.11.jar:C:\eXist-db\lib\opennlp-tools-1.9.1.jar:C:\eXist-db\lib\parso-2.0.11.jar:C:\eXist-db\lib\pdfbox-2.0.17.jar:C:\eXist-db\lib\pdfbox-tools-2.0.17.jar:C:\eXist-db\lib\pkg-java-1.4.2.jar:C:\eXist-db\lib\plexus-utils-3.2.0.jar:C:\eXist-db\lib\poi-4.1.1.jar:C:\eXist-db\lib\poi-ooxml-4.1.1.jar:C:\eXist-db\lib\poi-ooxml-schemas-4.1.1.jar:C:\eXist-db\lib\poi-scratchpad-4.1.1.jar:C:\eXist-db\lib\protobuf-java-3.11.0.jar:C:\eXist-db\lib\qdox-1.12.jar:C:\eXist-db\lib\quartz-2.3.2.jar:C:\eXist-db\lib\rome-1.12.2.jar:C:\eXist-db\lib\rome-utils-1.12.2.jar:C:\eXist-db\lib\rsyntaxtextarea-3.0.8.jar:C:\eXist-db\lib\sentiment-analysis-parser-0.1.jar:C:\eXist-db\lib\serializer-2.7.2.jar:C:\eXist-db\lib\servlet-api-2.2.jar:C:\eXist-db\lib\sis-feature-1.0.jar:C:\eXist-db\lib\sis-metadata-1.0.jar:C:\eXist-db\lib\sis-netcdf-1.0.jar:C:\eXist-db\lib\sis-referencing-1.0.jar:C:\eXist-db\lib\sis-storage-1.0.jar:C:\eXist-db\lib\sis-utility-1.0.jar:C:\eXist-db\lib\slf4j-api-1.7.30.jar:C:\eXist-db\lib\spring-2.5.6.jar:C:\eXist-db\lib\spring-beans-2.5.6.jar:C:\eXist-db\lib\spring-context-2.5.6.jar:C:\eXist-db\lib\spring-context-support-2.5.6.jar:C:\eXist-db\lib\spring-core-2.5.6.jar:C:\eXist-db\lib\spring-web-2.5.6.jar:C:\eXist-db\lib\spring-webmvc-2.5.6.jar:C:\eXist-db\lib\stax-1.1.1-dev.jar:C:\eXist-db\lib\stax-api-1.0.1.jar:C:\eXist-db\lib\stax-ex-1.8.jar:C:\eXist-db\lib\stax-utils-20060502.jar:C:\eXist-db\lib\stax2-api-3.1.4.jar:C:\eXist-db\lib\stringtemplate-3.0.jar:C:\eXist-db\lib\tagsoup-1.2.1.jar:C:\eXist-db\lib\tika-core-1.23.jar:C:\eXist-db\lib\tika-parsers-1.23.jar:C:\eXist-db\lib\tools-java-0.3.0.jar:C:\eXist-db\lib\txw2-2.3.1.jar:C:\eXist-db\lib\udunits-4.5.5.jar:C:\eXist-db\lib\unit-api-1.0.jar:C:\eXist-db\lib\vecmath-1.3.1.jar:C:\eXist-db\lib\vorbis-java-core-0.8.jar:C:\eXist-db\lib\vorbis-java-tika-0.8.jar:C:\eXist-db\lib\websocket-api-9.4.26.v20200117.jar:C:\eXist-db\lib\websocket-client-9.4.26.v20200117.jar:C:\eXist-db\lib\websocket-common-9.4.26.v20200117.jar:C:\eXist-db\lib\websocket-server-9.4.26.v20200117.jar:C:\eXist-db\lib\websocket-servlet-9.4.26.v20200117.jar:C:\eXist-db\lib\woodstox-core-5.0.3.jar:C:\eXist-db\lib\ws-commons-util-1.0.2.jar:C:\eXist-db\lib\xalan-2.7.2.jar:C:\eXist-db\lib\xercesImpl-2.12.1-xml-schema-1.1.jar:C:\eXist-db\lib\xml-apis-1.4.01.jar:C:\eXist-db\lib\xml-apis-ext-1.3.04.jar:C:\eXist-db\lib\xml-resolver-1.2.jar:C:\eXist-db\lib\xmlbeans-3.1.0.jar:C:\eXist-db\lib\xmldb-api-1.7.0.jar:C:\eXist-db\lib\xmlgraphics-commons-2.4.jar:C:\eXist-db\lib\xmlrpc-client-3.1.3.jar:C:\eXist-db\lib\xmlrpc-common-3.1.3.jar:C:\eXist-db\lib\xmlrpc-server-3.1.3.jar:C:\eXist-db\lib\xmlschema-core-2.2.4.jar:C:\eXist-db\lib\xmlunit-core-2.6.3.jar:C:\eXist-db\lib\xmpcore-5.1.3.jar:C:\eXist-db\lib\xpath2-1.2.0.jar:C:\eXist-db\lib\xqdoc-conversion-1.6.jar:C:\eXist-db\lib\xqjapi-1.0-fr.jar:C:\eXist-db\lib\xz-1.8.jar:..\..\..\Desktop\lib\exist-xqj-1.0.1.jar:..\..\..\Desktop\lib\exist-xqj-examples.jar:..\..\..\Desktop\lib\xqj2-0.0.1.jar:..\..\..\Desktop\lib\xqjapi.jar:build/classes:C:\Program Files\NetBeans 8.2\platform\modules\ext\junit-4.12.jar:C:\Program Files\NetBeans 8.2\platform\modules\ext\hamcrest-core-1.3.jar" />
    <property name="libs.hibernate4-persistencemodelgen.javadoc" value="" />
    <property name="netbeans.accept_license_class" value="org.netbeans.license.AcceptLicense" />
    <property name="ap.cmd.line.internal" value="" />
    <property name="libs.hamcrest.maven-pom" value="" />
    <property name="javac.deprecation" value="false" />
    <property name="file.reference.exist-mail-5.2.0.jar" value="C:\eXist-db\lib\exist-mail-5.2.0.jar" />
    <property name="libs.swing-layout.src" value="C:\Program Files\NetBeans 8.2\platform\docs\swing-layout-1.0.4-src.zip" />
    <property name="file.reference.cglib-3.3.0.jar" value="C:\eXist-db\lib\cglib-3.3.0.jar" />
    <property name="test.includes" value="Pruebas/Test3.java" />
    <property name="libs.jsf20.classpath" value="C:\Users\Usuario\AppData\Roaming\NetBeans\8.2\modules\ext\jsf-2_2\javax.faces.jar" />
    <property name="file.reference.fontbox-2.0.17.jar" value="C:\eXist-db\lib\fontbox-2.0.17.jar" />
    <property name="file.reference.log4j-core-2.13.0.jar" value="C:\eXist-db\lib\log4j-core-2.13.0.jar" />
    <property name="java.class.path" value="C:\eXist-db\lib\animal-sniffer-annotations-1.18.jar;C:\eXist-db\lib\FastInfoset-1.2.15.jar;C:\eXist-db\lib\HikariCP-java7-2.4.13.jar;C:\eXist-db\lib\Saxon-HE-9.9.1-6.jar;C:\eXist-db\lib\ant-1.10.7.jar;C:\eXist-db\lib\ant-launcher-1.10.7.jar;C:\eXist-db\lib\antlr-2.7.7.jar;C:\eXist-db\lib\antlr-3.0.jar;C:\eXist-db\lib\aopalliance-1.0.jar;C:\eXist-db\lib\apache-mime4j-core-0.8.3.jar;C:\eXist-db\lib\apache-mime4j-dom-0.8.3.jar;C:\eXist-db\lib\appassembler-booter-2.1.0.jar;C:\eXist-db\lib\appassembler-model-2.1.0.jar;C:\eXist-db\lib\asm-7.1.jar;C:\eXist-db\lib\asm-analysis-7.2.jar;C:\eXist-db\lib\asm-commons-7.2.jar;C:\eXist-db\lib\asm-tree-7.2.jar;C:\eXist-db\lib\aspectjrt-1.9.4.jar;C:\eXist-db\lib\avalon-framework-api-4.3.1.jar;C:\eXist-db\lib\avalon-framework-impl-4.3.1.jar;C:\eXist-db\lib\batik-anim-1.12.jar;C:\eXist-db\lib\batik-awt-util-1.12.jar;C:\eXist-db\lib\batik-bridge-1.12.jar;C:\eXist-db\lib\batik-constants-1.12.jar;C:\eXist-db\lib\batik-css-1.12.jar;C:\eXist-db\lib\batik-dom-1.12.jar;C:\eXist-db\lib\batik-ext-1.12.jar;C:\eXist-db\lib\batik-extension-1.12.jar;C:\eXist-db\lib\batik-gvt-1.12.jar;C:\eXist-db\lib\batik-i18n-1.12.jar;C:\eXist-db\lib\batik-parser-1.12.jar;C:\eXist-db\lib\batik-script-1.12.jar;C:\eXist-db\lib\batik-svg-dom-1.12.jar;C:\eXist-db\lib\batik-svggen-1.12.jar;C:\eXist-db\lib\batik-transcoder-1.12.jar;C:\eXist-db\lib\batik-util-1.12.jar;C:\eXist-db\lib\batik-xml-1.12.jar;C:\eXist-db\lib\bcmail-jdk15on-1.64.jar;C:\eXist-db\lib\bcpkix-jdk15on-1.64.jar;C:\eXist-db\lib\bcprov-jdk15on-1.64.jar;C:\eXist-db\lib\boilerpipe-1.1.0.jar;C:\eXist-db\lib\bzip2-0.9.1.jar;C:\eXist-db\lib\c3p0-0.9.5.4.jar;C:\eXist-db\lib\caffeine-2.8.1.jar;C:\eXist-db\lib\cdm-4.5.5.jar;C:\eXist-db\lib\cglib-3.3.0.jar;C:\eXist-db\lib\checker-qual-3.1.0.jar;C:\eXist-db\lib\clj-ds-0.0.4.jar;C:\eXist-db\lib\commons-beanutils-1.8.2.jar;C:\eXist-db\lib\commons-codec-1.14.jar;C:\eXist-db\lib\commons-collections-3.2.2.jar;C:\eXist-db\lib\commons-collections4-4.4.jar;C:\eXist-db\lib\commons-compress-1.18.jar;C:\eXist-db\lib\commons-configuration2-2.6.jar;C:\eXist-db\lib\commons-csv-1.7.jar;C:\eXist-db\lib\commons-daemon-1.2.2.jar;C:\eXist-db\lib\commons-exec-1.3.jar;C:\eXist-db\lib\commons-fileupload-1.4.jar;C:\eXist-db\lib\commons-io-2.6.jar;C:\eXist-db\lib\commons-lang3-3.9.jar;C:\eXist-db\lib\commons-logging-1.2.jar;C:\eXist-db\lib\commons-math3-3.6.1.jar;C:\eXist-db\lib\commons-pool-1.6.jar;C:\eXist-db\lib\commons-text-1.8.jar;C:\eXist-db\lib\concurrent-1.3.4.jar;C:\eXist-db\lib\cql-java-1.13.jar;C:\eXist-db\lib\curvesapi-1.06.jar;C:\eXist-db\lib\cxf-core-3.3.4.jar;C:\eXist-db\lib\cxf-rt-frontend-jaxrs-3.3.4.jar;C:\eXist-db\lib\cxf-rt-rs-client-3.3.4.jar;C:\eXist-db\lib\cxf-rt-security-3.3.4.jar;C:\eXist-db\lib\cxf-rt-transports-http-3.3.4.jar;C:\eXist-db\lib\dec-0.1.2.jar;C:\eXist-db\lib\ehcache-core-2.6.2.jar;C:\eXist-db\lib\error_prone_annotations-2.3.4.jar;C:\eXist-db\lib\exificient-0.9.3.jar;C:\eXist-db\lib\exist-ant-5.2.0.jar;C:\eXist-db\lib\exist-cache-5.2.0.jar;C:\eXist-db\lib\exist-compression-5.2.0.jar;C:\eXist-db\lib\exist-contentextraction-5.2.0.jar;C:\eXist-db\lib\exist-core-5.2.0.jar;C:\eXist-db\lib\exist-counter-5.2.0.jar;C:\eXist-db\lib\exist-cqlparser-5.2.0.jar;C:\eXist-db\lib\exist-exiftool-5.2.0.jar;C:\eXist-db\lib\exist-expath-5.2.0.jar;C:\eXist-db\lib\exist-expathrepo-5.2.0.jar;C:\eXist-db\lib\exist-exquery-request-module-5.2.0.jar;C:\eXist-db\lib\exist-file-5.2.0.jar;C:\eXist-db\lib\exist-image-5.2.0.jar;C:\eXist-db\lib\exist-index-lucene-5.2.0.jar;C:\eXist-db\lib\exist-index-ngram-5.2.0.jar;C:\eXist-db\lib\exist-index-range-5.2.0.jar;C:\eXist-db\lib\exist-index-sort-5.2.0.jar;C:\eXist-db\lib\exist-index-spatial-5.2.0.jar;C:\eXist-db\lib\exist-jndi-5.2.0.jar;C:\eXist-db\lib\exist-mail-5.2.0.jar;C:\eXist-db\lib\exist-persistentlogin-5.2.0.jar;C:\eXist-db\lib\exist-process-5.2.0.jar;C:\eXist-db\lib\exist-restxq-5.2.0.jar;C:\eXist-db\lib\exist-scheduler-5.2.0.jar;C:\eXist-db\lib\exist-security-activedirectory-5.2.0.jar;C:\eXist-db\lib\exist-security-iprange-5.2.0.jar;C:\eXist-db\lib\exist-security-ldap-5.2.0.jar;C:\eXist-db\lib\exist-service-5.2.0.jar;C:\eXist-db\lib\exist-simpleql-5.2.0.jar;C:\eXist-db\lib\exist-sql-5.2.0.jar;C:\eXist-db\lib\exist-start-5.2.0.jar;C:\eXist-db\lib\exist-webdav-5.2.0.jar;C:\eXist-db\lib\exist-xmldiff-5.2.0.jar;C:\eXist-db\lib\exist-xqdoc-5.2.0.jar;C:\eXist-db\lib\exist-xslfo-5.2.0.jar;C:\eXist-db\lib\exquery-annotations-common-0.1.35.jar;C:\eXist-db\lib\exquery-annotations-common-api-0.1.35.jar;C:\eXist-db\lib\exquery-common-0.1.35.jar;C:\eXist-db\lib\exquery-restxq-0.1.35.jar;C:\eXist-db\lib\exquery-restxq-api-0.1.35.jar;C:\eXist-db\lib\exquery-serialization-annotations-0.1.35.jar;C:\eXist-db\lib\exquery-serialization-annotations-api-0.1.35.jar;C:\eXist-db\lib\exquery-xquery-0.1.35.jar;C:\eXist-db\lib\exquery-xquery3-0.1.35.jar;C:\eXist-db\lib\failureaccess-1.0.1.jar;C:\eXist-db\lib\fastutil-8.3.0.jar;C:\eXist-db\lib\fontbox-2.0.17.jar;C:\eXist-db\lib\fop-2.4.jar;C:\eXist-db\lib\fop-core-2.4.jar;C:\eXist-db\lib\fop-events-2.4.jar;C:\eXist-db\lib\fop-util-2.4.jar;C:\eXist-db\lib\geoapi-3.0.1.jar;C:\eXist-db\lib\geoapi-nogenerics-2.1.1.jar;C:\eXist-db\lib\grib-4.5.5.jar;C:\eXist-db\lib\gson-2.8.6.jar;C:\eXist-db\lib\gt2-api-2.4.5.jar;C:\eXist-db\lib\gt2-epsg-wkt-2.4.5.jar;C:\eXist-db\lib\gt2-main-2.4.5.jar;C:\eXist-db\lib\gt2-metadata-2.4.5.jar;C:\eXist-db\lib\gt2-referencing-2.4.5.jar;C:\eXist-db\lib\guava-28.1-jre.jar;C:\eXist-db\lib\hamcrest-2.2.jar;C:\eXist-db\lib\hamcrest-core-1.3.jar;C:\eXist-db\lib\hsqldb-2.5.0.jar;C:\eXist-db\lib\http-client-java-1.2.2.jar;C:\eXist-db\lib\httpclient-4.5.11.jar;C:\eXist-db\lib\httpcore-4.4.13.jar;C:\eXist-db\lib\httpmime-4.5.11.jar;C:\eXist-db\lib\httpservices-4.5.5.jar;C:\eXist-db\lib\icu4j-59.1.jar;C:\eXist-db\lib\isoparser-1.1.22.jar;C:\eXist-db\lib\isorelax-20030108.jar;C:\eXist-db\lib\istack-commons-runtime-3.0.7.jar;C:\eXist-db\lib\izpack-uninstaller.jar;C:\eXist-db\lib\j2objc-annotations-1.3.jar;C:\eXist-db\lib\j8fu-1.23.0.jar;C:\eXist-db\lib\jackcess-3.0.1.jar;C:\eXist-db\lib\jackcess-encrypt-3.0.0.jar;C:\eXist-db\lib\jackson-annotations-2.10.1.jar;C:\eXist-db\lib\jackson-core-2.10.2.jar;C:\eXist-db\lib\jackson-databind-2.10.1.jar;C:\eXist-db\lib\jai-codec-1.1.3.jar;C:\eXist-db\lib\jai-core-1.1.3.jar;C:\eXist-db\lib\jai-imageio-core-1.4.0.jar;C:\eXist-db\lib\jai_core-1.1.3.jar;C:\eXist-db\lib\jakarta.activation-1.2.1.jar;C:\eXist-db\lib\jakarta.activation-api-1.2.1.jar;C:\eXist-db\lib\jakarta.mail-1.6.4.jar;C:\eXist-db\lib\jakarta.ws.rs-api-2.1.5.jar;C:\eXist-db\lib\jakarta.xml.bind-api-2.3.2.jar;C:\eXist-db\lib\jansi-1.18.jar;C:\eXist-db\lib\jargo-0.4.14.jar;C:\eXist-db\lib\java-cup-10k.jar;C:\eXist-db\lib\java-libpst-0.8.1.jar;C:\eXist-db\lib\java-uuid-generator-3.2.0.jar;C:\eXist-db\lib\javax-websocket-client-impl-9.4.26.v20200117.jar;C:\eXist-db\lib\javax-websocket-server-impl-9.4.26.v20200117.jar;C:\eXist-db\lib\javax.activation-api-1.2.0.jar;C:\eXist-db\lib\javax.annotation-api-1.3.jar;C:\eXist-db\lib\javax.servlet-api-3.1.0.jar;C:\eXist-db\lib\javax.websocket-api-1.0.jar;C:\eXist-db\lib\javax.websocket-client-api-1.0.jar;C:\eXist-db\lib\jaxb-api-2.3.1.jar;C:\eXist-db\lib\jaxb-runtime-2.3.1.jar;C:\eXist-db\lib\jbig2-imageio-3.0.2.jar;C:\eXist-db\lib\jcip-annotations-1.0.jar;C:\eXist-db\lib\jcl-over-slf4j-1.7.28.jar;C:\eXist-db\lib\jcommander-1.35.jar;C:\eXist-db\lib\jctools-core-3.0.0.jar;C:\eXist-db\lib\jdom-1.0.jar;C:\eXist-db\lib\jdom-1.1.jar;C:\eXist-db\lib\jdom2-2.0.6.jar;C:\eXist-db\lib\jempbox-1.8.16.jar;C:\eXist-db\lib\jetty-annotations-9.4.26.v20200117.jar;C:\eXist-db\lib\jetty-client-9.4.26.v20200117.jar;C:\eXist-db\lib\jetty-deploy-9.4.26.v20200117.jar;C:\eXist-db\lib\jetty-http-9.4.26.v20200117.jar;C:\eXist-db\lib\jetty-io-9.4.26.v20200117.jar;C:\eXist-db\lib\jetty-jaas-9.4.26.v20200117.jar;C:\eXist-db\lib\jetty-jmx-9.4.26.v20200117.jar;C:\eXist-db\lib\jetty-jndi-9.4.26.v20200117.jar;C:\eXist-db\lib\jetty-plus-9.4.26.v20200117.jar;C:\eXist-db\lib\jetty-security-9.4.26.v20200117.jar;C:\eXist-db\lib\jetty-server-9.4.26.v20200117.jar;C:\eXist-db\lib\jetty-servlet-9.4.26.v20200117.jar;C:\eXist-db\lib\jetty-util-9.4.26.v20200117.jar;C:\eXist-db\lib\jetty-webapp-9.4.26.v20200117.jar;C:\eXist-db\lib\jetty-xml-9.4.26.v20200117.jar;C:\eXist-db\lib\jhighlight-1.0.3.jar;C:\eXist-db\lib\jing-20151127.jar;C:\eXist-db\lib\jline-3.13.3.jar;C:\eXist-db\lib\jmatio-1.5.jar;C:\eXist-db\lib\jna-5.5.0.jar;C:\eXist-db\lib\joda-time-2.2.jar;C:\eXist-db\lib\json-simple-1.1.1.jar;C:\eXist-db\lib\jsoup-1.12.1.jar;C:\eXist-db\lib\jsr108-0.01.jar;C:\eXist-db\lib\jsr305-3.0.2.jar;C:\eXist-db\lib\jts-1.8.jar;C:\eXist-db\lib\jul-to-slf4j-1.7.28.jar;C:\eXist-db\lib\junit-4.13.jar;C:\eXist-db\lib\juniversalchardet-1.0.3.jar;C:\eXist-db\lib\junrar-4.0.0.jar;C:\eXist-db\lib\listenablefuture-9999.0-empty-to-avoid-conflict-with-guava.jar;C:\eXist-db\lib\log4j-api-2.13.0.jar;C:\eXist-db\lib\log4j-core-2.13.0.jar;C:\eXist-db\lib\log4j-jcl-2.13.0.jar;C:\eXist-db\lib\log4j-jul-2.13.0.jar;C:\eXist-db\lib\log4j-slf4j-impl-2.13.0.jar;C:\eXist-db\lib\lucene-analyzers-common-4.10.4.jar;C:\eXist-db\lib\lucene-analyzers-icu-4.10.4.jar;C:\eXist-db\lib\lucene-core-4.10.4.jar;C:\eXist-db\lib\lucene-facet-4.10.4.jar;C:\eXist-db\lib\lucene-queries-4.10.4.jar;C:\eXist-db\lib\lucene-queryparser-4.10.4.jar;C:\eXist-db\lib\lucene-sandbox-4.10.4.jar;C:\eXist-db\lib\lz4-java-1.7.1.jar;C:\eXist-db\lib\mchange-commons-java-0.2.15.jar;C:\eXist-db\lib\metadata-extractor-2.11.0.jar;C:\eXist-db\lib\milton-api-1.8.1.3.jar;C:\eXist-db\lib\milton-servlet-1.8.1.3.jar;C:\eXist-db\lib\mime-util-2.1.3.jar;C:\eXist-db\lib\multilock-1.0.1.jar;C:\eXist-db\lib\nekohtml-1.9.22.jar;C:\eXist-db\lib\netcdf4-4.5.5.jar;C:\eXist-db\lib\openjson-1.0.11.jar;C:\eXist-db\lib\opennlp-tools-1.9.1.jar;C:\eXist-db\lib\parso-2.0.11.jar;C:\eXist-db\lib\pdfbox-2.0.17.jar;C:\eXist-db\lib\pdfbox-tools-2.0.17.jar;C:\eXist-db\lib\pkg-java-1.4.2.jar;C:\eXist-db\lib\plexus-utils-3.2.0.jar;C:\eXist-db\lib\poi-4.1.1.jar;C:\eXist-db\lib\poi-ooxml-4.1.1.jar;C:\eXist-db\lib\poi-ooxml-schemas-4.1.1.jar;C:\eXist-db\lib\poi-scratchpad-4.1.1.jar;C:\eXist-db\lib\protobuf-java-3.11.0.jar;C:\eXist-db\lib\qdox-1.12.jar;C:\eXist-db\lib\quartz-2.3.2.jar;C:\eXist-db\lib\rome-1.12.2.jar;C:\eXist-db\lib\rome-utils-1.12.2.jar;C:\eXist-db\lib\rsyntaxtextarea-3.0.8.jar;C:\eXist-db\lib\sentiment-analysis-parser-0.1.jar;C:\eXist-db\lib\serializer-2.7.2.jar;C:\eXist-db\lib\servlet-api-2.2.jar;C:\eXist-db\lib\sis-feature-1.0.jar;C:\eXist-db\lib\sis-metadata-1.0.jar;C:\eXist-db\lib\sis-netcdf-1.0.jar;C:\eXist-db\lib\sis-referencing-1.0.jar;C:\eXist-db\lib\sis-storage-1.0.jar;C:\eXist-db\lib\sis-utility-1.0.jar;C:\eXist-db\lib\slf4j-api-1.7.30.jar;C:\eXist-db\lib\spring-2.5.6.jar;C:\eXist-db\lib\spring-beans-2.5.6.jar;C:\eXist-db\lib\spring-context-2.5.6.jar;C:\eXist-db\lib\spring-context-support-2.5.6.jar;C:\eXist-db\lib\spring-core-2.5.6.jar;C:\eXist-db\lib\spring-web-2.5.6.jar;C:\eXist-db\lib\spring-webmvc-2.5.6.jar;C:\eXist-db\lib\stax-1.1.1-dev.jar;C:\eXist-db\lib\stax-api-1.0.1.jar;C:\eXist-db\lib\stax-ex-1.8.jar;C:\eXist-db\lib\stax-utils-20060502.jar;C:\eXist-db\lib\stax2-api-3.1.4.jar;C:\eXist-db\lib\stringtemplate-3.0.jar;C:\eXist-db\lib\tagsoup-1.2.1.jar;C:\eXist-db\lib\tika-core-1.23.jar;C:\eXist-db\lib\tika-parsers-1.23.jar;C:\eXist-db\lib\tools-java-0.3.0.jar;C:\eXist-db\lib\txw2-2.3.1.jar;C:\eXist-db\lib\udunits-4.5.5.jar;C:\eXist-db\lib\unit-api-1.0.jar;C:\eXist-db\lib\vecmath-1.3.1.jar;C:\eXist-db\lib\vorbis-java-core-0.8.jar;C:\eXist-db\lib\vorbis-java-tika-0.8.jar;C:\eXist-db\lib\websocket-api-9.4.26.v20200117.jar;C:\eXist-db\lib\websocket-client-9.4.26.v20200117.jar;C:\eXist-db\lib\websocket-common-9.4.26.v20200117.jar;C:\eXist-db\lib\websocket-server-9.4.26.v20200117.jar;C:\eXist-db\lib\websocket-servlet-9.4.26.v20200117.jar;C:\eXist-db\lib\woodstox-core-5.0.3.jar;C:\eXist-db\lib\ws-commons-util-1.0.2.jar;C:\eXist-db\lib\xalan-2.7.2.jar;C:\eXist-db\lib\xercesImpl-2.12.1-xml-schema-1.1.jar;C:\eXist-db\lib\xml-apis-1.4.01.jar;C:\eXist-db\lib\xml-apis-ext-1.3.04.jar;C:\eXist-db\lib\xml-resolver-1.2.jar;C:\eXist-db\lib\xmlbeans-3.1.0.jar;C:\eXist-db\lib\xmldb-api-1.7.0.jar;C:\eXist-db\lib\xmlgraphics-commons-2.4.jar;C:\eXist-db\lib\xmlrpc-client-3.1.3.jar;C:\eXist-db\lib\xmlrpc-common-3.1.3.jar;C:\eXist-db\lib\xmlrpc-server-3.1.3.jar;C:\eXist-db\lib\xmlschema-core-2.2.4.jar;C:\eXist-db\lib\xmlunit-core-2.6.3.jar;C:\eXist-db\lib\xmpcore-5.1.3.jar;C:\eXist-db\lib\xpath2-1.2.0.jar;C:\eXist-db\lib\xqdoc-conversion-1.6.jar;C:\eXist-db\lib\xqjapi-1.0-fr.jar;C:\eXist-db\lib\xz-1.8.jar;C:\Users\Usuario\Desktop\lib\exist-xqj-1.0.1.jar;C:\Users\Usuario\Desktop\lib\exist-xqj-examples.jar;C:\Users\Usuario\Desktop\lib\xqj2-0.0.1.jar;C:\Users\Usuario\Desktop\lib\xqjapi.jar;C:\Users\Usuario\Documents\NetBeansProjects\FutbolXMLNATIVA\build\classes;C:\Program Files\NetBeans 8.2\platform\modules\ext\junit-4.12.jar;C:\Program Files\NetBeans 8.2\platform\modules\ext\hamcrest-core-1.3.jar;C:\Users\Usuario\Documents\NetBeansProjects\FutbolXMLNATIVA\build\test\classes;C:\Program Files\NetBeans 8.2\extide\ant\lib\ant-launcher.jar;C:\Program Files\NetBeans 8.2\extide\ant\lib\ant.jar;C:\Program Files\NetBeans 8.2\extide\ant\lib\ant-junit.jar;C:\Program Files\NetBeans 8.2\extide\ant\lib\ant-junit4.jar" />
    <property name="libs.jaxws21.javadoc" value="C:\Program Files\NetBeans 8.2\java\docs\jaxws-api-doc.zip" />
    <property name="file.reference.exist-xslfo-5.2.0.jar" value="C:\eXist-db\lib\exist-xslfo-5.2.0.jar" />
    <property name="libs.MySQLDriver.src" value="" />
    <property name="libs.MySQLDriver.classpath" value="C:\Program Files\NetBeans 8.2\ide\modules\ext\mysql-connector-java-5.1.23-bin.jar" />
    <property name="ant.java.version" value="1.8" />
    <property name="libs.spring-framework400.classpath" value="C:\Program Files\NetBeans 8.2\ide\modules\org-apache-commons-logging.jar;C:\Program Files\NetBeans 8.2\java\modules\ext\cglib-2.2.jar;C:\Program Files\NetBeans 8.2\java\modules\ext\spring-4\spring-aop-4.0.1.RELEASE.jar;C:\Program Files\NetBeans 8.2\java\modules\ext\spring-4\spring-aspects-4.0.1.RELEASE.jar;C:\Program Files\NetBeans 8.2\java\modules\ext\spring-4\spring-beans-4.0.1.RELEASE.jar;C:\Program Files\NetBeans 8.2\java\modules\ext\spring-4\spring-build-src-4.0.1.RELEASE.jar;C:\Program Files\NetBeans 8.2\java\modules\ext\spring-4\spring-context-4.0.1.RELEASE.jar;C:\Program Files\NetBeans 8.2\java\modules\ext\spring-4\spring-context-support-4.0.1.RELEASE.jar;C:\Program Files\NetBeans 8.2\java\modules\ext\spring-4\spring-core-4.0.1.RELEASE.jar;C:\Program Files\NetBeans 8.2\java\modules\ext\spring-4\spring-expression-4.0.1.RELEASE.jar;C:\Program Files\NetBeans 8.2\java\modules\ext\spring-4\spring-framework-bom-4.0.1.RELEASE.jar;C:\Program Files\NetBeans 8.2\java\modules\ext\spring-4\spring-instrument-4.0.1.RELEASE.jar;C:\Program Files\NetBeans 8.2\java\modules\ext\spring-4\spring-instrument-tomcat-4.0.1.RELEASE.jar;C:\Program Files\NetBeans 8.2\java\modules\ext\spring-4\spring-jdbc-4.0.1.RELEASE.jar;C:\Program Files\NetBeans 8.2\java\modules\ext\spring-4\spring-jms-4.0.1.RELEASE.jar;C:\Program Files\NetBeans 8.2\java\modules\ext\spring-4\spring-messaging-4.0.1.RELEASE.jar;C:\Program Files\NetBeans 8.2\java\modules\ext\spring-4\spring-orm-4.0.1.RELEASE.jar;C:\Program Files\NetBeans 8.2\java\modules\ext\spring-4\spring-oxm-4.0.1.RELEASE.jar;C:\Program Files\NetBeans 8.2\java\modules\ext\spring-4\spring-test-4.0.1.RELEASE.jar;C:\Program Files\NetBeans 8.2\java\modules\ext\spring-4\spring-tx-4.0.1.RELEASE.jar;C:\Program Files\NetBeans 8.2\java\modules\ext\spring-4\spring-web-4.0.1.RELEASE.jar;C:\Program Files\NetBeans 8.2\java\modules\ext\spring-4\spring-webmvc-4.0.1.RELEASE.jar;C:\Program Files\NetBeans 8.2\java\modules\ext\spring-4\spring-webmvc-portlet-4.0.1.RELEASE.jar;C:\Program Files\NetBeans 8.2\java\modules\ext\spring-4\spring-websocket-4.0.1.RELEASE.jar" />
    <property name="sun.desktop" value="windows" />
    <property name="annotation.processing.processor.options" value="" />
    <property name="java.specification.version" value="1.8" />
    <property name="annotation.processing.enabled.in.editor" value="false" />
    <property name="libs.eclipselink.src" value="" />
    <property name="sun.boot.library.path" value="C:\Program Files\Java\jdk1.8.0_111\jre\bin" />
    <property name="file.reference.spring-context-support-2.5.6.jar" value="C:\eXist-db\lib\spring-context-support-2.5.6.jar" />
    <property name="file.reference.qdox-1.12.jar" value="C:\eXist-db\lib\qdox-1.12.jar" />
    <property name="file.reference.batik-parser-1.12.jar" value="C:\eXist-db\lib\batik-parser-1.12.jar" />
    <property name="javadoc.encoding" value="UTF-8" />
    <property name="file.reference.stax-utils-20060502.jar" value="C:\eXist-db\lib\stax-utils-20060502.jar" />
    <property name="file.reference.websocket-servlet-9.4.26.v20200117.jar" value="C:\eXist-db\lib\websocket-servlet-9.4.26.v20200117.jar" />
    <property name="file.reference.sis-referencing-1.0.jar" value="C:\eXist-db\lib\sis-referencing-1.0.jar" />
    <property name="javac.compilerargs" value="" />
    <property name="ant.file.type.FutbolXMLNATIVA-impl" value="file" />
    <property name="libs.javaee-web-api-6.0.classpath" value="C:\Users\Usuario\AppData\Roaming\NetBeans\8.2\modules\ext\javaee-web-api-6.0.jar" />
    <property name="netbeans.autoupdate.country" value="ES" />
    <property name="libs.jstl.javadoc" value="" />
    <property name="ant.file.FutbolXMLNATIVA" value="C:\Users\Usuario\Documents\NetBeansProjects\FutbolXMLNATIVA\build.xml" />
    <property name="libs.jpa20-persistence.maven-pom" value="" />
    <property name="file.reference.exist-sql-5.2.0.jar" value="C:\eXist-db\lib\exist-sql-5.2.0.jar" />
    <property name="file.reference.commons-io-2.6.jar" value="C:\eXist-db\lib\commons-io-2.6.jar" />
    <property name="file.reference.lucene-facet-4.10.4.jar" value="C:\eXist-db\lib\lucene-facet-4.10.4.jar" />
    <property name="javac.includes" value="Pruebas/Test3.java" />
    <property name="http.nonProxyHosts" value="localhost|127.0.0.1|DESKTOP-KUA0C3Q" />
    <property name="file.reference.jackcess-3.0.1.jar" value="C:\eXist-db\lib\jackcess-3.0.1.jar" />
    <property name="java.specification.vendor" value="Oracle Corporation" />
    <property name="javac.includes.binary" value="C:\Users\Usuario\Documents\NetBeansProjects\FutbolXMLNATIVA\build\test\classes\Pruebas\Test3.class" />
    <property name="file.reference.guava-28.1-jre.jar" value="C:\eXist-db\lib\guava-28.1-jre.jar" />
    <property name="javadoc.private" value="false" />
    <property name="user.name" value="Usuario" />
    <property name="libs.javaee-endorsed-api-6.0.src" value="" />
    <property name="build.compiler.emacs" value="true" />
    <property name="do.mkdist" value="true" />
    <property name="build.classes.dir" value="build/classes" />
    <property name="file.reference.cxf-core-3.3.4.jar" value="C:\eXist-db\lib\cxf-core-3.3.4.jar" />
    <property name="libs.hibernate4-support.javadoc" value="C:\Program Files\NetBeans 8.2\java\modules\ext\docs\javax.persistence-2.1.0-doc.zip" />
    <property name="file.reference.hamcrest-core-1.3.jar" value="C:\eXist-db\lib\hamcrest-core-1.3.jar" />
    <property name="ant.core.lib" value="C:\Program Files\NetBeans 8.2\extide\ant\lib\ant.jar" />
    <property name="java.endorsed.dirs" value="C:\Program Files\Java\jdk1.8.0_111\jre\lib\endorsed" />
    <property name="libs.jsp-compilation-syscp.maven-pom" value="" />
    <property name="file.reference.ws-commons-util-1.0.2.jar" value="C:\eXist-db\lib\ws-commons-util-1.0.2.jar" />
    <property name="file.reference.lucene-analyzers-common-4.10.4.jar" value="C:\eXist-db\lib\lucene-analyzers-common-4.10.4.jar" />
    <property name="libs.beans-binding.src" value="" />
    <property name="javadoc.nonavbar" value="false" />
    <property name="file.reference.sis-netcdf-1.0.jar" value="C:\eXist-db\lib\sis-netcdf-1.0.jar" />
    <property name="libs.jaxws21.src" value="" />
    <property name="file.reference.jai-core-1.1.3.jar" value="C:\eXist-db\lib\jai-core-1.1.3.jar" />
    <property name="file.reference.json-simple-1.1.1.jar" value="C:\eXist-db\lib\json-simple-1.1.1.jar" />
    <property name="java.util.logging.config.class" value="org.netbeans.core.startup.TopLogging" />
    <property name="file.reference.poi-ooxml-4.1.1.jar" value="C:\eXist-db\lib\poi-ooxml-4.1.1.jar" />
    <property name="file.reference.jctools-core-3.0.0.jar" value="C:\eXist-db\lib\jctools-core-3.0.0.jar" />
    <property name="file.reference.exquery-annotations-common-0.1.35.jar" value="C:\eXist-db\lib\exquery-annotations-common-0.1.35.jar" />
    <property name="libs.eclipselinkmodelgen.javadoc" value="" />
    <property name="file.reference.batik-bridge-1.12.jar" value="C:\eXist-db\lib\batik-bridge-1.12.jar" />
    <property name="file.reference.sis-storage-1.0.jar" value="C:\eXist-db\lib\sis-storage-1.0.jar" />
    <property name="file.reference.exist-index-range-5.2.0.jar" value="C:\eXist-db\lib\exist-index-range-5.2.0.jar" />
    <property name="file.reference.jakarta.activation-1.2.1.jar" value="C:\eXist-db\lib\jakarta.activation-1.2.1.jar" />
    <property name="file.reference.vecmath-1.3.1.jar" value="C:\eXist-db\lib\vecmath-1.3.1.jar" />
    <property name="file.reference.xml-apis-1.4.01.jar" value="C:\eXist-db\lib\xml-apis-1.4.01.jar" />
    <property name="file.reference.jetty-jmx-9.4.26.v20200117.jar" value="C:\eXist-db\lib\jetty-jmx-9.4.26.v20200117.jar" />
    <property name="file.reference.exist-image-5.2.0.jar" value="C:\eXist-db\lib\exist-image-5.2.0.jar" />
    <property name="file.reference.batik-extension-1.12.jar" value="C:\eXist-db\lib\batik-extension-1.12.jar" />
    <property name="libs.jsf12.maven-pom" value="" />
    <property name="libs.spring-webmvc4.0.src" value="" />
    <property name="file.reference.jetty-servlet-9.4.26.v20200117.jar" value="C:\eXist-db\lib\jetty-servlet-9.4.26.v20200117.jar" />
    <property name="java.io.tmpdir" value="C:\Users\Usuario\AppData\Local\Temp\" />
    <property name="file.reference.log4j-slf4j-impl-2.13.0.jar" value="C:\eXist-db\lib\log4j-slf4j-impl-2.13.0.jar" />
    <property name="file.reference.appassembler-model-2.1.0.jar" value="C:\eXist-db\lib\appassembler-model-2.1.0.jar" />
    <property name="file.reference.websocket-client-9.4.26.v20200117.jar" value="C:\eXist-db\lib\websocket-client-9.4.26.v20200117.jar" />
    <property name="user.language" value="es" />
    <property name="file.reference.exquery-restxq-0.1.35.jar" value="C:\eXist-db\lib\exquery-restxq-0.1.35.jar" />
    <property name="ant.version" value="Apache Ant(TM) version 1.9.7 compiled on April 9 2016" />
    <property name="file.reference.jakarta.mail-1.6.4.jar" value="C:\eXist-db\lib\jakarta.mail-1.6.4.jar" />
    <property name="user.properties.file" value="C:\Users\Usuario\AppData\Roaming\NetBeans\8.2\build.properties" />
    <property name="netbeans.dirs" value="C:\Program Files\NetBeans 8.2\nb;C:\Program Files\NetBeans 8.2\ergonomics;C:\Program Files\NetBeans 8.2\ide;C:\Program Files\NetBeans 8.2\extide;C:\Program Files\NetBeans 8.2\java;C:\Program Files\NetBeans 8.2\apisupport;C:\Program Files\NetBeans 8.2\webcommon;C:\Program Files\NetBeans 8.2\websvccommon;C:\Program Files\NetBeans 8.2\enterprise;C:\Program Files\NetBeans 8.2\mobility;C:\Program Files\NetBeans 8.2\profiler;C:\Program Files\NetBeans 8.2\python;C:\Program Files\NetBeans 8.2\php;C:\Program Files\NetBeans 8.2\identity;C:\Program Files\NetBeans 8.2\harness;C:\Program Files\NetBeans 8.2\cnd;C:\Program Files\NetBeans 8.2\cndext;C:\Program Files\NetBeans 8.2\dlight;C:\Program Files\NetBeans 8.2\groovy;C:\Program Files\NetBeans 8.2\extra;C:\Program Files\NetBeans 8.2\javacard;C:\Program Files\NetBeans 8.2\javafx" />
    <property name="file.reference.exist-persistentlogin-5.2.0.jar" value="C:\eXist-db\lib\exist-persistentlogin-5.2.0.jar" />
    <property name="netbeans.productversion" value="NetBeans IDE 8.2 (Build 201609300101)" />
    <property name="file.reference.jline-3.13.3.jar" value="C:\eXist-db\lib\jline-3.13.3.jar" />
    <property name="libs.JAXB-ENDORSED.src" value="" />
    <property name="junit.available" value="true" />
    <property name="file.reference.sis-metadata-1.0.jar" value="C:\eXist-db\lib\sis-metadata-1.0.jar" />
    <property name="libs.jsp-compiler.classpath" value="C:\Users\Usuario\AppData\Roaming\NetBeans\8.2\ant\extra\jspcompile.jar" />
    <property name="file.reference.xmlbeans-3.1.0.jar" value="C:\eXist-db\lib\xmlbeans-3.1.0.jar" />
    <property name="file.reference.rome-utils-1.12.2.jar" value="C:\eXist-db\lib\rome-utils-1.12.2.jar" />
    <property name="javac.includesfile.binary" value="C:\Users\Usuario\Documents\NetBeansProjects\FutbolXMLNATIVA\null170708049" />
    <property name="file.reference.gt2-api-2.4.5.jar" value="C:\eXist-db\lib\gt2-api-2.4.5.jar" />
    <property name="file.reference.exist-restxq-5.2.0.jar" value="C:\eXist-db\lib\exist-restxq-5.2.0.jar" />
    <property name="libs.jaxws21.maven-pom" value="" />
    <property name="libs.CopyLibs.maven-pom" value="" />
    <property name="file.reference.exist-webdav-5.2.0.jar" value="C:\eXist-db\lib\exist-webdav-5.2.0.jar" />
    <property name="libs.javaee-web-api-6.0.javadoc" value="" />
    <property name="file.reference.jaxb-runtime-2.3.1.jar" value="C:\eXist-db\lib\jaxb-runtime-2.3.1.jar" />
    <property name="file.reference.xmlrpc-client-3.1.3.jar" value="C:\eXist-db\lib\xmlrpc-client-3.1.3.jar" />
    <property name="file.reference.jetty-annotations-9.4.26.v20200117.jar" value="C:\eXist-db\lib\jetty-annotations-9.4.26.v20200117.jar" />
    <property name="file.reference.batik-i18n-1.12.jar" value="C:\eXist-db\lib\batik-i18n-1.12.jar" />
    <property name="file.reference.exquery-restxq-api-0.1.35.jar" value="C:\eXist-db\lib\exquery-restxq-api-0.1.35.jar" />
    <property name="java.runtime.name" value="Java(TM) SE Runtime Environment" />
    <property name="file.reference.plexus-utils-3.2.0.jar" value="C:\eXist-db\lib\plexus-utils-3.2.0.jar" />
    <property name="file.reference.opennlp-tools-1.9.1.jar" value="C:\eXist-db\lib\opennlp-tools-1.9.1.jar" />
    <property name="file.reference.multilock-1.0.1.jar" value="C:\eXist-db\lib\multilock-1.0.1.jar" />
    <property name="file.reference.commons-pool-1.6.jar" value="C:\eXist-db\lib\commons-pool-1.6.jar" />
    <property name="file.reference.jai_core-1.1.3.jar" value="C:\eXist-db\lib\jai_core-1.1.3.jar" />
    <property name="file.reference.antlr-2.7.7.jar" value="C:\eXist-db\lib\antlr-2.7.7.jar" />
    <property name="file.reference.HikariCP-java7-2.4.13.jar" value="C:\eXist-db\lib\HikariCP-java7-2.4.13.jar" />
    <property name="file.reference.spring-context-2.5.6.jar" value="C:\eXist-db\lib\spring-context-2.5.6.jar" />
    <property name="org.openide.major.version" value="IDE/1" />
    <property name="file.reference.jai-codec-1.1.3.jar" value="C:\eXist-db\lib\jai-codec-1.1.3.jar" />
    <property name="libs.eclipselinkmodelgen.classpath" value="C:\Program Files\NetBeans 8.2\java\modules\ext\eclipselink\org.eclipse.persistence.jpa.modelgen_2.5.2.v20140319-9ad6abd.jar" />
    <property name="build.test.classes.dir" value="build/test/classes" />
    <property name="sun.java2d.dpiaware" value="true" />
    <property name="file.reference.commons-text-1.8.jar" value="C:\eXist-db\lib\commons-text-1.8.jar" />
    <property name="libs.hibernate4-support.maven-pom" value="" />
    <property name="libs.primefaces.src" value="" />
    <property name="file.reference.ant-launcher-1.10.7.jar" value="C:\eXist-db\lib\ant-launcher-1.10.7.jar" />
    <property name="debug-transport-by-os" value="dt_shmem" />
    <property name="file.reference.rome-1.12.2.jar" value="C:\eXist-db\lib\rome-1.12.2.jar" />
    <property name="user.script" value="" />
    <property name="file.reference.java-cup-10k.jar" value="C:\eXist-db\lib\java-cup-10k.jar" />
    <property name="libs.jsf20.javadoc" value="" />
    <property name="run.test.classpath" value="C:\eXist-db\lib\animal-sniffer-annotations-1.18.jar:C:\eXist-db\lib\FastInfoset-1.2.15.jar:C:\eXist-db\lib\HikariCP-java7-2.4.13.jar:C:\eXist-db\lib\Saxon-HE-9.9.1-6.jar:C:\eXist-db\lib\ant-1.10.7.jar:C:\eXist-db\lib\ant-launcher-1.10.7.jar:C:\eXist-db\lib\antlr-2.7.7.jar:C:\eXist-db\lib\antlr-3.0.jar:C:\eXist-db\lib\aopalliance-1.0.jar:C:\eXist-db\lib\apache-mime4j-core-0.8.3.jar:C:\eXist-db\lib\apache-mime4j-dom-0.8.3.jar:C:\eXist-db\lib\appassembler-booter-2.1.0.jar:C:\eXist-db\lib\appassembler-model-2.1.0.jar:C:\eXist-db\lib\asm-7.1.jar:C:\eXist-db\lib\asm-analysis-7.2.jar:C:\eXist-db\lib\asm-commons-7.2.jar:C:\eXist-db\lib\asm-tree-7.2.jar:C:\eXist-db\lib\aspectjrt-1.9.4.jar:C:\eXist-db\lib\avalon-framework-api-4.3.1.jar:C:\eXist-db\lib\avalon-framework-impl-4.3.1.jar:C:\eXist-db\lib\batik-anim-1.12.jar:C:\eXist-db\lib\batik-awt-util-1.12.jar:C:\eXist-db\lib\batik-bridge-1.12.jar:C:\eXist-db\lib\batik-constants-1.12.jar:C:\eXist-db\lib\batik-css-1.12.jar:C:\eXist-db\lib\batik-dom-1.12.jar:C:\eXist-db\lib\batik-ext-1.12.jar:C:\eXist-db\lib\batik-extension-1.12.jar:C:\eXist-db\lib\batik-gvt-1.12.jar:C:\eXist-db\lib\batik-i18n-1.12.jar:C:\eXist-db\lib\batik-parser-1.12.jar:C:\eXist-db\lib\batik-script-1.12.jar:C:\eXist-db\lib\batik-svg-dom-1.12.jar:C:\eXist-db\lib\batik-svggen-1.12.jar:C:\eXist-db\lib\batik-transcoder-1.12.jar:C:\eXist-db\lib\batik-util-1.12.jar:C:\eXist-db\lib\batik-xml-1.12.jar:C:\eXist-db\lib\bcmail-jdk15on-1.64.jar:C:\eXist-db\lib\bcpkix-jdk15on-1.64.jar:C:\eXist-db\lib\bcprov-jdk15on-1.64.jar:C:\eXist-db\lib\boilerpipe-1.1.0.jar:C:\eXist-db\lib\bzip2-0.9.1.jar:C:\eXist-db\lib\c3p0-0.9.5.4.jar:C:\eXist-db\lib\caffeine-2.8.1.jar:C:\eXist-db\lib\cdm-4.5.5.jar:C:\eXist-db\lib\cglib-3.3.0.jar:C:\eXist-db\lib\checker-qual-3.1.0.jar:C:\eXist-db\lib\clj-ds-0.0.4.jar:C:\eXist-db\lib\commons-beanutils-1.8.2.jar:C:\eXist-db\lib\commons-codec-1.14.jar:C:\eXist-db\lib\commons-collections-3.2.2.jar:C:\eXist-db\lib\commons-collections4-4.4.jar:C:\eXist-db\lib\commons-compress-1.18.jar:C:\eXist-db\lib\commons-configuration2-2.6.jar:C:\eXist-db\lib\commons-csv-1.7.jar:C:\eXist-db\lib\commons-daemon-1.2.2.jar:C:\eXist-db\lib\commons-exec-1.3.jar:C:\eXist-db\lib\commons-fileupload-1.4.jar:C:\eXist-db\lib\commons-io-2.6.jar:C:\eXist-db\lib\commons-lang3-3.9.jar:C:\eXist-db\lib\commons-logging-1.2.jar:C:\eXist-db\lib\commons-math3-3.6.1.jar:C:\eXist-db\lib\commons-pool-1.6.jar:C:\eXist-db\lib\commons-text-1.8.jar:C:\eXist-db\lib\concurrent-1.3.4.jar:C:\eXist-db\lib\cql-java-1.13.jar:C:\eXist-db\lib\curvesapi-1.06.jar:C:\eXist-db\lib\cxf-core-3.3.4.jar:C:\eXist-db\lib\cxf-rt-frontend-jaxrs-3.3.4.jar:C:\eXist-db\lib\cxf-rt-rs-client-3.3.4.jar:C:\eXist-db\lib\cxf-rt-security-3.3.4.jar:C:\eXist-db\lib\cxf-rt-transports-http-3.3.4.jar:C:\eXist-db\lib\dec-0.1.2.jar:C:\eXist-db\lib\ehcache-core-2.6.2.jar:C:\eXist-db\lib\error_prone_annotations-2.3.4.jar:C:\eXist-db\lib\exificient-0.9.3.jar:C:\eXist-db\lib\exist-ant-5.2.0.jar:C:\eXist-db\lib\exist-cache-5.2.0.jar:C:\eXist-db\lib\exist-compression-5.2.0.jar:C:\eXist-db\lib\exist-contentextraction-5.2.0.jar:C:\eXist-db\lib\exist-core-5.2.0.jar:C:\eXist-db\lib\exist-counter-5.2.0.jar:C:\eXist-db\lib\exist-cqlparser-5.2.0.jar:C:\eXist-db\lib\exist-exiftool-5.2.0.jar:C:\eXist-db\lib\exist-expath-5.2.0.jar:C:\eXist-db\lib\exist-expathrepo-5.2.0.jar:C:\eXist-db\lib\exist-exquery-request-module-5.2.0.jar:C:\eXist-db\lib\exist-file-5.2.0.jar:C:\eXist-db\lib\exist-image-5.2.0.jar:C:\eXist-db\lib\exist-index-lucene-5.2.0.jar:C:\eXist-db\lib\exist-index-ngram-5.2.0.jar:C:\eXist-db\lib\exist-index-range-5.2.0.jar:C:\eXist-db\lib\exist-index-sort-5.2.0.jar:C:\eXist-db\lib\exist-index-spatial-5.2.0.jar:C:\eXist-db\lib\exist-jndi-5.2.0.jar:C:\eXist-db\lib\exist-mail-5.2.0.jar:C:\eXist-db\lib\exist-persistentlogin-5.2.0.jar:C:\eXist-db\lib\exist-process-5.2.0.jar:C:\eXist-db\lib\exist-restxq-5.2.0.jar:C:\eXist-db\lib\exist-scheduler-5.2.0.jar:C:\eXist-db\lib\exist-security-activedirectory-5.2.0.jar:C:\eXist-db\lib\exist-security-iprange-5.2.0.jar:C:\eXist-db\lib\exist-security-ldap-5.2.0.jar:C:\eXist-db\lib\exist-service-5.2.0.jar:C:\eXist-db\lib\exist-simpleql-5.2.0.jar:C:\eXist-db\lib\exist-sql-5.2.0.jar:C:\eXist-db\lib\exist-start-5.2.0.jar:C:\eXist-db\lib\exist-webdav-5.2.0.jar:C:\eXist-db\lib\exist-xmldiff-5.2.0.jar:C:\eXist-db\lib\exist-xqdoc-5.2.0.jar:C:\eXist-db\lib\exist-xslfo-5.2.0.jar:C:\eXist-db\lib\exquery-annotations-common-0.1.35.jar:C:\eXist-db\lib\exquery-annotations-common-api-0.1.35.jar:C:\eXist-db\lib\exquery-common-0.1.35.jar:C:\eXist-db\lib\exquery-restxq-0.1.35.jar:C:\eXist-db\lib\exquery-restxq-api-0.1.35.jar:C:\eXist-db\lib\exquery-serialization-annotations-0.1.35.jar:C:\eXist-db\lib\exquery-serialization-annotations-api-0.1.35.jar:C:\eXist-db\lib\exquery-xquery-0.1.35.jar:C:\eXist-db\lib\exquery-xquery3-0.1.35.jar:C:\eXist-db\lib\failureaccess-1.0.1.jar:C:\eXist-db\lib\fastutil-8.3.0.jar:C:\eXist-db\lib\fontbox-2.0.17.jar:C:\eXist-db\lib\fop-2.4.jar:C:\eXist-db\lib\fop-core-2.4.jar:C:\eXist-db\lib\fop-events-2.4.jar:C:\eXist-db\lib\fop-util-2.4.jar:C:\eXist-db\lib\geoapi-3.0.1.jar:C:\eXist-db\lib\geoapi-nogenerics-2.1.1.jar:C:\eXist-db\lib\grib-4.5.5.jar:C:\eXist-db\lib\gson-2.8.6.jar:C:\eXist-db\lib\gt2-api-2.4.5.jar:C:\eXist-db\lib\gt2-epsg-wkt-2.4.5.jar:C:\eXist-db\lib\gt2-main-2.4.5.jar:C:\eXist-db\lib\gt2-metadata-2.4.5.jar:C:\eXist-db\lib\gt2-referencing-2.4.5.jar:C:\eXist-db\lib\guava-28.1-jre.jar:C:\eXist-db\lib\hamcrest-2.2.jar:C:\eXist-db\lib\hamcrest-core-1.3.jar:C:\eXist-db\lib\hsqldb-2.5.0.jar:C:\eXist-db\lib\http-client-java-1.2.2.jar:C:\eXist-db\lib\httpclient-4.5.11.jar:C:\eXist-db\lib\httpcore-4.4.13.jar:C:\eXist-db\lib\httpmime-4.5.11.jar:C:\eXist-db\lib\httpservices-4.5.5.jar:C:\eXist-db\lib\icu4j-59.1.jar:C:\eXist-db\lib\isoparser-1.1.22.jar:C:\eXist-db\lib\isorelax-20030108.jar:C:\eXist-db\lib\istack-commons-runtime-3.0.7.jar:C:\eXist-db\lib\izpack-uninstaller.jar:C:\eXist-db\lib\j2objc-annotations-1.3.jar:C:\eXist-db\lib\j8fu-1.23.0.jar:C:\eXist-db\lib\jackcess-3.0.1.jar:C:\eXist-db\lib\jackcess-encrypt-3.0.0.jar:C:\eXist-db\lib\jackson-annotations-2.10.1.jar:C:\eXist-db\lib\jackson-core-2.10.2.jar:C:\eXist-db\lib\jackson-databind-2.10.1.jar:C:\eXist-db\lib\jai-codec-1.1.3.jar:C:\eXist-db\lib\jai-core-1.1.3.jar:C:\eXist-db\lib\jai-imageio-core-1.4.0.jar:C:\eXist-db\lib\jai_core-1.1.3.jar:C:\eXist-db\lib\jakarta.activation-1.2.1.jar:C:\eXist-db\lib\jakarta.activation-api-1.2.1.jar:C:\eXist-db\lib\jakarta.mail-1.6.4.jar:C:\eXist-db\lib\jakarta.ws.rs-api-2.1.5.jar:C:\eXist-db\lib\jakarta.xml.bind-api-2.3.2.jar:C:\eXist-db\lib\jansi-1.18.jar:C:\eXist-db\lib\jargo-0.4.14.jar:C:\eXist-db\lib\java-cup-10k.jar:C:\eXist-db\lib\java-libpst-0.8.1.jar:C:\eXist-db\lib\java-uuid-generator-3.2.0.jar:C:\eXist-db\lib\javax-websocket-client-impl-9.4.26.v20200117.jar:C:\eXist-db\lib\javax-websocket-server-impl-9.4.26.v20200117.jar:C:\eXist-db\lib\javax.activation-api-1.2.0.jar:C:\eXist-db\lib\javax.annotation-api-1.3.jar:C:\eXist-db\lib\javax.servlet-api-3.1.0.jar:C:\eXist-db\lib\javax.websocket-api-1.0.jar:C:\eXist-db\lib\javax.websocket-client-api-1.0.jar:C:\eXist-db\lib\jaxb-api-2.3.1.jar:C:\eXist-db\lib\jaxb-runtime-2.3.1.jar:C:\eXist-db\lib\jbig2-imageio-3.0.2.jar:C:\eXist-db\lib\jcip-annotations-1.0.jar:C:\eXist-db\lib\jcl-over-slf4j-1.7.28.jar:C:\eXist-db\lib\jcommander-1.35.jar:C:\eXist-db\lib\jctools-core-3.0.0.jar:C:\eXist-db\lib\jdom-1.0.jar:C:\eXist-db\lib\jdom-1.1.jar:C:\eXist-db\lib\jdom2-2.0.6.jar:C:\eXist-db\lib\jempbox-1.8.16.jar:C:\eXist-db\lib\jetty-annotations-9.4.26.v20200117.jar:C:\eXist-db\lib\jetty-client-9.4.26.v20200117.jar:C:\eXist-db\lib\jetty-deploy-9.4.26.v20200117.jar:C:\eXist-db\lib\jetty-http-9.4.26.v20200117.jar:C:\eXist-db\lib\jetty-io-9.4.26.v20200117.jar:C:\eXist-db\lib\jetty-jaas-9.4.26.v20200117.jar:C:\eXist-db\lib\jetty-jmx-9.4.26.v20200117.jar:C:\eXist-db\lib\jetty-jndi-9.4.26.v20200117.jar:C:\eXist-db\lib\jetty-plus-9.4.26.v20200117.jar:C:\eXist-db\lib\jetty-security-9.4.26.v20200117.jar:C:\eXist-db\lib\jetty-server-9.4.26.v20200117.jar:C:\eXist-db\lib\jetty-servlet-9.4.26.v20200117.jar:C:\eXist-db\lib\jetty-util-9.4.26.v20200117.jar:C:\eXist-db\lib\jetty-webapp-9.4.26.v20200117.jar:C:\eXist-db\lib\jetty-xml-9.4.26.v20200117.jar:C:\eXist-db\lib\jhighlight-1.0.3.jar:C:\eXist-db\lib\jing-20151127.jar:C:\eXist-db\lib\jline-3.13.3.jar:C:\eXist-db\lib\jmatio-1.5.jar:C:\eXist-db\lib\jna-5.5.0.jar:C:\eXist-db\lib\joda-time-2.2.jar:C:\eXist-db\lib\json-simple-1.1.1.jar:C:\eXist-db\lib\jsoup-1.12.1.jar:C:\eXist-db\lib\jsr108-0.01.jar:C:\eXist-db\lib\jsr305-3.0.2.jar:C:\eXist-db\lib\jts-1.8.jar:C:\eXist-db\lib\jul-to-slf4j-1.7.28.jar:C:\eXist-db\lib\junit-4.13.jar:C:\eXist-db\lib\juniversalchardet-1.0.3.jar:C:\eXist-db\lib\junrar-4.0.0.jar:C:\eXist-db\lib\listenablefuture-9999.0-empty-to-avoid-conflict-with-guava.jar:C:\eXist-db\lib\log4j-api-2.13.0.jar:C:\eXist-db\lib\log4j-core-2.13.0.jar:C:\eXist-db\lib\log4j-jcl-2.13.0.jar:C:\eXist-db\lib\log4j-jul-2.13.0.jar:C:\eXist-db\lib\log4j-slf4j-impl-2.13.0.jar:C:\eXist-db\lib\lucene-analyzers-common-4.10.4.jar:C:\eXist-db\lib\lucene-analyzers-icu-4.10.4.jar:C:\eXist-db\lib\lucene-core-4.10.4.jar:C:\eXist-db\lib\lucene-facet-4.10.4.jar:C:\eXist-db\lib\lucene-queries-4.10.4.jar:C:\eXist-db\lib\lucene-queryparser-4.10.4.jar:C:\eXist-db\lib\lucene-sandbox-4.10.4.jar:C:\eXist-db\lib\lz4-java-1.7.1.jar:C:\eXist-db\lib\mchange-commons-java-0.2.15.jar:C:\eXist-db\lib\metadata-extractor-2.11.0.jar:C:\eXist-db\lib\milton-api-1.8.1.3.jar:C:\eXist-db\lib\milton-servlet-1.8.1.3.jar:C:\eXist-db\lib\mime-util-2.1.3.jar:C:\eXist-db\lib\multilock-1.0.1.jar:C:\eXist-db\lib\nekohtml-1.9.22.jar:C:\eXist-db\lib\netcdf4-4.5.5.jar:C:\eXist-db\lib\openjson-1.0.11.jar:C:\eXist-db\lib\opennlp-tools-1.9.1.jar:C:\eXist-db\lib\parso-2.0.11.jar:C:\eXist-db\lib\pdfbox-2.0.17.jar:C:\eXist-db\lib\pdfbox-tools-2.0.17.jar:C:\eXist-db\lib\pkg-java-1.4.2.jar:C:\eXist-db\lib\plexus-utils-3.2.0.jar:C:\eXist-db\lib\poi-4.1.1.jar:C:\eXist-db\lib\poi-ooxml-4.1.1.jar:C:\eXist-db\lib\poi-ooxml-schemas-4.1.1.jar:C:\eXist-db\lib\poi-scratchpad-4.1.1.jar:C:\eXist-db\lib\protobuf-java-3.11.0.jar:C:\eXist-db\lib\qdox-1.12.jar:C:\eXist-db\lib\quartz-2.3.2.jar:C:\eXist-db\lib\rome-1.12.2.jar:C:\eXist-db\lib\rome-utils-1.12.2.jar:C:\eXist-db\lib\rsyntaxtextarea-3.0.8.jar:C:\eXist-db\lib\sentiment-analysis-parser-0.1.jar:C:\eXist-db\lib\serializer-2.7.2.jar:C:\eXist-db\lib\servlet-api-2.2.jar:C:\eXist-db\lib\sis-feature-1.0.jar:C:\eXist-db\lib\sis-metadata-1.0.jar:C:\eXist-db\lib\sis-netcdf-1.0.jar:C:\eXist-db\lib\sis-referencing-1.0.jar:C:\eXist-db\lib\sis-storage-1.0.jar:C:\eXist-db\lib\sis-utility-1.0.jar:C:\eXist-db\lib\slf4j-api-1.7.30.jar:C:\eXist-db\lib\spring-2.5.6.jar:C:\eXist-db\lib\spring-beans-2.5.6.jar:C:\eXist-db\lib\spring-context-2.5.6.jar:C:\eXist-db\lib\spring-context-support-2.5.6.jar:C:\eXist-db\lib\spring-core-2.5.6.jar:C:\eXist-db\lib\spring-web-2.5.6.jar:C:\eXist-db\lib\spring-webmvc-2.5.6.jar:C:\eXist-db\lib\stax-1.1.1-dev.jar:C:\eXist-db\lib\stax-api-1.0.1.jar:C:\eXist-db\lib\stax-ex-1.8.jar:C:\eXist-db\lib\stax-utils-20060502.jar:C:\eXist-db\lib\stax2-api-3.1.4.jar:C:\eXist-db\lib\stringtemplate-3.0.jar:C:\eXist-db\lib\tagsoup-1.2.1.jar:C:\eXist-db\lib\tika-core-1.23.jar:C:\eXist-db\lib\tika-parsers-1.23.jar:C:\eXist-db\lib\tools-java-0.3.0.jar:C:\eXist-db\lib\txw2-2.3.1.jar:C:\eXist-db\lib\udunits-4.5.5.jar:C:\eXist-db\lib\unit-api-1.0.jar:C:\eXist-db\lib\vecmath-1.3.1.jar:C:\eXist-db\lib\vorbis-java-core-0.8.jar:C:\eXist-db\lib\vorbis-java-tika-0.8.jar:C:\eXist-db\lib\websocket-api-9.4.26.v20200117.jar:C:\eXist-db\lib\websocket-client-9.4.26.v20200117.jar:C:\eXist-db\lib\websocket-common-9.4.26.v20200117.jar:C:\eXist-db\lib\websocket-server-9.4.26.v20200117.jar:C:\eXist-db\lib\websocket-servlet-9.4.26.v20200117.jar:C:\eXist-db\lib\woodstox-core-5.0.3.jar:C:\eXist-db\lib\ws-commons-util-1.0.2.jar:C:\eXist-db\lib\xalan-2.7.2.jar:C:\eXist-db\lib\xercesImpl-2.12.1-xml-schema-1.1.jar:C:\eXist-db\lib\xml-apis-1.4.01.jar:C:\eXist-db\lib\xml-apis-ext-1.3.04.jar:C:\eXist-db\lib\xml-resolver-1.2.jar:C:\eXist-db\lib\xmlbeans-3.1.0.jar:C:\eXist-db\lib\xmldb-api-1.7.0.jar:C:\eXist-db\lib\xmlgraphics-commons-2.4.jar:C:\eXist-db\lib\xmlrpc-client-3.1.3.jar:C:\eXist-db\lib\xmlrpc-common-3.1.3.jar:C:\eXist-db\lib\xmlrpc-server-3.1.3.jar:C:\eXist-db\lib\xmlschema-core-2.2.4.jar:C:\eXist-db\lib\xmlunit-core-2.6.3.jar:C:\eXist-db\lib\xmpcore-5.1.3.jar:C:\eXist-db\lib\xpath2-1.2.0.jar:C:\eXist-db\lib\xqdoc-conversion-1.6.jar:C:\eXist-db\lib\xqjapi-1.0-fr.jar:C:\eXist-db\lib\xz-1.8.jar:..\..\..\Desktop\lib\exist-xqj-1.0.1.jar:..\..\..\Desktop\lib\exist-xqj-examples.jar:..\..\..\Desktop\lib\xqj2-0.0.1.jar:..\..\..\Desktop\lib\xqjapi.jar:build/classes:C:\Program Files\NetBeans 8.2\platform\modules\ext\junit-4.12.jar:C:\Program Files\NetBeans 8.2\platform\modules\ext\hamcrest-core-1.3.jar:build/test/classes" />
    <property name="line.separator" value="&#xd;&#xa;" />
    <property name="file.reference.lz4-java-1.7.1.jar" value="C:\eXist-db\lib\lz4-java-1.7.1.jar" />
    <property name="java.vendor" value="Oracle Corporation" />
    <property name="java.vm.specification.name" value="Java Virtual Machine Specification" />
    <property name="file.reference.db4o-8.0.184.15484.jar" value="C:\eXist-db\lib\animal-sniffer-annotations-1.18.jar" />
    <property name="netbeans.user" value="C:\Users\Usuario\AppData\Roaming\NetBeans\8.2" />
    <property name="libs.javac-api.javadoc" value="" />
    <property name="libs.spring-framework300.javadoc" value="" />
    <property name="libs.jpa20-persistence.javadoc" value="C:\Program Files\NetBeans 8.2\java\modules\ext\docs\javax.persistence-2.1.0-doc.zip" />
    <property name="file.reference.cxf-rt-rs-client-3.3.4.jar" value="C:\eXist-db\lib\cxf-rt-rs-client-3.3.4.jar" />
    <property name="file.reference.batik-xml-1.12.jar" value="C:\eXist-db\lib\batik-xml-1.12.jar" />
    <property name="file.reference.juniversalchardet-1.0.3.jar" value="C:\eXist-db\lib\juniversalchardet-1.0.3.jar" />
    <property name="file.reference.lucene-analyzers-icu-4.10.4.jar" value="C:\eXist-db\lib\lucene-analyzers-icu-4.10.4.jar" />
    <property name="file.reference.exist-exquery-request-module-5.2.0.jar" value="C:\eXist-db\lib\exist-exquery-request-module-5.2.0.jar" />
    <property name="libs.jpa2-persistence.maven-pom" value="" />
    <property name="javadoc.splitindex" value="true" />
    <property name="file.reference.asm-commons-7.2.jar" value="C:\eXist-db\lib\asm-commons-7.2.jar" />
    <property name="file.reference.apache-mime4j-dom-0.8.3.jar" value="C:\eXist-db\lib\apache-mime4j-dom-0.8.3.jar" />
    <property name="file.reference.fop-util-2.4.jar" value="C:\eXist-db\lib\fop-util-2.4.jar" />
    <property name="file.reference.xpath2-1.2.0.jar" value="C:\eXist-db\lib\xpath2-1.2.0.jar" />
    <property name="file.reference.exist-expathrepo-5.2.0.jar" value="C:\eXist-db\lib\exist-expathrepo-5.2.0.jar" />
    <property name="file.reference.exist-cqlparser-5.2.0.jar" value="C:\eXist-db\lib\exist-cqlparser-5.2.0.jar" />
    <property name="org.openide.version" value="deprecated" />
    <property name="libs.hamcrest.javadoc" value="" />
    <property name="libs.beans-binding.javadoc" value="C:\Program Files\NetBeans 8.2\java\docs\beansbinding-1.2.1-doc.zip" />
    <property name="libs.jsp-compiler.javadoc" value="" />
    <property name="file.reference.nekohtml-1.9.22.jar" value="C:\eXist-db\lib\nekohtml-1.9.22.jar" />
    <property name="file.reference.xmldb-api-1.7.0.jar" value="C:\eXist-db\lib\xmldb-api-1.7.0.jar" />
    <property name="ant.file" value="C:\Users\Usuario\Documents\NetBeansProjects\FutbolXMLNATIVA\build.xml" />
    <property name="file.reference.isorelax-20030108.jar" value="C:\eXist-db\lib\isorelax-20030108.jar" />
    <property name="user.variant" value="" />
    <property name="file.reference.xmlrpc-server-3.1.3.jar" value="C:\eXist-db\lib\xmlrpc-server-3.1.3.jar" />
    <property name="libs.JAVADB_DRIVER_LABEL.javadoc" value="" />
    <property name="file.reference.exquery-serialization-annotations-0.1.35.jar" value="C:\eXist-db\lib\exquery-serialization-annotations-0.1.35.jar" />
    <property name="file.reference.spring-core-2.5.6.jar" value="C:\eXist-db\lib\spring-core-2.5.6.jar" />
    <property name="libs.javaee-endorsed-api-6.0.javadoc" value="" />
    <property name="libs.hibernate4-persistencemodelgen.classpath" value="C:\Program Files\NetBeans 8.2\java\modules\ext\hibernate4\hibernate-jpamodelgen-4.3.1.Final.jar" />
    <property name="dist.jar" value="dist/FutbolXMLNATIVA.jar" />
    <property name="file.reference.jna-5.5.0.jar" value="C:\eXist-db\lib\jna-5.5.0.jar" />
    <property name="org.openide.specification.version" value="6.2" />
    <property name="file.reference.exist-compression-5.2.0.jar" value="C:\eXist-db\lib\exist-compression-5.2.0.jar" />
    <property name="libs.JAXB-ENDORSED.classpath" value="C:\Program Files\NetBeans 8.2\ide\modules\ext\jaxb\api\jaxb-api.jar" />
    <property name="libs.JAVADB_DRIVER_LABEL.classpath" value="C:\Program Files\Java\jdk1.8.0_111\db\lib\derby.jar;C:\Program Files\Java\jdk1.8.0_111\db\lib\derbyclient.jar;C:\Program Files\Java\jdk1.8.0_111\db\lib\derbynet.jar" />
    <property name="file.reference.exist-start-5.2.0.jar" value="C:\eXist-db\lib\exist-start-5.2.0.jar" />
    <property name="libs.beans-binding.classpath" value="C:\Program Files\NetBeans 8.2\java\modules\ext\beansbinding-1.2.1.jar" />
    <property name="file.reference.java-libpst-0.8.1.jar" value="C:\eXist-db\lib\java-libpst-0.8.1.jar" />
    <property name="work.dir" value="C:\Users\Usuario\Documents\NetBeansProjects\FutbolXMLNATIVA" />
    <property name="file.reference.batik-gvt-1.12.jar" value="C:\eXist-db\lib\batik-gvt-1.12.jar" />
    <property name="file.reference.avalon-framework-impl-4.3.1.jar" value="C:\eXist-db\lib\avalon-framework-impl-4.3.1.jar" />
    <property name="libs.hamcrest.classpath" value="C:\Program Files\NetBeans 8.2\platform\modules\ext\hamcrest-core-1.3.jar" />
    <property name="ant.file.type.FutbolXMLNATIVA" value="file" />
    <property name="ant.file.FutbolXMLNATIVA-impl" value="C:\Users\Usuario\Documents\NetBeansProjects\FutbolXMLNATIVA\nbproject\build-impl.xml" />
    <property name="java.specification.name" value="Java Platform API Specification" />
    <property name="libs.spring-webmvc3.0.src" value="" />
    <property name="testng.debug.mode" value="" />
    <property name="sun.awt.datatransfer.timeout" value="1000" />
    <property name="libs.CopyLibs.classpath" value="C:\Program Files\NetBeans 8.2\java\ant\extra\org-netbeans-modules-java-j2seproject-copylibstask.jar" />
    <property name="javadoc.author" value="false" />
    <property name="file.reference.commons-collections-3.2.2.jar" value="C:\eXist-db\lib\commons-collections-3.2.2.jar" />
    <property name="annotation.processing.source.output" value="build/generated-sources/ap-source-output" />
    <property name="file.reference.javax-websocket-server-impl-9.4.26.v20200117.jar" value="C:\eXist-db\lib\javax-websocket-server-impl-9.4.26.v20200117.jar" />
    <property name="libs.jaxb.maven-pom" value="" />
    <property name="file.reference.exificient-0.9.3.jar" value="C:\eXist-db\lib\exificient-0.9.3.jar" />
    <property name="file.reference.commons-daemon-1.2.2.jar" value="C:\eXist-db\lib\commons-daemon-1.2.2.jar" />
    <property name="file.reference.sis-feature-1.0.jar" value="C:\eXist-db\lib\sis-feature-1.0.jar" />
    <property name="file.reference.batik-awt-util-1.12.jar" value="C:\eXist-db\lib\batik-awt-util-1.12.jar" />
    <property name="file.reference.milton-servlet-1.8.1.3.jar" value="C:\eXist-db\lib\milton-servlet-1.8.1.3.jar" />
    <property name="file.reference.tagsoup-1.2.1.jar" value="C:\eXist-db\lib\tagsoup-1.2.1.jar" />
    <property name="test.class" value="Pruebas.Test3" />
    <property name="file.reference.jcommander-1.35.jar" value="C:\eXist-db\lib\jcommander-1.35.jar" />
    <property name="file.reference.log4j-api-2.13.0.jar" value="C:\eXist-db\lib\log4j-api-2.13.0.jar" />
    <property name="file.reference.lucene-core-4.10.4.jar" value="C:\eXist-db\lib\lucene-core-4.10.4.jar" />
    <property name="libs.groovy-all.javadoc" value="" />
    <property name="file.reference.exist-xqdoc-5.2.0.jar" value="C:\eXist-db\lib\exist-xqdoc-5.2.0.jar" />
    <property name="file.reference.xml-apis-ext-1.3.04.jar" value="C:\eXist-db\lib\xml-apis-ext-1.3.04.jar" />
    <property name="java.vendor.url" value="http://java.oracle.com/" />
    <property name="libs.eclipselinkmodelgen.src" value="" />
    <property name="file.reference.jackson-annotations-2.10.1.jar" value="C:\eXist-db\lib\jackson-annotations-2.10.1.jar" />
    <property name="libs.jsf20.src" value="" />
    <property name="file.reference.izpack-uninstaller.jar" value="C:\eXist-db\lib\izpack-uninstaller.jar" />
    <property name="libs.jpa20-persistence.classpath" value="C:\Program Files\NetBeans 8.2\java\modules\ext\eclipselink\javax.persistence_2.1.0.v201304241213.jar" />
    <property name="file.reference.batik-constants-1.12.jar" value="C:\eXist-db\lib\batik-constants-1.12.jar" />
    <property name="file.reference.javax.websocket-client-api-1.0.jar" value="C:\eXist-db\lib\javax.websocket-client-api-1.0.jar" />
    <property name="file.reference.clj-ds-0.0.4.jar" value="C:\eXist-db\lib\clj-ds-0.0.4.jar" />
    <property name="jdk.home" value="C:\Program Files\Java\jdk1.8.0_111" />
    <property name="file.reference.exquery-xquery3-0.1.35.jar" value="C:\eXist-db\lib\exquery-xquery3-0.1.35.jar" />
    <property name="file.reference.exist-counter-5.2.0.jar" value="C:\eXist-db\lib\exist-counter-5.2.0.jar" />
    <property name="file.reference.listenablefuture-9999.0-empty-to-avoid-conflict-with-guava.jar" value="C:\eXist-db\lib\listenablefuture-9999.0-empty-to-avoid-conflict-with-guava.jar" />
    <property name="file.reference.gt2-metadata-2.4.5.jar" value="C:\eXist-db\lib\gt2-metadata-2.4.5.jar" />
    <property name="libs.JWSAntTasks.maven-pom" value="" />
    <property name="file.reference.jackcess-encrypt-3.0.0.jar" value="C:\eXist-db\lib\jackcess-encrypt-3.0.0.jar" />
    <property name="libs.swing-layout.maven-pom" value="" />
    <property name="mkdist.disabled" value="false" />
    <property name="run.jvmargs" value="" />
    <property name="os.version" value="10.0" />
    <property name="ant.project.invoked-targets" value="test-single" />
    <property name="junit.forkmode" value="perTest" />
    <property name="meta.inf.dir" value="src/META-INF" />
    <property name="file.reference.openjson-1.0.11.jar" value="C:\eXist-db\lib\openjson-1.0.11.jar" />
    <property name="annotation.processing.enabled" value="true" />
    <property name="manifest.encoding" value="UTF-8" />
    <property name="file.reference.exist-simpleql-5.2.0.jar" value="C:\eXist-db\lib\exist-simpleql-5.2.0.jar" />
    <property name="file.reference.bcprov-jdk15on-1.64.jar" value="C:\eXist-db\lib\bcprov-jdk15on-1.64.jar" />
    <property name="run.classpath" value="C:\eXist-db\lib\animal-sniffer-annotations-1.18.jar:C:\eXist-db\lib\FastInfoset-1.2.15.jar:C:\eXist-db\lib\HikariCP-java7-2.4.13.jar:C:\eXist-db\lib\Saxon-HE-9.9.1-6.jar:C:\eXist-db\lib\ant-1.10.7.jar:C:\eXist-db\lib\ant-launcher-1.10.7.jar:C:\eXist-db\lib\antlr-2.7.7.jar:C:\eXist-db\lib\antlr-3.0.jar:C:\eXist-db\lib\aopalliance-1.0.jar:C:\eXist-db\lib\apache-mime4j-core-0.8.3.jar:C:\eXist-db\lib\apache-mime4j-dom-0.8.3.jar:C:\eXist-db\lib\appassembler-booter-2.1.0.jar:C:\eXist-db\lib\appassembler-model-2.1.0.jar:C:\eXist-db\lib\asm-7.1.jar:C:\eXist-db\lib\asm-analysis-7.2.jar:C:\eXist-db\lib\asm-commons-7.2.jar:C:\eXist-db\lib\asm-tree-7.2.jar:C:\eXist-db\lib\aspectjrt-1.9.4.jar:C:\eXist-db\lib\avalon-framework-api-4.3.1.jar:C:\eXist-db\lib\avalon-framework-impl-4.3.1.jar:C:\eXist-db\lib\batik-anim-1.12.jar:C:\eXist-db\lib\batik-awt-util-1.12.jar:C:\eXist-db\lib\batik-bridge-1.12.jar:C:\eXist-db\lib\batik-constants-1.12.jar:C:\eXist-db\lib\batik-css-1.12.jar:C:\eXist-db\lib\batik-dom-1.12.jar:C:\eXist-db\lib\batik-ext-1.12.jar:C:\eXist-db\lib\batik-extension-1.12.jar:C:\eXist-db\lib\batik-gvt-1.12.jar:C:\eXist-db\lib\batik-i18n-1.12.jar:C:\eXist-db\lib\batik-parser-1.12.jar:C:\eXist-db\lib\batik-script-1.12.jar:C:\eXist-db\lib\batik-svg-dom-1.12.jar:C:\eXist-db\lib\batik-svggen-1.12.jar:C:\eXist-db\lib\batik-transcoder-1.12.jar:C:\eXist-db\lib\batik-util-1.12.jar:C:\eXist-db\lib\batik-xml-1.12.jar:C:\eXist-db\lib\bcmail-jdk15on-1.64.jar:C:\eXist-db\lib\bcpkix-jdk15on-1.64.jar:C:\eXist-db\lib\bcprov-jdk15on-1.64.jar:C:\eXist-db\lib\boilerpipe-1.1.0.jar:C:\eXist-db\lib\bzip2-0.9.1.jar:C:\eXist-db\lib\c3p0-0.9.5.4.jar:C:\eXist-db\lib\caffeine-2.8.1.jar:C:\eXist-db\lib\cdm-4.5.5.jar:C:\eXist-db\lib\cglib-3.3.0.jar:C:\eXist-db\lib\checker-qual-3.1.0.jar:C:\eXist-db\lib\clj-ds-0.0.4.jar:C:\eXist-db\lib\commons-beanutils-1.8.2.jar:C:\eXist-db\lib\commons-codec-1.14.jar:C:\eXist-db\lib\commons-collections-3.2.2.jar:C:\eXist-db\lib\commons-collections4-4.4.jar:C:\eXist-db\lib\commons-compress-1.18.jar:C:\eXist-db\lib\commons-configuration2-2.6.jar:C:\eXist-db\lib\commons-csv-1.7.jar:C:\eXist-db\lib\commons-daemon-1.2.2.jar:C:\eXist-db\lib\commons-exec-1.3.jar:C:\eXist-db\lib\commons-fileupload-1.4.jar:C:\eXist-db\lib\commons-io-2.6.jar:C:\eXist-db\lib\commons-lang3-3.9.jar:C:\eXist-db\lib\commons-logging-1.2.jar:C:\eXist-db\lib\commons-math3-3.6.1.jar:C:\eXist-db\lib\commons-pool-1.6.jar:C:\eXist-db\lib\commons-text-1.8.jar:C:\eXist-db\lib\concurrent-1.3.4.jar:C:\eXist-db\lib\cql-java-1.13.jar:C:\eXist-db\lib\curvesapi-1.06.jar:C:\eXist-db\lib\cxf-core-3.3.4.jar:C:\eXist-db\lib\cxf-rt-frontend-jaxrs-3.3.4.jar:C:\eXist-db\lib\cxf-rt-rs-client-3.3.4.jar:C:\eXist-db\lib\cxf-rt-security-3.3.4.jar:C:\eXist-db\lib\cxf-rt-transports-http-3.3.4.jar:C:\eXist-db\lib\dec-0.1.2.jar:C:\eXist-db\lib\ehcache-core-2.6.2.jar:C:\eXist-db\lib\error_prone_annotations-2.3.4.jar:C:\eXist-db\lib\exificient-0.9.3.jar:C:\eXist-db\lib\exist-ant-5.2.0.jar:C:\eXist-db\lib\exist-cache-5.2.0.jar:C:\eXist-db\lib\exist-compression-5.2.0.jar:C:\eXist-db\lib\exist-contentextraction-5.2.0.jar:C:\eXist-db\lib\exist-core-5.2.0.jar:C:\eXist-db\lib\exist-counter-5.2.0.jar:C:\eXist-db\lib\exist-cqlparser-5.2.0.jar:C:\eXist-db\lib\exist-exiftool-5.2.0.jar:C:\eXist-db\lib\exist-expath-5.2.0.jar:C:\eXist-db\lib\exist-expathrepo-5.2.0.jar:C:\eXist-db\lib\exist-exquery-request-module-5.2.0.jar:C:\eXist-db\lib\exist-file-5.2.0.jar:C:\eXist-db\lib\exist-image-5.2.0.jar:C:\eXist-db\lib\exist-index-lucene-5.2.0.jar:C:\eXist-db\lib\exist-index-ngram-5.2.0.jar:C:\eXist-db\lib\exist-index-range-5.2.0.jar:C:\eXist-db\lib\exist-index-sort-5.2.0.jar:C:\eXist-db\lib\exist-index-spatial-5.2.0.jar:C:\eXist-db\lib\exist-jndi-5.2.0.jar:C:\eXist-db\lib\exist-mail-5.2.0.jar:C:\eXist-db\lib\exist-persistentlogin-5.2.0.jar:C:\eXist-db\lib\exist-process-5.2.0.jar:C:\eXist-db\lib\exist-restxq-5.2.0.jar:C:\eXist-db\lib\exist-scheduler-5.2.0.jar:C:\eXist-db\lib\exist-security-activedirectory-5.2.0.jar:C:\eXist-db\lib\exist-security-iprange-5.2.0.jar:C:\eXist-db\lib\exist-security-ldap-5.2.0.jar:C:\eXist-db\lib\exist-service-5.2.0.jar:C:\eXist-db\lib\exist-simpleql-5.2.0.jar:C:\eXist-db\lib\exist-sql-5.2.0.jar:C:\eXist-db\lib\exist-start-5.2.0.jar:C:\eXist-db\lib\exist-webdav-5.2.0.jar:C:\eXist-db\lib\exist-xmldiff-5.2.0.jar:C:\eXist-db\lib\exist-xqdoc-5.2.0.jar:C:\eXist-db\lib\exist-xslfo-5.2.0.jar:C:\eXist-db\lib\exquery-annotations-common-0.1.35.jar:C:\eXist-db\lib\exquery-annotations-common-api-0.1.35.jar:C:\eXist-db\lib\exquery-common-0.1.35.jar:C:\eXist-db\lib\exquery-restxq-0.1.35.jar:C:\eXist-db\lib\exquery-restxq-api-0.1.35.jar:C:\eXist-db\lib\exquery-serialization-annotations-0.1.35.jar:C:\eXist-db\lib\exquery-serialization-annotations-api-0.1.35.jar:C:\eXist-db\lib\exquery-xquery-0.1.35.jar:C:\eXist-db\lib\exquery-xquery3-0.1.35.jar:C:\eXist-db\lib\failureaccess-1.0.1.jar:C:\eXist-db\lib\fastutil-8.3.0.jar:C:\eXist-db\lib\fontbox-2.0.17.jar:C:\eXist-db\lib\fop-2.4.jar:C:\eXist-db\lib\fop-core-2.4.jar:C:\eXist-db\lib\fop-events-2.4.jar:C:\eXist-db\lib\fop-util-2.4.jar:C:\eXist-db\lib\geoapi-3.0.1.jar:C:\eXist-db\lib\geoapi-nogenerics-2.1.1.jar:C:\eXist-db\lib\grib-4.5.5.jar:C:\eXist-db\lib\gson-2.8.6.jar:C:\eXist-db\lib\gt2-api-2.4.5.jar:C:\eXist-db\lib\gt2-epsg-wkt-2.4.5.jar:C:\eXist-db\lib\gt2-main-2.4.5.jar:C:\eXist-db\lib\gt2-metadata-2.4.5.jar:C:\eXist-db\lib\gt2-referencing-2.4.5.jar:C:\eXist-db\lib\guava-28.1-jre.jar:C:\eXist-db\lib\hamcrest-2.2.jar:C:\eXist-db\lib\hamcrest-core-1.3.jar:C:\eXist-db\lib\hsqldb-2.5.0.jar:C:\eXist-db\lib\http-client-java-1.2.2.jar:C:\eXist-db\lib\httpclient-4.5.11.jar:C:\eXist-db\lib\httpcore-4.4.13.jar:C:\eXist-db\lib\httpmime-4.5.11.jar:C:\eXist-db\lib\httpservices-4.5.5.jar:C:\eXist-db\lib\icu4j-59.1.jar:C:\eXist-db\lib\isoparser-1.1.22.jar:C:\eXist-db\lib\isorelax-20030108.jar:C:\eXist-db\lib\istack-commons-runtime-3.0.7.jar:C:\eXist-db\lib\izpack-uninstaller.jar:C:\eXist-db\lib\j2objc-annotations-1.3.jar:C:\eXist-db\lib\j8fu-1.23.0.jar:C:\eXist-db\lib\jackcess-3.0.1.jar:C:\eXist-db\lib\jackcess-encrypt-3.0.0.jar:C:\eXist-db\lib\jackson-annotations-2.10.1.jar:C:\eXist-db\lib\jackson-core-2.10.2.jar:C:\eXist-db\lib\jackson-databind-2.10.1.jar:C:\eXist-db\lib\jai-codec-1.1.3.jar:C:\eXist-db\lib\jai-core-1.1.3.jar:C:\eXist-db\lib\jai-imageio-core-1.4.0.jar:C:\eXist-db\lib\jai_core-1.1.3.jar:C:\eXist-db\lib\jakarta.activation-1.2.1.jar:C:\eXist-db\lib\jakarta.activation-api-1.2.1.jar:C:\eXist-db\lib\jakarta.mail-1.6.4.jar:C:\eXist-db\lib\jakarta.ws.rs-api-2.1.5.jar:C:\eXist-db\lib\jakarta.xml.bind-api-2.3.2.jar:C:\eXist-db\lib\jansi-1.18.jar:C:\eXist-db\lib\jargo-0.4.14.jar:C:\eXist-db\lib\java-cup-10k.jar:C:\eXist-db\lib\java-libpst-0.8.1.jar:C:\eXist-db\lib\java-uuid-generator-3.2.0.jar:C:\eXist-db\lib\javax-websocket-client-impl-9.4.26.v20200117.jar:C:\eXist-db\lib\javax-websocket-server-impl-9.4.26.v20200117.jar:C:\eXist-db\lib\javax.activation-api-1.2.0.jar:C:\eXist-db\lib\javax.annotation-api-1.3.jar:C:\eXist-db\lib\javax.servlet-api-3.1.0.jar:C:\eXist-db\lib\javax.websocket-api-1.0.jar:C:\eXist-db\lib\javax.websocket-client-api-1.0.jar:C:\eXist-db\lib\jaxb-api-2.3.1.jar:C:\eXist-db\lib\jaxb-runtime-2.3.1.jar:C:\eXist-db\lib\jbig2-imageio-3.0.2.jar:C:\eXist-db\lib\jcip-annotations-1.0.jar:C:\eXist-db\lib\jcl-over-slf4j-1.7.28.jar:C:\eXist-db\lib\jcommander-1.35.jar:C:\eXist-db\lib\jctools-core-3.0.0.jar:C:\eXist-db\lib\jdom-1.0.jar:C:\eXist-db\lib\jdom-1.1.jar:C:\eXist-db\lib\jdom2-2.0.6.jar:C:\eXist-db\lib\jempbox-1.8.16.jar:C:\eXist-db\lib\jetty-annotations-9.4.26.v20200117.jar:C:\eXist-db\lib\jetty-client-9.4.26.v20200117.jar:C:\eXist-db\lib\jetty-deploy-9.4.26.v20200117.jar:C:\eXist-db\lib\jetty-http-9.4.26.v20200117.jar:C:\eXist-db\lib\jetty-io-9.4.26.v20200117.jar:C:\eXist-db\lib\jetty-jaas-9.4.26.v20200117.jar:C:\eXist-db\lib\jetty-jmx-9.4.26.v20200117.jar:C:\eXist-db\lib\jetty-jndi-9.4.26.v20200117.jar:C:\eXist-db\lib\jetty-plus-9.4.26.v20200117.jar:C:\eXist-db\lib\jetty-security-9.4.26.v20200117.jar:C:\eXist-db\lib\jetty-server-9.4.26.v20200117.jar:C:\eXist-db\lib\jetty-servlet-9.4.26.v20200117.jar:C:\eXist-db\lib\jetty-util-9.4.26.v20200117.jar:C:\eXist-db\lib\jetty-webapp-9.4.26.v20200117.jar:C:\eXist-db\lib\jetty-xml-9.4.26.v20200117.jar:C:\eXist-db\lib\jhighlight-1.0.3.jar:C:\eXist-db\lib\jing-20151127.jar:C:\eXist-db\lib\jline-3.13.3.jar:C:\eXist-db\lib\jmatio-1.5.jar:C:\eXist-db\lib\jna-5.5.0.jar:C:\eXist-db\lib\joda-time-2.2.jar:C:\eXist-db\lib\json-simple-1.1.1.jar:C:\eXist-db\lib\jsoup-1.12.1.jar:C:\eXist-db\lib\jsr108-0.01.jar:C:\eXist-db\lib\jsr305-3.0.2.jar:C:\eXist-db\lib\jts-1.8.jar:C:\eXist-db\lib\jul-to-slf4j-1.7.28.jar:C:\eXist-db\lib\junit-4.13.jar:C:\eXist-db\lib\juniversalchardet-1.0.3.jar:C:\eXist-db\lib\junrar-4.0.0.jar:C:\eXist-db\lib\listenablefuture-9999.0-empty-to-avoid-conflict-with-guava.jar:C:\eXist-db\lib\log4j-api-2.13.0.jar:C:\eXist-db\lib\log4j-core-2.13.0.jar:C:\eXist-db\lib\log4j-jcl-2.13.0.jar:C:\eXist-db\lib\log4j-jul-2.13.0.jar:C:\eXist-db\lib\log4j-slf4j-impl-2.13.0.jar:C:\eXist-db\lib\lucene-analyzers-common-4.10.4.jar:C:\eXist-db\lib\lucene-analyzers-icu-4.10.4.jar:C:\eXist-db\lib\lucene-core-4.10.4.jar:C:\eXist-db\lib\lucene-facet-4.10.4.jar:C:\eXist-db\lib\lucene-queries-4.10.4.jar:C:\eXist-db\lib\lucene-queryparser-4.10.4.jar:C:\eXist-db\lib\lucene-sandbox-4.10.4.jar:C:\eXist-db\lib\lz4-java-1.7.1.jar:C:\eXist-db\lib\mchange-commons-java-0.2.15.jar:C:\eXist-db\lib\metadata-extractor-2.11.0.jar:C:\eXist-db\lib\milton-api-1.8.1.3.jar:C:\eXist-db\lib\milton-servlet-1.8.1.3.jar:C:\eXist-db\lib\mime-util-2.1.3.jar:C:\eXist-db\lib\multilock-1.0.1.jar:C:\eXist-db\lib\nekohtml-1.9.22.jar:C:\eXist-db\lib\netcdf4-4.5.5.jar:C:\eXist-db\lib\openjson-1.0.11.jar:C:\eXist-db\lib\opennlp-tools-1.9.1.jar:C:\eXist-db\lib\parso-2.0.11.jar:C:\eXist-db\lib\pdfbox-2.0.17.jar:C:\eXist-db\lib\pdfbox-tools-2.0.17.jar:C:\eXist-db\lib\pkg-java-1.4.2.jar:C:\eXist-db\lib\plexus-utils-3.2.0.jar:C:\eXist-db\lib\poi-4.1.1.jar:C:\eXist-db\lib\poi-ooxml-4.1.1.jar:C:\eXist-db\lib\poi-ooxml-schemas-4.1.1.jar:C:\eXist-db\lib\poi-scratchpad-4.1.1.jar:C:\eXist-db\lib\protobuf-java-3.11.0.jar:C:\eXist-db\lib\qdox-1.12.jar:C:\eXist-db\lib\quartz-2.3.2.jar:C:\eXist-db\lib\rome-1.12.2.jar:C:\eXist-db\lib\rome-utils-1.12.2.jar:C:\eXist-db\lib\rsyntaxtextarea-3.0.8.jar:C:\eXist-db\lib\sentiment-analysis-parser-0.1.jar:C:\eXist-db\lib\serializer-2.7.2.jar:C:\eXist-db\lib\servlet-api-2.2.jar:C:\eXist-db\lib\sis-feature-1.0.jar:C:\eXist-db\lib\sis-metadata-1.0.jar:C:\eXist-db\lib\sis-netcdf-1.0.jar:C:\eXist-db\lib\sis-referencing-1.0.jar:C:\eXist-db\lib\sis-storage-1.0.jar:C:\eXist-db\lib\sis-utility-1.0.jar:C:\eXist-db\lib\slf4j-api-1.7.30.jar:C:\eXist-db\lib\spring-2.5.6.jar:C:\eXist-db\lib\spring-beans-2.5.6.jar:C:\eXist-db\lib\spring-context-2.5.6.jar:C:\eXist-db\lib\spring-context-support-2.5.6.jar:C:\eXist-db\lib\spring-core-2.5.6.jar:C:\eXist-db\lib\spring-web-2.5.6.jar:C:\eXist-db\lib\spring-webmvc-2.5.6.jar:C:\eXist-db\lib\stax-1.1.1-dev.jar:C:\eXist-db\lib\stax-api-1.0.1.jar:C:\eXist-db\lib\stax-ex-1.8.jar:C:\eXist-db\lib\stax-utils-20060502.jar:C:\eXist-db\lib\stax2-api-3.1.4.jar:C:\eXist-db\lib\stringtemplate-3.0.jar:C:\eXist-db\lib\tagsoup-1.2.1.jar:C:\eXist-db\lib\tika-core-1.23.jar:C:\eXist-db\lib\tika-parsers-1.23.jar:C:\eXist-db\lib\tools-java-0.3.0.jar:C:\eXist-db\lib\txw2-2.3.1.jar:C:\eXist-db\lib\udunits-4.5.5.jar:C:\eXist-db\lib\unit-api-1.0.jar:C:\eXist-db\lib\vecmath-1.3.1.jar:C:\eXist-db\lib\vorbis-java-core-0.8.jar:C:\eXist-db\lib\vorbis-java-tika-0.8.jar:C:\eXist-db\lib\websocket-api-9.4.26.v20200117.jar:C:\eXist-db\lib\websocket-client-9.4.26.v20200117.jar:C:\eXist-db\lib\websocket-common-9.4.26.v20200117.jar:C:\eXist-db\lib\websocket-server-9.4.26.v20200117.jar:C:\eXist-db\lib\websocket-servlet-9.4.26.v20200117.jar:C:\eXist-db\lib\woodstox-core-5.0.3.jar:C:\eXist-db\lib\ws-commons-util-1.0.2.jar:C:\eXist-db\lib\xalan-2.7.2.jar:C:\eXist-db\lib\xercesImpl-2.12.1-xml-schema-1.1.jar:C:\eXist-db\lib\xml-apis-1.4.01.jar:C:\eXist-db\lib\xml-apis-ext-1.3.04.jar:C:\eXist-db\lib\xml-resolver-1.2.jar:C:\eXist-db\lib\xmlbeans-3.1.0.jar:C:\eXist-db\lib\xmldb-api-1.7.0.jar:C:\eXist-db\lib\xmlgraphics-commons-2.4.jar:C:\eXist-db\lib\xmlrpc-client-3.1.3.jar:C:\eXist-db\lib\xmlrpc-common-3.1.3.jar:C:\eXist-db\lib\xmlrpc-server-3.1.3.jar:C:\eXist-db\lib\xmlschema-core-2.2.4.jar:C:\eXist-db\lib\xmlunit-core-2.6.3.jar:C:\eXist-db\lib\xmpcore-5.1.3.jar:C:\eXist-db\lib\xpath2-1.2.0.jar:C:\eXist-db\lib\xqdoc-conversion-1.6.jar:C:\eXist-db\lib\xqjapi-1.0-fr.jar:C:\eXist-db\lib\xz-1.8.jar:..\..\..\Desktop\lib\exist-xqj-1.0.1.jar:..\..\..\Desktop\lib\exist-xqj-examples.jar:..\..\..\Desktop\lib\xqj2-0.0.1.jar:..\..\..\Desktop\lib\xqjapi.jar:build/classes" />
    <property name="built-jar.properties" value="C:\Users\Usuario\Documents\NetBeansProjects\FutbolXMLNATIVA\build\built-jar.properties" />
    <property name="ant.project.name" value="FutbolXMLNATIVA" />
    <property name="file.reference.fop-core-2.4.jar" value="C:\eXist-db\lib\fop-core-2.4.jar" />
    <property name="file.reference.http-client-java-1.2.2.jar" value="C:\eXist-db\lib\http-client-java-1.2.2.jar" />
    <property name="file.reference.exist-security-iprange-5.2.0.jar" value="C:\eXist-db\lib\exist-security-iprange-5.2.0.jar" />
    <property name="libs.PostgreSQLDriver.javadoc" value="" />
    <property name="file.reference.lucene-queryparser-4.10.4.jar" value="C:\eXist-db\lib\lucene-queryparser-4.10.4.jar" />
    <property name="libs.jsp-compilation-syscp.classpath" value="C:\Program Files\NetBeans 8.2\extide\ant\lib\ant.jar;C:\Users\Usuario\AppData\Roaming\NetBeans\8.2\modules\ext\servlet3.1-jsp2.3-api.jar;C:\Users\Usuario\AppData\Roaming\NetBeans\8.2\modules\ext\glassfish-jspparser-4.0.jar;C:\Users\Usuario\AppData\Roaming\NetBeans\8.2\modules\ext\jstl-impl.jar;C:\Users\Usuario\AppData\Roaming\NetBeans\8.2\modules\ext\jsf-2_2\javax.faces.jar" />
    <property name="libs.jsp-compiler.src" value="" />
    <property name="file.reference.websocket-common-9.4.26.v20200117.jar" value="C:\eXist-db\lib\websocket-common-9.4.26.v20200117.jar" />
    <property name="libs.javaee-endorsed-api-6.0.maven-pom" value="" />
    <property name="file.reference.commons-fileupload-1.4.jar" value="C:\eXist-db\lib\commons-fileupload-1.4.jar" />
    <property name="file.reference.xercesImpl-2.12.1-xml-schema-1.1.jar" value="C:\eXist-db\lib\xercesImpl-2.12.1-xml-schema-1.1.jar" />
    <property name="file.reference.java-uuid-generator-3.2.0.jar" value="C:\eXist-db\lib\java-uuid-generator-3.2.0.jar" />
    <property name="file.reference.jai-imageio-core-1.4.0.jar" value="C:\eXist-db\lib\jai-imageio-core-1.4.0.jar" />
    <property name="file.reference.junrar-4.0.0.jar" value="C:\eXist-db\lib\junrar-4.0.0.jar" />
    <property name="file.reference.joda-time-2.2.jar" value="C:\eXist-db\lib\joda-time-2.2.jar" />
    <property name="file.reference.caffeine-2.8.1.jar" value="C:\eXist-db\lib\caffeine-2.8.1.jar" />
    <property name="file.reference.stax-1.1.1-dev.jar" value="C:\eXist-db\lib\stax-1.1.1-dev.jar" />
    <property name="netbeans.default_userdir_root" value="C:\Users\Usuario\AppData\Roaming\NetBeans" />
    <property name="javadoc.encoding.used" value="UTF-8" />
    <property name="javadoc.notree" value="false" />
    <property name="sun.boot.class.path" value="C:\Program Files\Java\jdk1.8.0_111\jre\lib\resources.jar;C:\Program Files\Java\jdk1.8.0_111\jre\lib\rt.jar;C:\Program Files\Java\jdk1.8.0_111\jre\lib\sunrsasign.jar;C:\Program Files\Java\jdk1.8.0_111\jre\lib\jsse.jar;C:\Program Files\Java\jdk1.8.0_111\jre\lib\jce.jar;C:\Program Files\Java\jdk1.8.0_111\jre\lib\charsets.jar;C:\Program Files\Java\jdk1.8.0_111\jre\lib\jfr.jar;C:\Program Files\Java\jdk1.8.0_111\jre\classes" />
    <property name="build.sysclasspath" value="ignore" />
    <property name="libs.JWSAntTasks.src" value="" />
    <property name="file.reference.jmatio-1.5.jar" value="C:\eXist-db\lib\jmatio-1.5.jar" />
    <property name="netbeans.autoupdate.variant" value="" />
    <property name="sun.jnu.encoding" value="Cp1252" />
    <property name="nb.junit.batch" value="true" />
    <property name="libs.struts.javadoc" value="C:\Users\Usuario\AppData\Roaming\NetBeans\8.2\docs\struts-1.3.10-javadoc.zip" />
    <property name="file.reference.exist-expath-5.2.0.jar" value="C:\eXist-db\lib\exist-expath-5.2.0.jar" />
    <property name="file.reference.sis-utility-1.0.jar" value="C:\eXist-db\lib\sis-utility-1.0.jar" />
    <property name="sun.awt.keepWorkingSetOnMinimize" value="true" />
    <property name="libs.jpa20-persistence.src" value="" />
    <property name="javadoc.additionalparam" value="" />
    <property name="file.reference.exquery-serialization-annotations-api-0.1.35.jar" value="C:\eXist-db\lib\exquery-serialization-annotations-api-0.1.35.jar" />
    <property name="source.encoding" value="UTF-8" />
    <property name="libs.hibernate4-persistence.javadoc" value="C:\Program Files\NetBeans 8.2\java\modules\ext\docs\javax.persistence-2.1.0-doc.zip" />
    <property name="libs.jsf12.classpath" value="C:\Users\Usuario\AppData\Roaming\NetBeans\8.2\modules\ext\jsf-1_2\commons-beanutils.jar;C:\Users\Usuario\AppData\Roaming\NetBeans\8.2\modules\ext\jsf-1_2\commons-collections.jar;C:\Users\Usuario\AppData\Roaming\NetBeans\8.2\modules\ext\jsf-1_2\commons-digester.jar;C:\Users\Usuario\AppData\Roaming\NetBeans\8.2\modules\ext\jsf-1_2\commons-logging.jar;C:\Users\Usuario\AppData\Roaming\NetBeans\8.2\modules\ext\jsf-1_2\jsf-api.jar;C:\Users\Usuario\AppData\Roaming\NetBeans\8.2\modules\ext\jsf-1_2\jsf-impl.jar" />
    <property name="file.reference.failureaccess-1.0.1.jar" value="C:\eXist-db\lib\failureaccess-1.0.1.jar" />
    <property name="file.reference.txw2-2.3.1.jar" value="C:\eXist-db\lib\txw2-2.3.1.jar" />
    <property name="file.reference.javax.websocket-api-1.0.jar" value="C:\eXist-db\lib\javax.websocket-api-1.0.jar" />
    <property name="file.reference.error_prone_annotations-2.3.4.jar" value="C:\eXist-db\lib\error_prone_annotations-2.3.4.jar" />
    <property name="sun.java.command" value="org.apache.tools.ant.taskdefs.optional.junit.JUnitTestRunner Pruebas.Test3 skipNonTests=false filtertrace=true haltOnError=false haltOnFailure=false showoutput=true outputtoformatters=true logfailedtests=true threadid=0 logtestlistenerevents=true formatter=org.apache.tools.ant.taskdefs.optional.junit.BriefJUnitResultFormatter formatter=org.apache.tools.ant.taskdefs.optional.junit.XMLJUnitResultFormatter,C:\Users\Usuario\Documents\NetBeansProjects\FutbolXMLNATIVA\build\test\results\TEST-Pruebas.Test3.xml crashfile=C:\Users\Usuario\Documents\NetBeansProjects\FutbolXMLNATIVA\build\junitvmwatcher6088394092863796658.properties propsfile=C:\Users\Usuario\Documents\NetBeansProjects\FutbolXMLNATIVA\build\junit6826878183066509528.properties" />
    <property name="libs.jsp-compilation-syscp.src" value="" />
    <property name="file.reference.gt2-referencing-2.4.5.jar" value="C:\eXist-db\lib\gt2-referencing-2.4.5.jar" />
    <property name="file.reference.mchange-commons-java-0.2.15.jar" value="C:\eXist-db\lib\mchange-commons-java-0.2.15.jar" />
    <property name="library.jansi.path" value="C:\Users\Usuario\.gradle\native\jansi\1.17.1\windows64" />
    <property name="file.reference.istack-commons-runtime-3.0.7.jar" value="C:\eXist-db\lib\istack-commons-runtime-3.0.7.jar" />
    <property name="nb.junit.single" value="false" />
    <property name="do.archive+manifest.available" value="true" />
    <property name="file.reference.jetty-plus-9.4.26.v20200117.jar" value="C:\eXist-db\lib\jetty-plus-9.4.26.v20200117.jar" />
    <property name="file.reference.xqdoc-conversion-1.6.jar" value="C:\eXist-db\lib\xqdoc-conversion-1.6.jar" />
    <property name="libs.jpa2-persistence.src" value="" />
    <property name="file.reference.appassembler-booter-2.1.0.jar" value="C:\eXist-db\lib\appassembler-booter-2.1.0.jar" />
    <property name="file.reference.cxf-rt-security-3.3.4.jar" value="C:\eXist-db\lib\cxf-rt-security-3.3.4.jar" />
    <property name="test.binaryexcludes" value="" />
    <property name="file.reference.jdom-1.0.jar" value="C:\eXist-db\lib\jdom-1.0.jar" />
    <property name="file.reference.jetty-webapp-9.4.26.v20200117.jar" value="C:\eXist-db\lib\jetty-webapp-9.4.26.v20200117.jar" />
    <property name="libs.jpa2-persistence.javadoc" value="C:\Program Files\NetBeans 8.2\java\modules\ext\docs\javax.persistence-2.1.0-doc.zip" />
    <property name="file.reference.batik-transcoder-1.12.jar" value="C:\eXist-db\lib\batik-transcoder-1.12.jar" />
    <property name="application.args" value="" />
    <property name="libs.javaee-api-6.0.src" value="" />
    <property name="file.reference.jts-1.8.jar" value="C:\eXist-db\lib\jts-1.8.jar" />
    <property name="file.reference.milton-api-1.8.1.3.jar" value="C:\eXist-db\lib\milton-api-1.8.1.3.jar" />
    <property name="main.class" value="Vista.VistaFutbol" />
    <property name="file.reference.jsr108-0.01.jar" value="C:\eXist-db\lib\jsr108-0.01.jar" />
    <property name="platform.active" value="default_platform" />
    <property name="file.reference.log4j-jcl-2.13.0.jar" value="C:\eXist-db\lib\log4j-jcl-2.13.0.jar" />
    <property name="libs.jaxws21.classpath" value="C:\Program Files\NetBeans 8.2\ide\modules\ext\jaxb\jaxb-impl.jar;C:\Program Files\NetBeans 8.2\ide\modules\ext\jaxb\jaxb-xjc.jar;C:\Program Files\NetBeans 8.2\java\modules\ext\jaxws22\FastInfoset.jar;C:\Program Files\NetBeans 8.2\java\modules\ext\jaxws22\gmbal-api-only.jar;C:\Program Files\NetBeans 8.2\java\modules\ext\jaxws22\ha-api.jar;C:\Program Files\NetBeans 8.2\java\modules\ext\jaxws22\javax.mail_1.4.jar;C:\Program Files\NetBeans 8.2\java\modules\ext\jaxws22\jaxws-rt.jar;C:\Program Files\NetBeans 8.2\java\modules\ext\jaxws22\jaxws-tools.jar;C:\Program Files\NetBeans 8.2\java\modules\ext\jaxws22\management-api.jar;C:\Program Files\NetBeans 8.2\java\modules\ext\jaxws22\mimepull.jar;C:\Program Files\NetBeans 8.2\java\modules\ext\jaxws22\policy.jar;C:\Program Files\NetBeans 8.2\java\modules\ext\jaxws22\saaj-impl.jar;C:\Program Files\NetBeans 8.2\java\modules\ext\jaxws22\stax-ex.jar;C:\Program Files\NetBeans 8.2\java\modules\ext\jaxws22\stax2-api.jar;C:\Program Files\NetBeans 8.2\java\modules\ext\jaxws22\streambuffer.jar;C:\Program Files\NetBeans 8.2\java\modules\ext\jaxws22\woodstox-core-asl.jar;C:\Program Files\NetBeans 8.2\java\modules\ext\jaxws22\api\jaxws-api.jar;C:\Program Files\NetBeans 8.2\java\modules\ext\jaxws22\api\jsr181-api.jar;C:\Program Files\NetBeans 8.2\java\modules\ext\jaxws22\api\javax.annotation.jar;C:\Program Files\NetBeans 8.2\java\modules\ext\jaxws22\api\saaj-api.jar;C:\Program Files\NetBeans 8.2\ide\modules\ext\jaxb\activation.jar;C:\Program Files\NetBeans 8.2\ide\modules\ext\jaxb\api\jaxb-api.jar;C:\Program Files\NetBeans 8.2\ide\modules\ext\jaxb\api\jsr173_1.0_api.jar" />
    <property name="file.reference.commons-lang3-3.9.jar" value="C:\eXist-db\lib\commons-lang3-3.9.jar" />
    <property name="libs.JWSAntTasks.classpath" value="C:\Program Files\NetBeans 8.2\java\ant\extra\org-netbeans-modules-javawebstart-anttasks.jar" />
    <property name="file.reference.hsqldb-2.5.0.jar" value="C:\eXist-db\lib\hsqldb-2.5.0.jar" />
    <property name="file.encoding.pkg" value="sun.io" />
    <property name="libs.javac-api.src" value="" />
    <property name="jar.index.metainf" value="false" />
    <property name="java.awt.printerjob" value="sun.awt.windows.WPrinterJob" />
    <property name="file.reference.exist-security-ldap-5.2.0.jar" value="C:\eXist-db\lib\exist-security-ldap-5.2.0.jar" />
    <property name="netbeans.hash.code" value="unique=NBJDK_EXTIDE_JAVA_JDK0acec352c-dbc1-4fe0-9d87-3beb8cd14b8a_ac0f2f61-eae1-47c7-b1b6-7a8d627912a1" />
    <property name="debug-transport" value="dt_shmem" />
    <property name="manifest.file" value="manifest.mf" />
    <property name="jdkBug6558476" value="false" />
    <property name="netbeans.importclass" value="org.netbeans.upgrade.AutoUpgrade" />
    <property name="libs.jsp-compilation.maven-pom" value="" />
    <property name="file.reference.batik-anim-1.12.jar" value="C:\eXist-db\lib\batik-anim-1.12.jar" />
    <property name="file.reference.httpclient-4.5.11.jar" value="C:\eXist-db\lib\httpclient-4.5.11.jar" />
    <property name="file.reference.geoapi-3.0.1.jar" value="C:\eXist-db\lib\geoapi-3.0.1.jar" />
    <property name="file.reference.commons-codec-1.14.jar" value="C:\eXist-db\lib\commons-codec-1.14.jar" />
    <property name="libs.hibernate4-support.classpath" value="C:\Program Files\NetBeans 8.2\java\modules\ext\hibernate4\antlr-2.7.7.jar;C:\Program Files\NetBeans 8.2\java\modules\ext\hibernate4\c3p0-0.9.2.1.jar;C:\Program Files\NetBeans 8.2\java\modules\ext\hibernate4\hibernate-c3p0-4.3.1.Final.jar;C:\Program Files\NetBeans 8.2\java\modules\ext\hibernate4\mchange-commons-java-0.2.3.4.jar;C:\Program Files\NetBeans 8.2\java\modules\ext\hibernate4\dom4j-1.6.1.jar;C:\Program Files\NetBeans 8.2\java\modules\ext\hibernate4\ehcache-core-2.4.3.jar;C:\Program Files\NetBeans 8.2\java\modules\ext\hibernate4\hibernate-ehcache-4.3.1.Final.jar;C:\Program Files\NetBeans 8.2\java\modules\ext\hibernate4\hibernate-core-4.3.1.Final.jar;C:\Program Files\NetBeans 8.2\java\modules\ext\hibernate4\jboss-logging-3.1.3.GA.jar;C:\Program Files\NetBeans 8.2\java\modules\ext\hibernate4\hibernate-commons-annotations-4.0.4.Final.jar;C:\Program Files\NetBeans 8.2\java\modules\ext\hibernate4\hibernate-entitymanager-4.3.1.Final.jar;C:\Program Files\NetBeans 8.2\java\modules\ext\hibernate4\javassist-3.18.1-GA.jar;C:\Program Files\NetBeans 8.2\java\modules\ext\hibernate4\jboss-transaction-api_1.2_spec-1.0.0.Final.jar;C:\Program Files\NetBeans 8.2\java\modules\ext\hibernate4\slf4j-api-1.6.1.jar;C:\Program Files\NetBeans 8.2\java\modules\ext\hibernate4\slf4j-simple-1.6.1.jar" />
    <property name="have.sources" value="true" />
    <property name="file.reference.bcpkix-jdk15on-1.64.jar" value="C:\eXist-db\lib\bcpkix-jdk15on-1.64.jar" />
    <property name="os.arch" value="amd64" />
    <property name="file.reference.jetty-http-9.4.26.v20200117.jar" value="C:\eXist-db\lib\jetty-http-9.4.26.v20200117.jar" />
    <property name="libs.struts.src" value="" />
    <property name="file.reference.xmlrpc-common-3.1.3.jar" value="C:\eXist-db\lib\xmlrpc-common-3.1.3.jar" />
    <property name="file.reference.jul-to-slf4j-1.7.28.jar" value="C:\eXist-db\lib\jul-to-slf4j-1.7.28.jar" />
    <property name="libs.CopyLibs.src" value="" />
    <property name="file.reference.jackson-databind-2.10.1.jar" value="C:\eXist-db\lib\jackson-databind-2.10.1.jar" />
    <property name="java.vm.name" value="Java HotSpot(TM) 64-Bit Server VM" />
    <property name="libs.javaee-api-5.0.maven-pom" value="" />
    <property name="file.reference.httpmime-4.5.11.jar" value="C:\eXist-db\lib\httpmime-4.5.11.jar" />
    <property name="default.javac.source" value="1.8" />
    <property name="file.reference.jcip-annotations-1.0.jar" value="C:\eXist-db\lib\jcip-annotations-1.0.jar" />
    <property name="java.library.path" value="C:\Program Files\Java\jdk1.8.0_111\jre\bin;C:\WINDOWS\Sun\Java\bin;C:\WINDOWS\system32;C:\WINDOWS;C:\ProgramData\Oracle\Java\javapath;C:\oraclexe\app\oracle\product\11.2.0\server\bin;C:\Program Files (x86)\Common Files\Oracle\Java\javapath;C:\WINDOWS\system32;C:\WINDOWS;C:\WINDOWS\System32\Wbem;C:\WINDOWS\System32\WindowsPowerShell\v1.0\;C:\Program Files\Intel\WiFi\bin\;C:\Program Files\Common Files\Intel\WirelessCommon\;C:\WINDOWS\System32\OpenSSH\;C:\Program Files\Git\cmd;C:\Program Files (x86)\BaseX\bin;C:\Program Files\dotnet\;C:\Program Files\Microsoft SQL Server\130\Tools\Binn\;C:\Program Files\MySQL\MySQL Shell 8.0\bin\;." />
    <property name="file.reference.jcl-over-slf4j-1.7.28.jar" value="C:\eXist-db\lib\jcl-over-slf4j-1.7.28.jar" />
    <property name="java.vm.specification.vendor" value="Oracle Corporation" />
    <property name="javac.profile.cmd.line.arg" value="" />
    <property name="file.reference.spring-webmvc-2.5.6.jar" value="C:\eXist-db\lib\spring-webmvc-2.5.6.jar" />
    <property name="file.reference.protobuf-java-3.11.0.jar" value="C:\eXist-db\lib\protobuf-java-3.11.0.jar" />
    <property name="libs.jpa2-persistence.classpath" value="C:\Program Files\NetBeans 8.2\java\modules\ext\hibernate4\hibernate-jpa-2.1-api-1.0.0.Final.jar" />
    <property name="libs.junit_4.maven-pom" value="" />
    <property name="file.reference.exist-security-activedirectory-5.2.0.jar" value="C:\eXist-db\lib\exist-security-activedirectory-5.2.0.jar" />
    <property name="basedir" value="C:\Users\Usuario\Documents\NetBeansProjects\FutbolXMLNATIVA" />
    <property name="libs.primefaces.maven-pom" value="" />
    <property name="file.reference.httpcore-4.4.13.jar" value="C:\eXist-db\lib\httpcore-4.4.13.jar" />
    <property name="file.reference.jetty-jaas-9.4.26.v20200117.jar" value="C:\eXist-db\lib\jetty-jaas-9.4.26.v20200117.jar" />
    <property name="libs.javaee-api-6.0.maven-pom" value="" />
    <property name="file.reference.Saxon-HE-9.9.1-6.jar" value="C:\eXist-db\lib\Saxon-HE-9.9.1-6.jar" />
    <property name="file.reference.geoapi-nogenerics-2.1.1.jar" value="C:\eXist-db\lib\geoapi-nogenerics-2.1.1.jar" />
    <property name="libs.jstl.maven-pom" value="" />
    <property name="java.vm.info" value="mixed mode" />
    <property name="file.reference.jetty-server-9.4.26.v20200117.jar" value="C:\eXist-db\lib\jetty-server-9.4.26.v20200117.jar" />
    <property name="jna.loaded" value="true" />
    <property name="glass.win.renderScale" value="100%" />
    <property name="file.reference.aspectjrt-1.9.4.jar" value="C:\eXist-db\lib\aspectjrt-1.9.4.jar" />
    <property name="java.vendor.url.bug" value="http://bugreport.sun.com/bugreport/" />
    <property name="file.reference.lucene-queries-4.10.4.jar" value="C:\eXist-db\lib\lucene-queries-4.10.4.jar" />
    <property name="includes" value="**" />
    <property name="main.class.available" value="true" />
    <property name="file.reference.exist-contentextraction-5.2.0.jar" value="C:\eXist-db\lib\exist-contentextraction-5.2.0.jar" />
    <property name="file.reference.parso-2.0.11.jar" value="C:\eXist-db\lib\parso-2.0.11.jar" />
    <property name="file.reference.pdfbox-tools-2.0.17.jar" value="C:\eXist-db\lib\pdfbox-tools-2.0.17.jar" />
    <property name="file.reference.grib-4.5.5.jar" value="C:\eXist-db\lib\grib-4.5.5.jar" />
    <property name="file.reference.boilerpipe-1.1.0.jar" value="C:\eXist-db\lib\boilerpipe-1.1.0.jar" />
    <property name="file.reference.antlr-3.0.jar" value="C:\eXist-db\lib\antlr-3.0.jar" />
    <property name="java.ext.dirs" value="C:\Program Files\Java\jdk1.8.0_111\jre\lib\ext;C:\WINDOWS\Sun\Java\lib\ext" />
    <property name="libs.hibernate4-persistence.maven-pom" value="" />
    <property name="path.separator" value=";" />
    <property name="have.tests" value="true" />
    <property name="dist.javadoc.dir" value="dist/javadoc" />
    <property name="libs.testng.maven-pom" value="" />
    <property name="file.separator" value="\" />
    <property name="file.reference.exquery-annotations-common-api-0.1.35.jar" value="C:\eXist-db\lib\exquery-annotations-common-api-0.1.35.jar" />
    <property name="file.reference.jbig2-imageio-3.0.2.jar" value="C:\eXist-db\lib\jbig2-imageio-3.0.2.jar" />
    <property name="libs.jaxb.classpath" value="C:\Program Files\NetBeans 8.2\ide\modules\ext\jaxb\jaxb-impl.jar;C:\Program Files\NetBeans 8.2\ide\modules\ext\jaxb\jaxb-xjc.jar;C:\Program Files\NetBeans 8.2\ide\modules\ext\jaxb\jaxb1-impl.jar;C:\Program Files\NetBeans 8.2\ide\modules\ext\jaxb\activation.jar;C:\Program Files\NetBeans 8.2\ide\modules\ext\jaxb\api\jaxb-api.jar;C:\Program Files\NetBeans 8.2\ide\modules\ext\jaxb\api\jsr173_1.0_api.jar" />
    <property name="awt.toolkit" value="sun.awt.windows.WToolkit" />
    <property name="file.reference.spring-beans-2.5.6.jar" value="C:\eXist-db\lib\spring-beans-2.5.6.jar" />
    <property name="file.reference.jetty-deploy-9.4.26.v20200117.jar" value="C:\eXist-db\lib\jetty-deploy-9.4.26.v20200117.jar" />
    <property name="file.reference.commons-configuration2-2.6.jar" value="C:\eXist-db\lib\commons-configuration2-2.6.jar" />
    <property name="apple.laf.useScreenMenuBar" value="true" />
    <property name="file.reference.httpservices-4.5.5.jar" value="C:\eXist-db\lib\httpservices-4.5.5.jar" />
    <property name="file.reference.javax.annotation-api-1.3.jar" value="C:\eXist-db\lib\javax.annotation-api-1.3.jar" />
    <property name="annotation.processing.run.all.processors" value="true" />
    <property name="file.reference.log4j-jul-2.13.0.jar" value="C:\eXist-db\lib\log4j-jul-2.13.0.jar" />
    <property name="libs.eclipselink.maven-pom" value="" />
    <property name="file.reference.stax2-api-3.1.4.jar" value="C:\eXist-db\lib\stax2-api-3.1.4.jar" />
    <property name="libs.javaee-api-5.0.javadoc" value="" />
    <property name="libs.javaee-api-5.0.src" value="" />
    <property name="file.reference.ehcache-core-2.6.2.jar" value="C:\eXist-db\lib\ehcache-core-2.6.2.jar" />
    <property name="file.reference.aopalliance-1.0.jar" value="C:\eXist-db\lib\aopalliance-1.0.jar" />
    <property name="libs.spring-framework400.javadoc" value="" />
    <property name="file.reference.jansi-1.18.jar" value="C:\eXist-db\lib\jansi-1.18.jar" />
    <property name="file.reference.sentiment-analysis-parser-0.1.jar" value="C:\eXist-db\lib\sentiment-analysis-parser-0.1.jar" />
    <property name="libs.swing-layout.classpath" value="C:\Program Files\NetBeans 8.2\platform\modules\ext\swing-layout-1.0.4.jar" />
    <property name="libs.spring-framework400.src" value="" />
    <property name="platform.java" value="C:\Program Files\Java\jdk1.8.0_111\jre/bin/java" />
    <property name="sun.java.launcher" value="SUN_STANDARD" />
    <property name="file.reference.batik-css-1.12.jar" value="C:\eXist-db\lib\batik-css-1.12.jar" />
  </properties>
  <testcase classname="Pruebas.Test3" name="guardarEquipos" time="0.005" />
  <system-out><![CDATA[]]></system-out>
  <system-err><![CDATA[]]></system-err>
</testsuite>
